12:35 DavidTheStarman: hello
12:35 iamthecaleb    : hax
12:35 DavidTheStarman: op
12:39 iamthecaleb    : ... why you do this?
12:39 DavidTheStarman: just looking around, seeing what you've done so far
12:46 iamthecaleb placed suspicious WATER_BUCKET @ world: x476, z722
14:18 iamthecaleb placed suspicious WATER_BUCKET @ world: x289, z678
15:50 iamthecaleb placed suspicious WATER_BUCKET @ world: x478, z740
16:41 iamthecaleb placed suspicious WATER_BUCKET @ world: x442, z570
16:41 iamthecaleb placed suspicious WATER_BUCKET @ world: x429, z537
16:46 iamthecaleb placed suspicious LAVA_BUCKET @ world: x452, z435
16:46 iamthecaleb placed suspicious WATER_BUCKET @ world: x452, z436
16:49 iamthecaleb placed suspicious LAVA_BUCKET @ world: x450, z437
16:49 iamthecaleb placed suspicious WATER_BUCKET @ world: x450, z437
17:37 iamthecaleb    : Anyone have any Flint?
17:37 vikingchainsaw : naw sry homie
20:22 Math0424       : rejoin and you can remove claims, ill fix creative now
21:16 iamthecaleb placed suspicious WATER_BUCKET @ world: x476, z747
21:20 iamthecaleb placed suspicious WATER_BUCKET @ world: x472, z747
21:21 iamthecaleb placed suspicious WATER_BUCKET @ world: x472, z747
23:53 Math0424  : fuck
23:53 Math0424  : uh
23:53 Math0424  : hmm
23:53 Math0424  : sluts
23:53 Math0424  : umm
23:53 Math0424  : is it not banned for me then
