00:01 Ghastslayer: h
00:03 cutepink2505: shit
00:03 Hallflower  : math is bad
00:03 cutepink2505: uwu
00:04 DavidTheStarman: crap
00:04 cutepink2505   : FUCK
00:04 Hallflower     : Motherfucker
00:04 DavidTheStarman: big fucking gun
00:04 cutepink2505   : retard
00:04 DavidTheStarman: Half Life 3 will never come
00:05 cutepink2505   : ****
00:06 cutepink2505   : hoe
00:09 Math0424       : LIBTARD
00:12 DavidTheStarman:  placed a sign @ world: x445, z553
  -===-
  Server
  Information
00:12 DavidTheStarman:  placed a sign @ world: x445, z545
  -===-
  Server
  Rules
00:13 DavidTheStarman:  placed a sign @ world: x444, z545
  All rules of the
  Discord server
  also apply on the
  Minecraft server.
00:14 DavidTheStarman:  placed a sign @ world: x444, z545
  All rules of the
  Discord server
  apply on this
  server
00:14 Math0424       : shite
00:14 cutepink2505   : shiates
00:14 Hallflower     : shiites
00:15 DavidTheStarman:  placed a sign @ world: x445, z545
  No SPAM
  FOULD LANGUAGE
  or BULLYING will
  be tolerated
00:15 cutepink2505   : porn
00:16 DavidTheStarman:  placed a sign @ world: x445, z545
  No spam, foul
  language, or
  bullying will be
  tolorated
00:16 DavidTheStarman:  placed a sign @ world: x446, z545
  Do not
  grief or damage
  builds. Do not
  steal items.
00:19 cutepink2505   : fortnit
00:20 cutepink2505   : fortnite
00:20 cutepink2505   :  placed a sign @ world: x440, z549
  IF YOU DON"T
  GIVE BREAD
  TO THE BREAD GOD
  YOU WILL DIE
01:54 Math0424  : ./firstjoinplus debug
