[01:18:34] [Server thread/INFO]: Starting minecraft server version 1.8.8
[01:18:34] [Server thread/INFO]: Loading properties
[01:18:34] [Server thread/INFO]: Default game type: ADVENTURE
[01:18:34] [Server thread/INFO]: This server is running CraftBukkit version git-PaperSpigot-"4c7641d" (MC: 1.8.8) (Implementing API version 1.8.8-R0.1-SNAPSHOT)
[01:18:35] [Server thread/INFO]: Spigot Timings: true - Verbose: true - Interval: 5m - Length: 60m
[01:18:35] [Server thread/INFO]: Server Ping Player Sample Count: 12
[01:18:35] [Server thread/INFO]: Using 4 threads for Netty based IO
[01:18:35] [Server thread/INFO]: Debug logging is disabled
[01:18:35] [Server thread/INFO]: Data value allowed items: 
[01:18:35] [Server thread/INFO]: Generating keypair
[01:18:35] [Server thread/INFO]: Starting Minecraft server on *:25564
[01:18:35] [Server thread/INFO]: Using epoll channel type
[01:18:35] [Server thread/INFO]: Set PluginClassLoader as parallel capable
[01:18:36] [Server thread/INFO]: [DisableJoinMessage] Loading DisableJoinMessage v1.0
[01:18:36] [Server thread/INFO]: [LuckPerms] Loading LuckPerms v5.0.72
[01:18:36] [Server thread/INFO]: [AdvancedBan] Loading AdvancedBan v2.1.8
[01:18:36] [Server thread/INFO]: [WorldEdit] Loading WorldEdit v6.1;no_git_id
[01:18:36] [Server thread/INFO]: [ViaVersion] Loading ViaVersion v2.2.3
[01:18:36] [Server thread/INFO]: [ViaVersion] ViaVersion 2.2.3 is now loaded, injecting!
[01:18:36] [Server thread/INFO]: [ViaVersion] Loading 1.12.2 -> 1.13 block mapping...
[01:18:36] [Server thread/INFO]: [ViaVersion] Loading 1.12.2 -> 1.13 item mapping...
[01:18:36] [Server thread/INFO]: [ViaVersion] Loading new 1.13 tags...
[01:18:36] [Server thread/INFO]: [ViaVersion] Loading 1.12.2 -> 1.13 enchantment mapping...
[01:18:36] [Server thread/INFO]: [ViaVersion] Loading 1.12.2 -> 1.13 sound mapping...
[01:18:36] [Server thread/INFO]: [ViaVersion] Loading translation mapping
[01:18:37] [Server thread/INFO]: [ViaVersion] Loading 1.13.2 -> 1.14 blockstate mapping...
[01:18:37] [Server thread/INFO]: [ViaVersion] Loading 1.13.2 -> 1.14 block mapping...
[01:18:37] [Server thread/INFO]: [ViaVersion] Loading 1.13.2 -> 1.14 item mapping...
[01:18:37] [Server thread/INFO]: [ViaVersion] Loading 1.13.2 -> 1.14 sound mapping...
[01:18:37] [Server thread/INFO]: [ViaVersion] Loading 1.14 blockstates...
[01:18:37] [Server thread/INFO]: [ViaVersion] Loading 1.14 heightmap data...
[01:18:38] [Server thread/INFO]: [ViaVersion] Loading 1.14.4 -> 1.15 blockstate mapping...
[01:18:39] [Server thread/INFO]: [ViaVersion] Loading 1.14.4 -> 1.15 block mapping...
[01:18:39] [Server thread/INFO]: [ViaVersion] Loading 1.14.4 -> 1.15 item mapping...
[01:18:39] [Server thread/INFO]: [ViaVersion] Loading 1.14.4 -> 1.15 sound mapping...
[01:18:39] [Server thread/INFO]: [Plan] Loading Plan v5.1 build 505
[01:18:39] [Server thread/INFO]: [BungeeTabListPlus] Loading BungeeTabListPlus v3.2.0
[01:18:39] [Server thread/INFO]: [WorldGuard] Loading WorldGuard v6.1
[01:18:39] [Server thread/INFO]: [SkyWars] Loading SkyWars v2.2.2
[01:18:39] [Server thread/INFO]: [BungeePortals] Loading BungeePortals v1.2
[01:18:39] [Server thread/INFO]: [LuckPerms] Enabling LuckPerms v5.0.72
[01:18:39] [Server thread/INFO]: [0;36;1m       [0;36;22m __    [m
[01:18:39] [Server thread/INFO]: [0;36;1m  |    [0;36;22m|__)   [0;32;22mLuckPerms [0;36;1mv5.0.72[m
[01:18:39] [Server thread/INFO]: [0;36;1m  |___ [0;36;22m|      [0;30;1mRunning on Bukkit - CraftBukkit[m
[01:18:39] [Server thread/INFO]: [m
[01:18:39] [Server thread/INFO]: [LuckPerms] Loading configuration...
[01:18:39] [Server thread/INFO]: [LuckPerms] Loading storage provider... [MYSQL]
[01:18:39] [Server thread/WARN]: [Server thread] INFO me.lucko.luckperms.lib.hikari.HikariDataSource - luckperms-hikari - Starting...
[01:18:39] [Server thread/WARN]: [Server thread] INFO me.lucko.luckperms.lib.hikari.HikariDataSource - luckperms-hikari - Start completed.
[01:18:40] [Server thread/INFO]: [LuckPerms] Loading messaging service... [SQL]
[01:18:41] [Server thread/INFO]: [LuckPerms] Loading internal permission managers...
[01:18:41] [Server thread/INFO]: [LuckPerms] Performing initial data load...
[01:18:41] [Server thread/INFO]: [LuckPerms] Successfully enabled. (took 2507ms)
[01:18:41] [Server thread/WARN]: **** SERVER IS RUNNING IN OFFLINE/INSECURE MODE!
[01:18:41] [Server thread/WARN]: The server will make no attempt to authenticate usernames. Beware.
[01:18:41] [Server thread/WARN]: Whilst this makes it possible to use BungeeCord, unless access to your server is properly restricted, it also opens up the ability for hackers to connect with any username they choose.
[01:18:41] [Server thread/WARN]: Please see http://www.spigotmc.org/wiki/firewall-guide/ for further information.
[01:18:41] [Server thread/WARN]: To change this, set "online-mode" to "true" in the server.properties file.
[01:18:41] [Server thread/INFO]: **** Beginning UUID conversion, this may take A LONG time ****
[01:18:41] [Server thread/INFO]: Preparing level "world"
[01:18:42] [Server thread/INFO]: Preparing start region for level 0 (Seed: -8433018437168962804)
[01:18:42] [Server thread/INFO]: Preparing start region for level 1 (Seed: 7373477650408873709)
[01:18:42] [Server thread/INFO]: [DisableJoinMessage] Enabling DisableJoinMessage v1.0
[01:18:42] [Server thread/INFO]: §c===================================
[01:18:42] [Server thread/INFO]: §c===================================
[01:18:42] [Server thread/INFO]: §aCheck out my other Plugins!
[01:18:42] [Server thread/INFO]: §aI also sell a BedWars §aPlugin!
[01:18:42] [Server thread/INFO]: §c===================================
[01:18:42] [Server thread/INFO]: §c===================================
[01:18:42] [Server thread/INFO]: [AdvancedBan] Enabling AdvancedBan v2.1.8
[01:18:43] [Server thread/INFO]: 
 
[0;30;1m[]=====[[0;37;22mEnabling AdvancedBan[0;30;1m]=====[]
[0;30;1m| [0;31;1mInformation:
[0;30;1m|   [0;31;1mName: [0;37;22mAdvancedBan
[0;30;1m|   [0;31;1mDeveloper: [0;37;22mLeoko
[0;30;1m|   [0;31;1mVersion: [0;37;22m2.1.8
[0;30;1m|   [0;31;1mStorage: [0;37;22mMySQL (external)
[0;30;1m| [0;31;1mSupport:
[0;30;1m|   [0;31;1mGithub: [0;37;22mhttps://github.com/DevLeoko/AdvancedBan/issues
[0;30;1m|   [0;31;1mDiscord: [0;37;22mhttps://discord.gg/ycDG6rS
[0;30;1m| [0;31;1mTwitter: [0;37;22m@LeokoGar
[0;30;1m| [0;31;1mUpdate:
[0;30;1m|   [0;37;22mYou have the newest version
[0;30;1m[]================================[][m
 [m
[01:18:43] [Server thread/INFO]: [WorldEdit] Enabling WorldEdit v6.1;no_git_id
[01:18:44] [Server thread/INFO]: WEPIF: Using the Bukkit Permissions API.
[01:18:44] [Server thread/INFO]: [WorldEdit] Using com.sk89q.worldedit.bukkit.adapter.impl.Spigot_v1_8_R3 as the Bukkit adapter
[01:18:44] [Server thread/INFO]: [ViaVersion] Enabling ViaVersion v2.2.3
[01:18:44] [Server thread/INFO]: [Plan] Enabling Plan v5.1 build 505
[01:18:44] [Server thread/INFO]: [m
[01:18:44] [Server thread/INFO]: [0;32;22m           ██▌[m
[01:18:44] [Server thread/INFO]: [0;32;22m     ██▌   ██▌[m
[01:18:44] [Server thread/INFO]: [0;32;22m  ██▌██▌██▌██▌  [0;32;22mPlayer Analytics[m
[01:18:44] [Server thread/INFO]: [0;32;22m  ██▌██▌██▌██▌  [0;37;1mv5.1 build 505[m
[01:18:44] [Server thread/INFO]: [m
[01:18:44] [Server thread/INFO]: [Plan] Locale: 'English' by Rsl1122
[01:18:44] [Server thread/INFO]: [Plan] You're using the latest version.
[01:18:44] [Server thread/INFO]: [Plan] MySQL-database connection established.
[01:18:44] [Server thread/WARN]: [Plan] WebServer was not initialized. (WebServer.DisableWebServer: true)
[01:18:45] [Plan Non critical-pool-2/INFO]: [Plan] Proxy server detected in the database - Proxy Webserver address is 'http://73.208.230.243:8804'.
[01:18:45] [Server thread/INFO]: [Plan] Registered extension: AdvancedBan
[01:18:45] [Server thread/INFO]: [Plan] Registered extension: LuckPerms
[01:18:45] [Server thread/INFO]: [Plan] Registered extension: ViaVersion
[01:18:45] [Server thread/INFO]: [Plan] Player Analytics Enabled. (1166 ms)
[01:18:45] [Server thread/INFO]: [BungeeTabListPlus] Enabling BungeeTabListPlus v3.2.0
[01:18:45] [Server thread/INFO]: [WorldGuard] Enabling WorldGuard v6.1
[01:18:45] [Server thread/INFO]: [WorldGuard] (world) TNT ignition is PERMITTED.
[01:18:45] [Server thread/INFO]: [WorldGuard] (world) Lighters are PERMITTED.
[01:18:45] [Server thread/INFO]: [WorldGuard] (world) Lava fire is blocked.
[01:18:45] [Server thread/INFO]: [WorldGuard] (world) Fire spread is UNRESTRICTED.
[01:18:45] [Server thread/INFO]: [WorldGuard] Loaded configuration for world 'world'
[01:18:45] [Server thread/INFO]: [WorldGuard] (world_the_end) TNT ignition is PERMITTED.
[01:18:45] [Server thread/INFO]: [WorldGuard] (world_the_end) Lighters are PERMITTED.
[01:18:45] [Server thread/INFO]: [WorldGuard] (world_the_end) Lava fire is blocked.
[01:18:45] [Server thread/INFO]: [WorldGuard] (world_the_end) Fire spread is UNRESTRICTED.
[01:18:45] [Server thread/INFO]: [WorldGuard] Loaded configuration for world 'world_the_end'
[01:18:45] [Server thread/INFO]: [WorldGuard] Loading region data...
[01:18:46] [Server thread/INFO]: [SkyWars] Enabling SkyWars v2.2.2
[01:18:46] [Server thread/INFO]: [SkyWars] [Translations] Loading locale en.
[01:18:46] [Server thread/INFO]: [SkyWars] Using WorldEdit backend for arena creation.
[01:18:46] [Server thread/INFO]: [SkyWars] [Score] Using JSON backend
[01:18:46] [Server thread/INFO]: [BungeePortals] Enabling BungeePortals v1.2
[01:18:46] [Server thread/INFO]: [BungeePortals] Metrics initiated!
[01:18:46] [Server thread/INFO]: [BungeePortals] Commands registered!
[01:18:46] [Server thread/INFO]: [BungeePortals] Events registered!
[01:18:46] [Server thread/INFO]: [BungeePortals] Plugin channel registered!
[01:18:46] [Server thread/INFO]: [BungeePortals] Configuration file config.yml loaded!
[01:18:46] [Server thread/INFO]: [BungeePortals] Configuration file portals.yml loaded!
[01:18:46] [Server thread/INFO]: [BungeePortals] Portal data loaded! (0ms)
[01:18:46] [Server thread/INFO]: [BungeePortals] Save task started!
[01:18:46] [Server thread/INFO]: [BungeePortals] Version 1.2 has been enabled. (11ms)
[01:18:46] [Server thread/INFO]: Server permissions file permissions.yml is empty, ignoring it
[01:18:46] [Server thread/INFO]: Done (4.831s)! For help, type "help" or "?"
[01:18:46] [Server thread/INFO]: Timings Reset
[01:18:46] [Server thread/INFO]: [ViaVersion] ViaVersion detected server version: 1.8.x(47)
[01:18:46] [Server thread/INFO]: [ViaVersion] Enabling Paper/TacoSpigot/Torch patch: Fixes block placement.
[01:18:46] [Server thread/INFO]: [SkyWars] Loading world 'SkyWarsArenaWorld'.
[01:18:46] [Server thread/INFO]: Preparing start region for level 2 (Seed: 0)
[01:18:47] [Server thread/INFO]: [WorldGuard] (SkyWarsArenaWorld) TNT ignition is PERMITTED.
[01:18:47] [Server thread/INFO]: [WorldGuard] (SkyWarsArenaWorld) Lighters are PERMITTED.
[01:18:47] [Server thread/INFO]: [WorldGuard] (SkyWarsArenaWorld) Lava fire is blocked.
[01:18:47] [Server thread/INFO]: [WorldGuard] (SkyWarsArenaWorld) Fire spread is UNRESTRICTED.
[01:18:47] [Server thread/INFO]: [WorldGuard] Loaded configuration for world 'SkyWarsArenaWorld'
[01:18:47] [Server thread/INFO]: [SkyWars] Done loading world 'SkyWarsArenaWorld'.
[01:25:53] [luckperms-scheduler-worker-3/INFO]: [0;37;22m[21m[[0;36;1m[21mL[0;36;22m[21mP[0;37;22m[21m] [0;36;22mLOG [0;36;22m[21m> [0;30;1m([0;33;1mMath0424[0;30;1m) [[0;32;1mG[0;30;1m] ([0;36;1msuperadmin[0;30;1m)[m
[01:25:53] [luckperms-scheduler-worker-3/INFO]: [0;37;22m[21m[[0;36;1m[21mL[0;36;22m[21mP[0;37;22m[21m] [0;36;22mLOG [0;36;22m[21m> [0;37;1mwebeditor add ab.reload true[m
[01:25:53] [luckperms-scheduler-worker-3/INFO]: [0;37;22m[21m[[0;36;1m[21mL[0;36;22m[21mP[0;37;22m[21m] [0;36;22mLOG [0;36;22m[21m> [0;30;1m([0;33;1mMath0424[0;30;1m) [[0;32;1mG[0;30;1m] ([0;36;1msuperadmin[0;30;1m)[m
[01:25:53] [luckperms-scheduler-worker-3/INFO]: [0;37;22m[21m[[0;36;1m[21mL[0;36;22m[21mP[0;37;22m[21m] [0;36;22mLOG [0;36;22m[21m> [0;37;1mwebeditor add ab.tempban.exempt true[m
[01:25:53] [luckperms-scheduler-worker-3/INFO]: [0;37;22m[21m[[0;36;1m[21mL[0;36;22m[21mP[0;37;22m[21m] [0;36;22mLOG [0;36;22m[21m> [0;30;1m([0;33;1mMath0424[0;30;1m) [[0;32;1mG[0;30;1m] ([0;36;1msuperadmin[0;30;1m)[m
[01:25:53] [luckperms-scheduler-worker-3/INFO]: [0;37;22m[21m[[0;36;1m[21mL[0;36;22m[21mP[0;37;22m[21m] [0;36;22mLOG [0;36;22m[21m> [0;37;1mwebeditor add ab.ipban.perma true[m
[01:25:53] [luckperms-scheduler-worker-3/INFO]: [0;37;22m[21m[[0;36;1m[21mL[0;36;22m[21mP[0;37;22m[21m] [0;36;22mLOG [0;36;22m[21m> [0;30;1m([0;33;1mMath0424[0;30;1m) [[0;32;1mG[0;30;1m] ([0;36;1madmin[0;30;1m)[m
[01:25:53] [luckperms-scheduler-worker-3/INFO]: [0;37;22m[21m[[0;36;1m[21mL[0;36;22m[21mP[0;37;22m[21m] [0;36;22mLOG [0;36;22m[21m> [0;37;1mwebeditor add ab.check.ip true[m
[01:25:53] [luckperms-scheduler-worker-3/INFO]: [0;37;22m[21m[[0;36;1m[21mL[0;36;22m[21mP[0;37;22m[21m] [0;36;22mLOG [0;36;22m[21m> [0;30;1m([0;33;1mMath0424[0;30;1m) [[0;32;1mG[0;30;1m] ([0;36;1madmin[0;30;1m)[m
[01:25:53] [luckperms-scheduler-worker-3/INFO]: [0;37;22m[21m[[0;36;1m[21mL[0;36;22m[21mP[0;37;22m[21m] [0;36;22mLOG [0;36;22m[21m> [0;37;1mwebeditor add ab.banlist true[m
[01:25:53] [luckperms-scheduler-worker-3/INFO]: [0;37;22m[21m[[0;36;1m[21mL[0;36;22m[21mP[0;37;22m[21m] [0;36;22mLOG [0;36;22m[21m> [0;30;1m([0;33;1mMath0424[0;30;1m) [[0;32;1mG[0;30;1m] ([0;36;1madmin[0;30;1m)[m
[01:25:53] [luckperms-scheduler-worker-3/INFO]: [0;37;22m[21m[[0;36;1m[21mL[0;36;22m[21mP[0;37;22m[21m] [0;36;22mLOG [0;36;22m[21m> [0;37;1mwebeditor add ab.ban.perma true[m
[01:25:53] [luckperms-scheduler-worker-3/INFO]: [0;37;22m[21m[[0;36;1m[21mL[0;36;22m[21mP[0;37;22m[21m] [0;36;22mLOG [0;36;22m[21m> [0;30;1m([0;33;1mMath0424[0;30;1m) [[0;32;1mG[0;30;1m] ([0;36;1madmin[0;30;1m)[m
[01:25:53] [luckperms-scheduler-worker-3/INFO]: [0;37;22m[21m[[0;36;1m[21mL[0;36;22m[21mP[0;37;22m[21m] [0;36;22mLOG [0;36;22m[21m> [0;37;1mwebeditor add ab.check true[m
[01:25:53] [luckperms-scheduler-worker-3/INFO]: [0;37;22m[21m[[0;36;1m[21mL[0;36;22m[21mP[0;37;22m[21m] [0;36;22mLOG [0;36;22m[21m> [0;30;1m([0;33;1mMath0424[0;30;1m) [[0;32;1mG[0;30;1m] ([0;36;1mmoderator[0;30;1m)[m
[01:25:53] [luckperms-scheduler-worker-3/INFO]: [0;37;22m[21m[[0;36;1m[21mL[0;36;22m[21mP[0;37;22m[21m] [0;36;22mLOG [0;36;22m[21m> [0;37;1mwebeditor add ab.kick.use true[m
[01:25:53] [luckperms-scheduler-worker-3/INFO]: [0;37;22m[21m[[0;36;1m[21mL[0;36;22m[21mP[0;37;22m[21m] [0;36;22mLOG [0;36;22m[21m> [0;30;1m([0;33;1mMath0424[0;30;1m) [[0;32;1mG[0;30;1m] ([0;36;1mmoderator[0;30;1m)[m
[01:25:53] [luckperms-scheduler-worker-3/INFO]: [0;37;22m[21m[[0;36;1m[21mL[0;36;22m[21mP[0;37;22m[21m] [0;36;22mLOG [0;36;22m[21m> [0;37;1mwebeditor add ab.ban.temp true[m
[01:25:53] [luckperms-scheduler-worker-3/INFO]: [0;37;22m[21m[[0;36;1m[21mL[0;36;22m[21mP[0;37;22m[21m] [0;36;22mLOG [0;36;22m[21m> [0;30;1m([0;33;1mMath0424[0;30;1m) [[0;32;1mG[0;30;1m] ([0;36;1mhelper[0;30;1m)[m
[01:25:53] [luckperms-scheduler-worker-3/INFO]: [0;37;22m[21m[[0;36;1m[21mL[0;36;22m[21mP[0;37;22m[21m] [0;36;22mLOG [0;36;22m[21m> [0;37;1mwebeditor add ab.warn.perma true[m
[01:25:53] [luckperms-scheduler-worker-3/INFO]: [0;37;22m[21m[[0;36;1m[21mL[0;36;22m[21mP[0;37;22m[21m] [0;36;22mLOG [0;36;22m[21m> [0;30;1m([0;33;1mMath0424[0;30;1m) [[0;32;1mG[0;30;1m] ([0;36;1mhelper[0;30;1m)[m
[01:25:53] [luckperms-scheduler-worker-3/INFO]: [0;37;22m[21m[[0;36;1m[21mL[0;36;22m[21mP[0;37;22m[21m] [0;36;22mLOG [0;36;22m[21m> [0;37;1mwebeditor add ab.mute.temp true[m
[01:25:53] [luckperms-scheduler-worker-3/INFO]: [0;37;22m[21m[[0;36;1m[21mL[0;36;22m[21mP[0;37;22m[21m] [0;36;22mLOG [0;36;22m[21m> [0;30;1m([0;33;1mMath0424[0;30;1m) [[0;32;1mG[0;30;1m] ([0;36;1mhelper[0;30;1m)[m
[01:25:53] [luckperms-scheduler-worker-3/INFO]: [0;37;22m[21m[[0;36;1m[21mL[0;36;22m[21mP[0;37;22m[21m] [0;36;22mLOG [0;36;22m[21m> [0;37;1mwebeditor add ab.warns.other true[m
[01:25:53] [luckperms-scheduler-worker-3/INFO]: [0;37;22m[21m[[0;36;1m[21mL[0;36;22m[21mP[0;37;22m[21m] [0;36;22mLOG [0;36;22m[21m> [0;30;1m([0;33;1mMath0424[0;30;1m) [[0;32;1mG[0;30;1m] ([0;36;1mhelper[0;30;1m)[m
[01:25:53] [luckperms-scheduler-worker-3/INFO]: [0;37;22m[21m[[0;36;1m[21mL[0;36;22m[21mP[0;37;22m[21m] [0;36;22mLOG [0;36;22m[21m> [0;37;1mwebeditor add ab.mute.perma true[m
[01:25:53] [luckperms-scheduler-worker-3/INFO]: [0;37;22m[21m[[0;36;1m[21mL[0;36;22m[21mP[0;37;22m[21m] [0;36;22mLOG [0;36;22m[21m> [0;30;1m([0;33;1mMath0424[0;30;1m) [[0;32;1mG[0;30;1m] ([0;36;1mhelper[0;30;1m)[m
[01:25:53] [luckperms-scheduler-worker-3/INFO]: [0;37;22m[21m[[0;36;1m[21mL[0;36;22m[21mP[0;37;22m[21m] [0;36;22mLOG [0;36;22m[21m> [0;37;1mwebeditor add ab.notify.ban true[m
[01:25:53] [luckperms-scheduler-worker-3/INFO]: [0;37;22m[21m[[0;36;1m[21mL[0;36;22m[21mP[0;37;22m[21m] [0;36;22mLOG [0;36;22m[21m> [0;30;1m([0;33;1mMath0424[0;30;1m) [[0;32;1mG[0;30;1m] ([0;36;1mhelper[0;30;1m)[m
[01:25:53] [luckperms-scheduler-worker-3/INFO]: [0;37;22m[21m[[0;36;1m[21mL[0;36;22m[21mP[0;37;22m[21m] [0;36;22mLOG [0;36;22m[21m> [0;37;1mwebeditor add ab.warn.temp true[m
[01:25:53] [luckperms-scheduler-worker-3/INFO]: [0;37;22m[21m[[0;36;1m[21mL[0;36;22m[21mP[0;37;22m[21m] [0;36;22mLOG [0;36;22m[21m> [0;30;1m([0;33;1mMath0424[0;30;1m) [[0;32;1mG[0;30;1m] ([0;36;1mhelper[0;30;1m)[m
[01:25:53] [luckperms-scheduler-worker-3/INFO]: [0;37;22m[21m[[0;36;1m[21mL[0;36;22m[21mP[0;37;22m[21m] [0;36;22mLOG [0;36;22m[21m> [0;37;1mwebeditor add ab.notify.mute true[m
[01:25:53] [luckperms-scheduler-worker-3/INFO]: [0;37;22m[21m[[0;36;1m[21mL[0;36;22m[21mP[0;37;22m[21m] [0;36;22mLOG [0;36;22m[21m> [0;30;1m([0;33;1mMath0424[0;30;1m) [[0;32;1mG[0;30;1m] ([0;36;1mhelper[0;30;1m)[m
[01:25:53] [luckperms-scheduler-worker-3/INFO]: [0;37;22m[21m[[0;36;1m[21mL[0;36;22m[21mP[0;37;22m[21m] [0;36;22mLOG [0;36;22m[21m> [0;37;1mwebeditor add ab.notify.warn true[m
[01:25:54] [luckperms-scheduler-worker-3/INFO]: [0;37;22m[21m[[0;36;1m[21mL[0;36;22m[21mP[0;37;22m[21m] [0;36;22mLOG [0;36;22m[21m> [0;30;1m([0;33;1mMath0424[0;30;1m) [[0;32;1mG[0;30;1m] ([0;36;1mdefault[0;30;1m)[m
[01:25:54] [luckperms-scheduler-worker-3/INFO]: [0;37;22m[21m[[0;36;1m[21mL[0;36;22m[21mP[0;37;22m[21m] [0;36;22mLOG [0;36;22m[21m> [0;37;1mwebeditor add ab.warns.own true[m
[01:25:56] [luckperms-scheduler-worker-3/INFO]: [LuckPerms] [Messaging] Received update ping with id: 53262dc6-2e5a-4f89-a777-4725a5d7bf0a
