[00:02:12] [Craft Scheduler Thread - 5/INFO]: [Plan] The Config was updated to match one on the Proxy. Reload for changes to take effect.
[00:47:15] [luckperms-scheduler-worker-0/INFO]: [0;37;22m[21m[[0;36;1m[21mL[0;36;22m[21mP[0;37;22m[21m] [0;36;22mLOG [0;36;22m[21m> [0;30;1m([0;33;1mConsole[0;30;1m) [[0;32;1mG[0;30;1m] ([0;36;1msuperadmin[0;30;1m)[m
[00:47:15] [luckperms-scheduler-worker-0/INFO]: [0;37;22m[21m[[0;36;1m[21mL[0;36;22m[21mP[0;37;22m[21m] [0;36;22mLOG [0;36;22m[21m> [0;37;1mwebeditor add bw.* true[m
[00:47:15] [luckperms-scheduler-worker-0/INFO]: [0;37;22m[21m[[0;36;1m[21mL[0;36;22m[21mP[0;37;22m[21m] [0;36;22mLOG [0;36;22m[21m> [0;30;1m([0;33;1mConsole[0;30;1m) [[0;32;1mG[0;30;1m] ([0;36;1msuperadmin[0;30;1m)[m
[00:47:15] [luckperms-scheduler-worker-0/INFO]: [0;37;22m[21m[[0;36;1m[21mL[0;36;22m[21mP[0;37;22m[21m] [0;36;22mLOG [0;36;22m[21m> [0;37;1mwebeditor add bw.chatcolor true[m
[00:47:17] [luckperms-scheduler-worker-0/INFO]: [LuckPerms] [Messaging] Received update ping with id: 8ecf9137-494c-4d09-a2aa-d39ea5c5d68b
[00:48:09] [luckperms-scheduler-worker-0/INFO]: [0;37;22m[21m[[0;36;1m[21mL[0;36;22m[21mP[0;37;22m[21m] [0;36;22mLOG [0;36;22m[21m> [0;30;1m([0;33;1mConsole[0;30;1m) [[0;32;1mG[0;30;1m] ([0;36;1madmin[0;30;1m)[m
[00:48:09] [luckperms-scheduler-worker-0/INFO]: [0;37;22m[21m[[0;36;1m[21mL[0;36;22m[21mP[0;37;22m[21m] [0;36;22mLOG [0;36;22m[21m> [0;37;1mwebeditor add bw.cmd.bypass true[m
[00:48:11] [luckperms-scheduler-worker-0/INFO]: [LuckPerms] [Messaging] Received update ping with id: c85aa72e-1819-4a52-884e-b014d237d214
[01:14:34] [luckperms-scheduler-worker-3/INFO]: [0;37;22m[21m[[0;36;1m[21mL[0;36;22m[21mP[0;37;22m[21m] [0;36;22mLOG [0;36;22m[21m> [0;30;1m([0;33;1mMath0424[0;30;1m) [[0;32;1mG[0;30;1m] ([0;36;1msuperadmin[0;30;1m)[m
[01:14:34] [luckperms-scheduler-worker-3/INFO]: [0;37;22m[21m[[0;36;1m[21mL[0;36;22m[21mP[0;37;22m[21m] [0;36;22mLOG [0;36;22m[21m> [0;37;1mwebeditor remove bw.* true[m
[01:14:34] [luckperms-scheduler-worker-3/INFO]: [0;37;22m[21m[[0;36;1m[21mL[0;36;22m[21mP[0;37;22m[21m] [0;36;22mLOG [0;36;22m[21m> [0;30;1m([0;33;1mMath0424[0;30;1m) [[0;32;1mG[0;30;1m] ([0;36;1mdefault[0;30;1m)[m
[01:14:34] [luckperms-scheduler-worker-3/INFO]: [0;37;22m[21m[[0;36;1m[21mL[0;36;22m[21mP[0;37;22m[21m] [0;36;22mLOG [0;36;22m[21m> [0;37;1mwebeditor remove bw.rejoin true[m
[01:14:34] [luckperms-scheduler-worker-3/INFO]: [0;37;22m[21m[[0;36;1m[21mL[0;36;22m[21mP[0;37;22m[21m] [0;36;22mLOG [0;36;22m[21m> [0;30;1m([0;33;1mMath0424[0;30;1m) [[0;32;1mG[0;30;1m] ([0;36;1mdefault[0;30;1m)[m
[01:14:34] [luckperms-scheduler-worker-3/INFO]: [0;37;22m[21m[[0;36;1m[21mL[0;36;22m[21mP[0;37;22m[21m] [0;36;22mLOG [0;36;22m[21m> [0;37;1mwebeditor remove bw.shout true[m
[01:14:37] [luckperms-scheduler-worker-3/INFO]: [LuckPerms] [Messaging] Received update ping with id: f0ebb1b7-39c7-45e5-9f29-48f15afa2908
[01:15:09] [luckperms-scheduler-worker-0/INFO]: [0;37;22m[21m[[0;36;1m[21mL[0;36;22m[21mP[0;37;22m[21m] [0;36;22mLOG [0;36;22m[21m> [0;30;1m([0;33;1mMath0424[0;30;1m) [[0;32;1mG[0;30;1m] ([0;36;1msuperadmin[0;30;1m)[m
[01:15:09] [luckperms-scheduler-worker-0/INFO]: [0;37;22m[21m[[0;36;1m[21mL[0;36;22m[21mP[0;37;22m[21m] [0;36;22mLOG [0;36;22m[21m> [0;37;1mwebeditor add bedwars.admin true[m
[01:15:12] [luckperms-scheduler-worker-0/INFO]: [LuckPerms] [Messaging] Received update ping with id: 3311c554-3c0a-490d-92e8-794861637fed
[02:47:32] [luckperms-scheduler-worker-3/INFO]: [0;37;22m[21m[[0;36;1m[21mL[0;36;22m[21mP[0;37;22m[21m] [0;36;22mLOG [0;36;22m[21m> [0;30;1m([0;33;1mMath0424[0;30;1m) [[0;32;1mG[0;30;1m] ([0;36;1msuperadmin[0;30;1m)[m
[02:47:32] [luckperms-scheduler-worker-3/INFO]: [0;37;22m[21m[[0;36;1m[21mL[0;36;22m[21mP[0;37;22m[21m] [0;36;22mLOG [0;36;22m[21m> [0;37;1mwebeditor remove bedwars.admin true[m
[02:47:32] [luckperms-scheduler-worker-3/INFO]: [0;37;22m[21m[[0;36;1m[21mL[0;36;22m[21mP[0;37;22m[21m] [0;36;22mLOG [0;36;22m[21m> [0;30;1m([0;33;1mMath0424[0;30;1m) [[0;32;1mG[0;30;1m] ([0;36;1msuperadmin[0;30;1m)[m
[02:47:32] [luckperms-scheduler-worker-3/INFO]: [0;37;22m[21m[[0;36;1m[21mL[0;36;22m[21mP[0;37;22m[21m] [0;36;22mLOG [0;36;22m[21m> [0;37;1mwebeditor remove bw.chatcolor true[m
[02:47:33] [luckperms-scheduler-worker-3/INFO]: [0;37;22m[21m[[0;36;1m[21mL[0;36;22m[21mP[0;37;22m[21m] [0;36;22mLOG [0;36;22m[21m> [0;30;1m([0;33;1mMath0424[0;30;1m) [[0;32;1mG[0;30;1m] ([0;36;1madmin[0;30;1m)[m
[02:47:33] [luckperms-scheduler-worker-3/INFO]: [0;37;22m[21m[[0;36;1m[21mL[0;36;22m[21mP[0;37;22m[21m] [0;36;22mLOG [0;36;22m[21m> [0;37;1mwebeditor remove bw.cmd.bypass true[m
[02:47:33] [luckperms-scheduler-worker-3/INFO]: [0;37;22m[21m[[0;36;1m[21mL[0;36;22m[21mP[0;37;22m[21m] [0;36;22mLOG [0;36;22m[21m> [0;30;1m([0;33;1mMath0424[0;30;1m) [[0;32;1mG[0;30;1m] ([0;36;1mdefault[0;30;1m)[m
[02:47:33] [luckperms-scheduler-worker-3/INFO]: [0;37;22m[21m[[0;36;1m[21mL[0;36;22m[21mP[0;37;22m[21m] [0;36;22mLOG [0;36;22m[21m> [0;37;1mwebeditor remove bw.shout.bypass true[m
[02:47:33] [luckperms-scheduler-worker-3/INFO]: [0;37;22m[21m[[0;36;1m[21mL[0;36;22m[21mP[0;37;22m[21m] [0;36;22mLOG [0;36;22m[21m> [0;30;1m([0;33;1mMath0424[0;30;1m) [[0;32;1mG[0;30;1m] ([0;36;1mdefault[0;30;1m)[m
[02:47:33] [luckperms-scheduler-worker-3/INFO]: [0;37;22m[21m[[0;36;1m[21mL[0;36;22m[21mP[0;37;22m[21m] [0;36;22mLOG [0;36;22m[21m> [0;37;1mwebeditor remove bw.chatcolor true[m
[02:47:35] [luckperms-scheduler-worker-0/INFO]: [LuckPerms] [Messaging] Received update ping with id: 8a49a7d4-83f1-4f31-bb91-b9ccde47e463
[02:48:10] [luckperms-scheduler-worker-3/INFO]: [0;37;22m[21m[[0;36;1m[21mL[0;36;22m[21mP[0;37;22m[21m] [0;36;22mLOG [0;36;22m[21m> [0;30;1m([0;33;1mMath0424[0;30;1m) [[0;32;1mG[0;30;1m] ([0;36;1msuperadmin[0;30;1m)[m
[02:48:10] [luckperms-scheduler-worker-3/INFO]: [0;37;22m[21m[[0;36;1m[21mL[0;36;22m[21mP[0;37;22m[21m] [0;36;22mLOG [0;36;22m[21m> [0;37;1mwebeditor add bedwars.* true[m
[02:48:12] [luckperms-scheduler-worker-3/INFO]: [LuckPerms] [Messaging] Received update ping with id: ea66c138-815e-4a89-a9d0-09557bd2f2e0
[02:54:12] [luckperms-scheduler-worker-0/INFO]: [0;37;22m[21m[[0;36;1m[21mL[0;36;22m[21mP[0;37;22m[21m] [0;36;22mLOG [0;36;22m[21m> [0;30;1m([0;33;1mMath0424[0;30;1m) [[0;32;1mG[0;30;1m] ([0;36;1msuperadmin[0;30;1m)[m
[02:54:12] [luckperms-scheduler-worker-0/INFO]: [0;37;22m[21m[[0;36;1m[21mL[0;36;22m[21mP[0;37;22m[21m] [0;36;22mLOG [0;36;22m[21m> [0;37;1mwebeditor remove bedwars.* true[m
[02:54:14] [luckperms-scheduler-worker-0/INFO]: [LuckPerms] [Messaging] Received update ping with id: 5b65d27d-8cd4-4df5-81e2-aadfd8065b29
[02:55:18] [luckperms-scheduler-worker-3/INFO]: [0;37;22m[21m[[0;36;1m[21mL[0;36;22m[21mP[0;37;22m[21m] [0;36;22mLOG [0;36;22m[21m> [0;30;1m([0;33;1mMath0424[0;30;1m) [[0;32;1mG[0;30;1m] ([0;36;1msuperadmin[0;30;1m)[m
[02:55:18] [luckperms-scheduler-worker-3/INFO]: [0;37;22m[21m[[0;36;1m[21mL[0;36;22m[21mP[0;37;22m[21m] [0;36;22mLOG [0;36;22m[21m> [0;37;1mwebeditor add mbedwars.cmd.addsign true[m
[02:55:18] [luckperms-scheduler-worker-3/INFO]: [0;37;22m[21m[[0;36;1m[21mL[0;36;22m[21mP[0;37;22m[21m] [0;36;22mLOG [0;36;22m[21m> [0;30;1m([0;33;1mMath0424[0;30;1m) [[0;32;1mG[0;30;1m] ([0;36;1msuperadmin[0;30;1m)[m
[02:55:18] [luckperms-scheduler-worker-3/INFO]: [0;37;22m[21m[[0;36;1m[21mL[0;36;22m[21mP[0;37;22m[21m] [0;36;22mLOG [0;36;22m[21m> [0;37;1mwebeditor add mbedwars.cmd.arena true[m
[02:55:18] [luckperms-scheduler-worker-3/INFO]: [0;37;22m[21m[[0;36;1m[21mL[0;36;22m[21mP[0;37;22m[21m] [0;36;22mLOG [0;36;22m[21m> [0;30;1m([0;33;1mMath0424[0;30;1m) [[0;32;1mG[0;30;1m] ([0;36;1msuperadmin[0;30;1m)[m
[02:55:18] [luckperms-scheduler-worker-3/INFO]: [0;37;22m[21m[[0;36;1m[21mL[0;36;22m[21mP[0;37;22m[21m] [0;36;22mLOG [0;36;22m[21m> [0;37;1mwebeditor add mbedwars.cmd.hologram true[m
[02:55:18] [luckperms-scheduler-worker-3/INFO]: [0;37;22m[21m[[0;36;1m[21mL[0;36;22m[21mP[0;37;22m[21m] [0;36;22mLOG [0;36;22m[21m> [0;30;1m([0;33;1mMath0424[0;30;1m) [[0;32;1mG[0;30;1m] ([0;36;1msuperadmin[0;30;1m)[m
[02:55:18] [luckperms-scheduler-worker-3/INFO]: [0;37;22m[21m[[0;36;1m[21mL[0;36;22m[21mP[0;37;22m[21m] [0;36;22mLOG [0;36;22m[21m> [0;37;1mwebeditor add mbedwars.cmd.forcestart true[m
[02:55:21] [luckperms-scheduler-worker-3/INFO]: [LuckPerms] [Messaging] Received update ping with id: 66053521-3cfc-4716-af29-9189c28795e9
[02:56:12] [luckperms-scheduler-worker-3/INFO]: [0;37;22m[21m[[0;36;1m[21mL[0;36;22m[21mP[0;37;22m[21m] [0;36;22mLOG [0;36;22m[21m> [0;30;1m([0;33;1mMath0424[0;30;1m) [[0;32;1mG[0;30;1m] ([0;36;1msuperadmin[0;30;1m)[m
[02:56:12] [luckperms-scheduler-worker-3/INFO]: [0;37;22m[21m[[0;36;1m[21mL[0;36;22m[21mP[0;37;22m[21m] [0;36;22mLOG [0;36;22m[21m> [0;37;1mwebeditor add mbedwars.cmd.setgamedonelocation true[m
[02:56:12] [luckperms-scheduler-worker-3/INFO]: [0;37;22m[21m[[0;36;1m[21mL[0;36;22m[21mP[0;37;22m[21m] [0;36;22mLOG [0;36;22m[21m> [0;30;1m([0;33;1mMath0424[0;30;1m) [[0;32;1mG[0;30;1m] ([0;36;1msuperadmin[0;30;1m)[m
[02:56:12] [luckperms-scheduler-worker-3/INFO]: [0;37;22m[21m[[0;36;1m[21mL[0;36;22m[21mP[0;37;22m[21m] [0;36;22mLOG [0;36;22m[21m> [0;37;1mwebeditor add mbedwars.cmd.* true[m
[02:56:14] [luckperms-scheduler-worker-3/INFO]: [LuckPerms] [Messaging] Received update ping with id: 1baddeb4-7941-4520-beb7-87e1e345eead
[02:57:34] [luckperms-scheduler-worker-3/INFO]: [0;37;22m[21m[[0;36;1m[21mL[0;36;22m[21mP[0;37;22m[21m] [0;36;22mLOG [0;36;22m[21m> [0;30;1m([0;33;1mMath0424[0;30;1m) [[0;32;1mG[0;30;1m] ([0;36;1msuperadmin[0;30;1m)[m
[02:57:34] [luckperms-scheduler-worker-3/INFO]: [0;37;22m[21m[[0;36;1m[21mL[0;36;22m[21mP[0;37;22m[21m] [0;36;22mLOG [0;36;22m[21m> [0;37;1mwebeditor add mbedwars.arenabuild true[m
[02:57:34] [luckperms-scheduler-worker-3/INFO]: [0;37;22m[21m[[0;36;1m[21mL[0;36;22m[21mP[0;37;22m[21m] [0;36;22mLOG [0;36;22m[21m> [0;30;1m([0;33;1mMath0424[0;30;1m) [[0;32;1mG[0;30;1m] ([0;36;1msuperadmin[0;30;1m)[m
[02:57:34] [luckperms-scheduler-worker-3/INFO]: [0;37;22m[21m[[0;36;1m[21mL[0;36;22m[21mP[0;37;22m[21m] [0;36;22mLOG [0;36;22m[21m> [0;37;1mwebeditor add mbedwars.updatemessage true[m
[02:57:36] [luckperms-scheduler-worker-3/INFO]: [LuckPerms] [Messaging] Received update ping with id: b6d45d14-728d-437a-81cf-2107d432b6aa
[03:20:41] [luckperms-scheduler-worker-3/INFO]: [0;37;22m[21m[[0;36;1m[21mL[0;36;22m[21mP[0;37;22m[21m] [0;36;22mLOG [0;36;22m[21m> [0;30;1m([0;33;1mMath0424[0;30;1m) [[0;32;1mG[0;30;1m] ([0;36;1msuperadmin[0;30;1m)[m
[03:20:41] [luckperms-scheduler-worker-3/INFO]: [0;37;22m[21m[[0;36;1m[21mL[0;36;22m[21mP[0;37;22m[21m] [0;36;22mLOG [0;36;22m[21m> [0;37;1mwebeditor add bedwars.admin true[m
[03:20:41] [luckperms-scheduler-worker-3/INFO]: [0;37;22m[21m[[0;36;1m[21mL[0;36;22m[21mP[0;37;22m[21m] [0;36;22mLOG [0;36;22m[21m> [0;30;1m([0;33;1mMath0424[0;30;1m) [[0;32;1mG[0;30;1m] ([0;36;1msuperadmin[0;30;1m)[m
[03:20:41] [luckperms-scheduler-worker-3/INFO]: [0;37;22m[21m[[0;36;1m[21mL[0;36;22m[21mP[0;37;22m[21m] [0;36;22mLOG [0;36;22m[21m> [0;37;1mwebeditor remove mbedwars.cmd.setgamedonelocation true[m
[03:20:41] [luckperms-scheduler-worker-3/INFO]: [0;37;22m[21m[[0;36;1m[21mL[0;36;22m[21mP[0;37;22m[21m] [0;36;22mLOG [0;36;22m[21m> [0;30;1m([0;33;1mMath0424[0;30;1m) [[0;32;1mG[0;30;1m] ([0;36;1msuperadmin[0;30;1m)[m
[03:20:41] [luckperms-scheduler-worker-3/INFO]: [0;37;22m[21m[[0;36;1m[21mL[0;36;22m[21mP[0;37;22m[21m] [0;36;22mLOG [0;36;22m[21m> [0;37;1mwebeditor remove mbedwars.arenabuild true[m
[03:20:41] [luckperms-scheduler-worker-3/INFO]: [0;37;22m[21m[[0;36;1m[21mL[0;36;22m[21mP[0;37;22m[21m] [0;36;22mLOG [0;36;22m[21m> [0;30;1m([0;33;1mMath0424[0;30;1m) [[0;32;1mG[0;30;1m] ([0;36;1msuperadmin[0;30;1m)[m
[03:20:41] [luckperms-scheduler-worker-3/INFO]: [0;37;22m[21m[[0;36;1m[21mL[0;36;22m[21mP[0;37;22m[21m] [0;36;22mLOG [0;36;22m[21m> [0;37;1mwebeditor remove mbedwars.cmd.addsign true[m
[03:20:41] [luckperms-scheduler-worker-3/INFO]: [0;37;22m[21m[[0;36;1m[21mL[0;36;22m[21mP[0;37;22m[21m] [0;36;22mLOG [0;36;22m[21m> [0;30;1m([0;33;1mMath0424[0;30;1m) [[0;32;1mG[0;30;1m] ([0;36;1msuperadmin[0;30;1m)[m
[03:20:41] [luckperms-scheduler-worker-3/INFO]: [0;37;22m[21m[[0;36;1m[21mL[0;36;22m[21mP[0;37;22m[21m] [0;36;22mLOG [0;36;22m[21m> [0;37;1mwebeditor remove mbedwars.updatemessage true[m
[03:20:41] [luckperms-scheduler-worker-3/INFO]: [0;37;22m[21m[[0;36;1m[21mL[0;36;22m[21mP[0;37;22m[21m] [0;36;22mLOG [0;36;22m[21m> [0;30;1m([0;33;1mMath0424[0;30;1m) [[0;32;1mG[0;30;1m] ([0;36;1msuperadmin[0;30;1m)[m
[03:20:41] [luckperms-scheduler-worker-3/INFO]: [0;37;22m[21m[[0;36;1m[21mL[0;36;22m[21mP[0;37;22m[21m] [0;36;22mLOG [0;36;22m[21m> [0;37;1mwebeditor remove minecraft.command.op true[m
[03:20:41] [luckperms-scheduler-worker-3/INFO]: [0;37;22m[21m[[0;36;1m[21mL[0;36;22m[21mP[0;37;22m[21m] [0;36;22mLOG [0;36;22m[21m> [0;30;1m([0;33;1mMath0424[0;30;1m) [[0;32;1mG[0;30;1m] ([0;36;1msuperadmin[0;30;1m)[m
[03:20:41] [luckperms-scheduler-worker-3/INFO]: [0;37;22m[21m[[0;36;1m[21mL[0;36;22m[21mP[0;37;22m[21m] [0;36;22mLOG [0;36;22m[21m> [0;37;1mwebeditor remove mbedwars.cmd.forcestart true[m
[03:20:41] [luckperms-scheduler-worker-3/INFO]: [0;37;22m[21m[[0;36;1m[21mL[0;36;22m[21mP[0;37;22m[21m] [0;36;22mLOG [0;36;22m[21m> [0;30;1m([0;33;1mMath0424[0;30;1m) [[0;32;1mG[0;30;1m] ([0;36;1msuperadmin[0;30;1m)[m
[03:20:41] [luckperms-scheduler-worker-3/INFO]: [0;37;22m[21m[[0;36;1m[21mL[0;36;22m[21mP[0;37;22m[21m] [0;36;22mLOG [0;36;22m[21m> [0;37;1mwebeditor remove mbedwars.cmd.arena true[m
[03:20:41] [luckperms-scheduler-worker-3/INFO]: [0;37;22m[21m[[0;36;1m[21mL[0;36;22m[21mP[0;37;22m[21m] [0;36;22mLOG [0;36;22m[21m> [0;30;1m([0;33;1mMath0424[0;30;1m) [[0;32;1mG[0;30;1m] ([0;36;1msuperadmin[0;30;1m)[m
[03:20:41] [luckperms-scheduler-worker-3/INFO]: [0;37;22m[21m[[0;36;1m[21mL[0;36;22m[21mP[0;37;22m[21m] [0;36;22mLOG [0;36;22m[21m> [0;37;1mwebeditor remove mbedwars.cmd.hologram true[m
[03:20:44] [luckperms-scheduler-worker-3/INFO]: [LuckPerms] [Messaging] Received update ping with id: 6e87fcbc-920a-45e4-a4f2-83ffaab13ed5
