[18:16:36] [Thread-82/INFO]: [0;30;1m[[0;31;1mAdvancedBan[0;30;1m] [0;37;22mAn unexpected error has occurred executing an Statement in the database
Please check the plugins/AdvancedBan/logs/latest.log file and report thiserror in: https://github.com/DevLeoko/AdvancedBan/issues[m
[18:16:36] [Thread-82/ERROR]: Could not pass event AsyncPlayerPreLoginEvent to AdvancedBan v2.1.8
org.bukkit.event.EventException
	at org.bukkit.plugin.java.JavaPluginLoader$1.execute(JavaPluginLoader.java:302) ~[server.jar:git-PaperSpigot-"4c7641d"]
	at co.aikar.timings.TimedEventExecutor.execute(TimedEventExecutor.java:74) ~[server.jar:git-PaperSpigot-"4c7641d"]
	at org.bukkit.plugin.RegisteredListener.callEvent(RegisteredListener.java:62) ~[server.jar:git-PaperSpigot-"4c7641d"]
	at org.bukkit.plugin.SimplePluginManager.fireEvent(SimplePluginManager.java:517) [server.jar:git-PaperSpigot-"4c7641d"]
	at org.bukkit.plugin.SimplePluginManager.callEvent(SimplePluginManager.java:499) [server.jar:git-PaperSpigot-"4c7641d"]
	at net.minecraft.server.v1_8_R3.LoginListener$LoginHandler.fireEvents(LoginListener.java:248) [server.jar:git-PaperSpigot-"4c7641d"]
	at net.minecraft.server.v1_8_R3.LoginListener$2.run(LoginListener.java:172) [server.jar:git-PaperSpigot-"4c7641d"]
	at java.lang.Thread.run(Thread.java:748) [?:1.8.0_252]
Caused by: java.lang.NullPointerException
	at me.leoko.advancedban.manager.PunishmentManager.load(PunishmentManager.java:62) ~[?:?]
	at me.leoko.advancedban.Universal.callConnection(Universal.java:268) ~[?:?]
	at me.leoko.advancedban.bukkit.listener.ConnectionListener.onConnect(ConnectionListener.java:21) ~[?:?]
	at sun.reflect.GeneratedMethodAccessor201.invoke(Unknown Source) ~[?:?]
	at sun.reflect.DelegatingMethodAccessorImpl.invoke(DelegatingMethodAccessorImpl.java:43) ~[?:1.8.0_252]
	at java.lang.reflect.Method.invoke(Method.java:498) ~[?:1.8.0_252]
	at org.bukkit.plugin.java.JavaPluginLoader$1.execute(JavaPluginLoader.java:300) ~[server.jar:git-PaperSpigot-"4c7641d"]
	... 7 more
[18:16:36] [Thread-82/INFO]: UUID of player 28weky is e6767cfe-4fe7-434b-a181-d1addfa79754
[18:16:36] [Netty Epoll Server IO #3/WARN]: [ViaVersion] Ignoring plugin channel in outgoing REGISTER: WECUI
[18:16:36] [Server thread/INFO]: 28weky[/71.57.73.125:36469] logged in with entity id 164315 at ([world]-390.68684117967877, 64.0, 375.9382879641338)
[18:16:38] [Thread-84/INFO]: UUID of player _HeroXD_ is 3c5fb93e-2cbf-4f42-9c07-53b2104dce77
[18:16:38] [Server thread/INFO]: _HeroXD_[/73.211.183.236:45245] logged in with entity id 164440 at ([world]-390.68684117967877, 64.0, 375.9382879641338)
[18:16:39] [Thread-85/INFO]: UUID of player stephie8 is d281893e-0be9-48fb-bfa9-ddee3f4261c1
[18:16:39] [Server thread/INFO]: stephie8[/98.32.159.91:42919] logged in with entity id 164534 at ([world]-390.68684117967877, 64.0, 375.9382879641338)
[18:16:48] [Thread-86/INFO]: UUID of player ArgonBeluga is ed0da955-a842-4ed5-aa87-a45001abeb55
[18:16:48] [Netty Epoll Server IO #2/WARN]: [ViaVersion] Ignoring plugin channel in outgoing REGISTER: WECUI
[18:16:48] [Server thread/INFO]: ArgonBeluga[/24.14.234.82:42743] logged in with entity id 164960 at ([world]-390.68684117967877, 64.0, 375.9382879641338)
[18:16:57] [Thread-87/INFO]: UUID of player q4u5 is 8e770339-d732-46dc-84d3-752fb0de67ff
[18:16:57] [Netty Epoll Server IO #3/WARN]: [ViaVersion] Ignoring plugin channel in outgoing REGISTER: WECUI
[18:16:57] [Server thread/INFO]: q4u5[/71.194.214.223:48047] logged in with entity id 165455 at ([world]-390.68684117967877, 64.0, 375.9382879641338)
[18:17:06] [Server thread/INFO]: 28weky issued server command: /party _HeroXD_
[18:17:15] [Server thread/INFO]: 28weky issued server command: /party invite _HeroXD_
[18:17:18] [Server thread/INFO]: _HeroXD_ issued server command: /party accept 28weky
[18:18:22] [Async Chat Thread - #12/INFO]: [0;33;1m[6✩] [0;37;1m[0;33;1m[YELLOW][0;37;22m 28weky uograde forge[m
[18:19:33] [Server thread/INFO]: ArgonBeluga lost connection: Internal Exception: java.io.IOException: Error while read(...): Connection reset by peer
[18:20:38] [Server thread/WARN]: q4u5 moved wrongly!
[18:20:52] [Server thread/INFO]: q4u5 lost connection: Disconnected
[18:24:17] [Server thread/INFO]: [BedWars1058] Arena tree was added to the enable queue.
[18:24:17] [Server thread/INFO]: [BedWars1058] Loading arena: tree
[18:24:17] [Server thread/INFO]: Preparing start region for level 5 (Seed: 1332131785355768629)
[18:24:18] [Server thread/INFO]: [BedWars1058] Load done: tree
[18:24:18] [Server thread/INFO]: 28weky lost connection: Disconnected
[18:24:47] [Server thread/INFO]: _HeroXD_ lost connection: Disconnected
[18:24:57] [Server thread/INFO]: stephie8 lost connection: Internal Exception: java.io.IOException: Error while read(...): Connection reset by peer
[19:13:45] [Thread-90/INFO]: UUID of player ArgonBeluga is ed0da955-a842-4ed5-aa87-a45001abeb55
[19:13:45] [Netty Epoll Server IO #0/WARN]: [ViaVersion] Ignoring plugin channel in outgoing REGISTER: WECUI
[19:13:45] [Server thread/INFO]: ArgonBeluga[/24.14.234.82:42457] logged in with entity id 175518 at ([world]-390.68684117967877, 64.0, 375.9382879641338)
[19:13:47] [Thread-91/INFO]: UUID of player 28weky is e6767cfe-4fe7-434b-a181-d1addfa79754
[19:13:47] [Netty Epoll Server IO #1/WARN]: [ViaVersion] Ignoring plugin channel in outgoing REGISTER: WECUI
[19:13:47] [Server thread/INFO]: 28weky[/71.57.73.125:50521] logged in with entity id 175700 at ([world]-390.68684117967877, 64.0, 375.9382879641338)
[19:14:13] [Thread-92/INFO]: UUID of player AJV_ is 5d84893e-33b9-490b-959c-38ae65397eef
[19:14:13] [Netty Epoll Server IO #2/WARN]: [ViaVersion] Ignoring plugin channel in outgoing REGISTER: WECUI
[19:14:13] [Server thread/INFO]: AJV_[/70.134.200.117:44863] logged in with entity id 177061 at ([world]-390.68684117967877, 64.0, 375.9382879641338)
[19:14:53] [Server thread/INFO]: ArgonBeluga lost connection: Disconnected
[19:15:01] [Thread-93/INFO]: UUID of player ArgonBeluga is ed0da955-a842-4ed5-aa87-a45001abeb55
[19:15:01] [Netty Epoll Server IO #3/WARN]: [ViaVersion] Ignoring plugin channel in outgoing REGISTER: WECUI
[19:15:01] [Server thread/INFO]: ArgonBeluga[/24.14.234.82:43885] logged in with entity id 180109 at ([world]-390.68684117967877, 64.0, 375.9382879641338)
[19:19:14] [Thread-94/INFO]: UUID of player stephie8 is d281893e-0be9-48fb-bfa9-ddee3f4261c1
[19:19:14] [Netty Epoll Server IO #0/WARN]: [ViaVersion] Ignoring plugin channel in outgoing REGISTER: WECUI
[19:19:14] [Server thread/INFO]: stephie8[/98.32.159.91:51853] logged in with entity id 183779 at ([world]-390.68684117967877, 64.0, 375.9382879641338)
[19:23:54] [Async Chat Thread - #13/INFO]: [0;33;1m[5✩] [0;37;22m[SPECTATOR] stephie8: yeee[m
[19:24:07] [Async Chat Thread - #13/INFO]: [0;33;1m[5✩] [0;37;22m[SPECTATOR] stephie8: not sexy[m
[19:24:30] [Server thread/INFO]: stephie8 issued server command: /shout verbally state all actions
[19:24:31] [Netty Epoll Server IO #1/WARN]: [ViaVersion] Failed to get 1.13 item for 383
[19:24:31] [Netty Epoll Server IO #1/WARN]: [ViaVersion] Failed to get 1.13 item for 383
[19:24:31] [Netty Epoll Server IO #1/WARN]: [ViaVersion] Failed to get 1.13 item for 383
[19:24:31] [Netty Epoll Server IO #1/WARN]: [ViaVersion] Failed to get 1.13 item for 383
[19:24:31] [Netty Epoll Server IO #1/WARN]: [ViaVersion] Failed to get 1.13 item for 383
[19:24:31] [Netty Epoll Server IO #1/WARN]: [ViaVersion] Failed to get 1.13 item for 383
[19:24:31] [Netty Epoll Server IO #1/WARN]: [ViaVersion] Failed to get 1.13 item for 383
[19:24:31] [Netty Epoll Server IO #1/WARN]: [ViaVersion] Failed to get 1.13 item for 383
[19:24:31] [Netty Epoll Server IO #1/WARN]: [ViaVersion] Failed to get 1.13 item for 383
[19:24:31] [Netty Epoll Server IO #1/WARN]: [ViaVersion] Failed to get 1.13 item for 383
[19:24:31] [Netty Epoll Server IO #1/WARN]: [ViaVersion] Failed to get 1.13 item for 383
[19:24:31] [Netty Epoll Server IO #1/WARN]: [ViaVersion] Failed to get 1.13 item for 383
[19:24:32] [Netty Epoll Server IO #1/WARN]: [ViaVersion] Failed to get 1.13 item for 383
[19:24:32] [Netty Epoll Server IO #1/WARN]: [ViaVersion] Failed to get 1.13 item for 383
[19:24:33] [Netty Epoll Server IO #1/WARN]: [ViaVersion] Failed to get 1.13 item for 383
[19:24:33] [Netty Epoll Server IO #1/WARN]: [ViaVersion] Failed to get 1.13 item for 383
[19:24:34] [Netty Epoll Server IO #1/WARN]: [ViaVersion] Failed to get 1.13 item for 383
[19:24:35] [Netty Epoll Server IO #1/WARN]: [ViaVersion] Failed to get 1.13 item for 383
[19:24:36] [Netty Epoll Server IO #1/WARN]: [ViaVersion] Failed to get 1.13 item for 383
[19:24:38] [Netty Epoll Server IO #1/WARN]: [ViaVersion] Failed to get 1.13 item for 383
[19:24:49] [Async Chat Thread - #13/INFO]: [0;33;1m[5✩] [0;37;22m[SPECTATOR] stephie8: she needs to find mouse[m
[19:24:54] [Netty Epoll Server IO #1/WARN]: [ViaVersion] Failed to get 1.13 item for 383
[19:24:55] [Netty Epoll Server IO #3/WARN]: [ViaVersion] Failed to get 1.13 item for 383
[19:24:57] [Netty Epoll Server IO #3/WARN]: [ViaVersion] Failed to get 1.13 item for 383
[19:24:57] [Netty Epoll Server IO #1/WARN]: [ViaVersion] Failed to get 1.13 item for 383
[19:24:57] [Netty Epoll Server IO #1/WARN]: [ViaVersion] Failed to get 1.13 item for 383
[19:24:57] [Netty Epoll Server IO #1/WARN]: [ViaVersion] Failed to get 1.13 item for 383
[19:26:08] [Server thread/INFO]: 28weky lost connection: Disconnected
[19:26:08] [Server thread/INFO]: AJV_ lost connection: Disconnected
[19:26:09] [Server thread/INFO]: ArgonBeluga lost connection: Disconnected
[19:26:10] [Server thread/INFO]: stephie8 lost connection: Disconnected
[19:26:11] [Server thread/INFO]: [BedWars1058] Arena tree was added to the enable queue.
[19:26:11] [Server thread/INFO]: [BedWars1058] Loading arena: tree
[19:26:11] [Server thread/INFO]: Preparing start region for level 5 (Seed: -1962501660562270780)
[19:26:11] [Server thread/INFO]: [BedWars1058] Load done: tree
[23:47:14] [luckperms-scheduler-worker-11/INFO]: [0;37;22m[21m[[0;36;1m[21mL[0;36;22m[21mP[0;37;22m[21m] [0;36;22mLOG [0;36;22m[21m> [0;30;1m([0;33;1mMath0424[0;30;1m) [[0;32;1mG[0;30;1m] ([0;36;1mdefault[0;30;1m)[m
[23:47:14] [luckperms-scheduler-worker-11/INFO]: [0;37;22m[21m[[0;36;1m[21mL[0;36;22m[21mP[0;37;22m[21m] [0;36;22mLOG [0;36;22m[21m> [0;37;1mwebeditor add griefprevention.createclaims true[m
[23:47:14] [luckperms-scheduler-worker-11/INFO]: [0;37;22m[21m[[0;36;1m[21mL[0;36;22m[21mP[0;37;22m[21m] [0;36;22mLOG [0;36;22m[21m> [0;30;1m([0;33;1mMath0424[0;30;1m) [[0;32;1mG[0;30;1m] ([0;36;1mdefault[0;30;1m)[m
[23:47:14] [luckperms-scheduler-worker-11/INFO]: [0;37;22m[21m[[0;36;1m[21mL[0;36;22m[21mP[0;37;22m[21m] [0;36;22mLOG [0;36;22m[21m> [0;37;1mwebeditor add griefprevention.transferclaim true[m
[23:47:14] [luckperms-scheduler-worker-11/INFO]: [0;37;22m[21m[[0;36;1m[21mL[0;36;22m[21mP[0;37;22m[21m] [0;36;22mLOG [0;36;22m[21m> [0;30;1m([0;33;1mMath0424[0;30;1m) [[0;32;1mG[0;30;1m] ([0;36;1mdefault[0;30;1m)[m
[23:47:14] [luckperms-scheduler-worker-11/INFO]: [0;37;22m[21m[[0;36;1m[21mL[0;36;22m[21mP[0;37;22m[21m] [0;36;22mLOG [0;36;22m[21m> [0;37;1mwebeditor add griefprevention.seeclaimsize true[m
[23:47:14] [luckperms-scheduler-worker-11/INFO]: [0;37;22m[21m[[0;36;1m[21mL[0;36;22m[21mP[0;37;22m[21m] [0;36;22mLOG [0;36;22m[21m> [0;30;1m([0;33;1mMath0424[0;30;1m) [[0;32;1mG[0;30;1m] ([0;36;1mdefault[0;30;1m)[m
[23:47:14] [luckperms-scheduler-worker-11/INFO]: [0;37;22m[21m[[0;36;1m[21mL[0;36;22m[21mP[0;37;22m[21m] [0;36;22mLOG [0;36;22m[21m> [0;37;1mwebeditor add griefprevention.deleteclaims true[m
[23:47:17] [luckperms-scheduler-worker-11/INFO]: [LuckPerms] [Messaging] Received update ping with id: 2b77922f-7168-4c4a-9bcf-1673ca71cccd
