[01:18:32] [Server thread/INFO]: Starting minecraft server version 1.8.8
[01:18:32] [Server thread/INFO]: Loading properties
[01:18:32] [Server thread/INFO]: Default game type: ADVENTURE
[01:18:32] [Server thread/INFO]: This server is running CraftBukkit version git-PaperSpigot-"4c7641d" (MC: 1.8.8) (Implementing API version 1.8.8-R0.1-SNAPSHOT)
[01:18:33] [Server thread/INFO]: Spigot Timings: true - Verbose: true - Interval: 5m - Length: 60m
[01:18:33] [Server thread/INFO]: Server Ping Player Sample Count: 12
[01:18:33] [Server thread/INFO]: Using 4 threads for Netty based IO
[01:18:33] [Server thread/INFO]: Debug logging is disabled
[01:18:33] [Server thread/INFO]: Data value allowed items: 
[01:18:33] [Server thread/INFO]: Generating keypair
[01:18:33] [Server thread/INFO]: Starting Minecraft server on *:25559
[01:18:33] [Server thread/INFO]: Using epoll channel type
[01:18:33] [Server thread/INFO]: Set PluginClassLoader as parallel capable
[01:18:34] [Server thread/INFO]: [DisableJoinMessage] Loading DisableJoinMessage v1.0
[01:18:34] [Server thread/INFO]: [LuckPerms] Loading LuckPerms v5.0.72
[01:18:34] [Server thread/INFO]: [AdvancedBan] Loading AdvancedBan v2.1.8
[01:18:34] [Server thread/INFO]: [WorldEdit] Loading WorldEdit v6.1;no_git_id
[01:18:34] [Server thread/INFO]: [ViaVersion] Loading ViaVersion v2.2.3
[01:18:34] [Server thread/INFO]: [ViaVersion] ViaVersion 2.2.3 is now loaded, injecting!
[01:18:34] [Server thread/INFO]: [ViaVersion] Loading 1.12.2 -> 1.13 block mapping...
[01:18:34] [Server thread/INFO]: [ViaVersion] Loading 1.12.2 -> 1.13 item mapping...
[01:18:34] [Server thread/INFO]: [ViaVersion] Loading new 1.13 tags...
[01:18:34] [Server thread/INFO]: [ViaVersion] Loading 1.12.2 -> 1.13 enchantment mapping...
[01:18:34] [Server thread/INFO]: [ViaVersion] Loading 1.12.2 -> 1.13 sound mapping...
[01:18:34] [Server thread/INFO]: [ViaVersion] Loading translation mapping
[01:18:35] [Server thread/INFO]: [ViaVersion] Loading 1.13.2 -> 1.14 blockstate mapping...
[01:18:35] [Server thread/INFO]: [ViaVersion] Loading 1.13.2 -> 1.14 block mapping...
[01:18:35] [Server thread/INFO]: [ViaVersion] Loading 1.13.2 -> 1.14 item mapping...
[01:18:35] [Server thread/INFO]: [ViaVersion] Loading 1.13.2 -> 1.14 sound mapping...
[01:18:35] [Server thread/INFO]: [ViaVersion] Loading 1.14 blockstates...
[01:18:36] [Server thread/INFO]: [ViaVersion] Loading 1.14 heightmap data...
[01:18:36] [Server thread/INFO]: [ViaVersion] Loading 1.14.4 -> 1.15 blockstate mapping...
[01:18:37] [Server thread/INFO]: [ViaVersion] Loading 1.14.4 -> 1.15 block mapping...
[01:18:37] [Server thread/INFO]: [ViaVersion] Loading 1.14.4 -> 1.15 item mapping...
[01:18:37] [Server thread/INFO]: [ViaVersion] Loading 1.14.4 -> 1.15 sound mapping...
[01:18:37] [Server thread/INFO]: [Plan] Loading Plan v5.1 build 505
[01:18:37] [Server thread/INFO]: [BungeeTabListPlus] Loading BungeeTabListPlus v3.2.0
[01:18:37] [Server thread/INFO]: [WorldGuard] Loading WorldGuard v6.1
[01:18:37] [Server thread/INFO]: [PVP Arena] Loading pvparena v1.3.1.50
[01:18:37] [Server thread/INFO]: [BungeePortals] Loading BungeePortals v1.2
[01:18:37] [Server thread/INFO]: [LuckPerms] Enabling LuckPerms v5.0.72
[01:18:37] [Server thread/INFO]: [0;36;1m       [0;36;22m __    [m
[01:18:37] [Server thread/INFO]: [0;36;1m  |    [0;36;22m|__)   [0;32;22mLuckPerms [0;36;1mv5.0.72[m
[01:18:37] [Server thread/INFO]: [0;36;1m  |___ [0;36;22m|      [0;30;1mRunning on Bukkit - CraftBukkit[m
[01:18:37] [Server thread/INFO]: [m
[01:18:37] [Server thread/INFO]: [LuckPerms] Loading configuration...
[01:18:38] [Server thread/INFO]: [LuckPerms] Loading storage provider... [MYSQL]
[01:18:38] [Server thread/WARN]: [Server thread] INFO me.lucko.luckperms.lib.hikari.HikariDataSource - luckperms-hikari - Starting...
[01:18:38] [Server thread/WARN]: [Server thread] INFO me.lucko.luckperms.lib.hikari.HikariDataSource - luckperms-hikari - Start completed.
[01:18:38] [Server thread/INFO]: [LuckPerms] Loading messaging service... [SQL]
[01:18:39] [Server thread/INFO]: [LuckPerms] Loading internal permission managers...
[01:18:39] [Server thread/INFO]: [LuckPerms] Performing initial data load...
[01:18:39] [Server thread/INFO]: [LuckPerms] Successfully enabled. (took 2417ms)
[01:18:39] [Server thread/WARN]: **** SERVER IS RUNNING IN OFFLINE/INSECURE MODE!
[01:18:39] [Server thread/WARN]: The server will make no attempt to authenticate usernames. Beware.
[01:18:39] [Server thread/WARN]: Whilst this makes it possible to use BungeeCord, unless access to your server is properly restricted, it also opens up the ability for hackers to connect with any username they choose.
[01:18:39] [Server thread/WARN]: Please see http://www.spigotmc.org/wiki/firewall-guide/ for further information.
[01:18:39] [Server thread/WARN]: To change this, set "online-mode" to "true" in the server.properties file.
[01:18:39] [Server thread/INFO]: **** Beginning UUID conversion, this may take A LONG time ****
[01:18:39] [Server thread/INFO]: Preparing level "world"
[01:18:40] [Server thread/INFO]: Preparing start region for level 0 (Seed: -213731731164585991)
[01:18:41] [Server thread/INFO]: Preparing spawn area: 61%
[01:18:41] [Server thread/INFO]: Preparing start region for level 1 (Seed: -140787614818688664)
[01:18:41] [Server thread/INFO]: [DisableJoinMessage] Enabling DisableJoinMessage v1.0
[01:18:41] [Server thread/INFO]: §c===================================
[01:18:41] [Server thread/INFO]: §c===================================
[01:18:41] [Server thread/INFO]: §aCheck out my other Plugins!
[01:18:41] [Server thread/INFO]: §aI also sell a BedWars §aPlugin!
[01:18:41] [Server thread/INFO]: §c===================================
[01:18:41] [Server thread/INFO]: §c===================================
[01:18:41] [Server thread/INFO]: [AdvancedBan] Enabling AdvancedBan v2.1.8
[01:18:42] [Server thread/INFO]: 
 
[0;30;1m[]=====[[0;37;22mEnabling AdvancedBan[0;30;1m]=====[]
[0;30;1m| [0;31;1mInformation:
[0;30;1m|   [0;31;1mName: [0;37;22mAdvancedBan
[0;30;1m|   [0;31;1mDeveloper: [0;37;22mLeoko
[0;30;1m|   [0;31;1mVersion: [0;37;22m2.1.8
[0;30;1m|   [0;31;1mStorage: [0;37;22mMySQL (external)
[0;30;1m| [0;31;1mSupport:
[0;30;1m|   [0;31;1mGithub: [0;37;22mhttps://github.com/DevLeoko/AdvancedBan/issues
[0;30;1m|   [0;31;1mDiscord: [0;37;22mhttps://discord.gg/ycDG6rS
[0;30;1m| [0;31;1mTwitter: [0;37;22m@LeokoGar
[0;30;1m| [0;31;1mUpdate:
[0;30;1m|   [0;37;22mYou have the newest version
[0;30;1m[]================================[][m
 [m
[01:18:42] [Server thread/INFO]: [WorldEdit] Enabling WorldEdit v6.1;no_git_id
[01:18:43] [Server thread/INFO]: WEPIF: Using the Bukkit Permissions API.
[01:18:43] [Server thread/INFO]: [WorldEdit] Using com.sk89q.worldedit.bukkit.adapter.impl.Spigot_v1_8_R3 as the Bukkit adapter
[01:18:43] [Server thread/INFO]: [ViaVersion] Enabling ViaVersion v2.2.3
[01:18:43] [Server thread/INFO]: [Plan] Enabling Plan v5.1 build 505
[01:18:43] [Server thread/INFO]: [m
[01:18:43] [Server thread/INFO]: [0;32;22m           ██▌[m
[01:18:43] [Server thread/INFO]: [0;32;22m     ██▌   ██▌[m
[01:18:43] [Server thread/INFO]: [0;32;22m  ██▌██▌██▌██▌  [0;32;22mPlayer Analytics[m
[01:18:43] [Server thread/INFO]: [0;32;22m  ██▌██▌██▌██▌  [0;37;1mv5.1 build 505[m
[01:18:43] [Server thread/INFO]: [m
[01:18:43] [Server thread/INFO]: [Plan] Locale: 'English' by Rsl1122
[01:18:43] [Server thread/INFO]: [Plan] You're using the latest version.
[01:18:44] [Server thread/INFO]: [Plan] MySQL-database connection established.
[01:18:44] [Server thread/WARN]: [Plan] WebServer was not initialized. (WebServer.DisableWebServer: true)
[01:18:44] [Plan Non critical-pool-2/INFO]: [Plan] Proxy server detected in the database - Proxy Webserver address is 'http://73.208.230.243:8804'.
[01:18:44] [Server thread/INFO]: [Plan] Registered extension: AdvancedBan
[01:18:44] [Server thread/INFO]: [Plan] Registered extension: LuckPerms
[01:18:44] [Server thread/INFO]: [Plan] Registered extension: ViaVersion
[01:18:44] [Server thread/INFO]: [Plan] Player Analytics Enabled. (1207 ms)
[01:18:44] [Server thread/INFO]: [BungeeTabListPlus] Enabling BungeeTabListPlus v3.2.0
[01:18:44] [Server thread/INFO]: [WorldGuard] Enabling WorldGuard v6.1
[01:18:44] [Server thread/INFO]: [WorldGuard] (world) TNT ignition is PERMITTED.
[01:18:44] [Server thread/INFO]: [WorldGuard] (world) Lighters are PERMITTED.
[01:18:44] [Server thread/INFO]: [WorldGuard] (world) Lava fire is blocked.
[01:18:44] [Server thread/INFO]: [WorldGuard] (world) Fire spread is UNRESTRICTED.
[01:18:44] [Server thread/INFO]: [WorldGuard] Loaded configuration for world 'world'
[01:18:44] [Server thread/INFO]: [WorldGuard] (world_the_end) TNT ignition is PERMITTED.
[01:18:44] [Server thread/INFO]: [WorldGuard] (world_the_end) Lighters are PERMITTED.
[01:18:44] [Server thread/INFO]: [WorldGuard] (world_the_end) Lava fire is blocked.
[01:18:44] [Server thread/INFO]: [WorldGuard] (world_the_end) Fire spread is UNRESTRICTED.
[01:18:44] [Server thread/INFO]: [WorldGuard] Loaded configuration for world 'world_the_end'
[01:18:44] [Server thread/INFO]: [WorldGuard] Loading region data...
[01:18:45] [Server thread/INFO]: [PVP Arena] Enabling pvparena v1.3.1.50
[01:18:45] [Server thread/INFO]: [0;33;1m[PVP Arena[0;33;1m] [mdebugging: off[m
[01:18:45] [Server thread/INFO]: [PVP Arena] Downloading module update file...
[01:18:46] [Server thread/INFO]: [PVP Arena] Downloaded module update file
[01:18:46] [Thread-15/INFO]: Checking for updates...
[01:18:46] [Server thread/INFO]: [PVP Arena] Plugin tracking enabled. Set 'tracker: false' inside the main config to disable.
[01:18:46] [Server thread/INFO]: [PVP Arena] enabled (version pvparena v1.3.1.50)
[01:18:46] [Server thread/INFO]: [BungeePortals] Enabling BungeePortals v1.2
[01:18:46] [Server thread/INFO]: [BungeePortals] Metrics initiated!
[01:18:46] [Server thread/INFO]: [BungeePortals] Commands registered!
[01:18:46] [Server thread/INFO]: [BungeePortals] Events registered!
[01:18:46] [Server thread/INFO]: [BungeePortals] Plugin channel registered!
[01:18:46] [Server thread/INFO]: [BungeePortals] Configuration file config.yml loaded!
[01:18:46] [Server thread/INFO]: [BungeePortals] Configuration file portals.yml loaded!
[01:18:46] [Server thread/INFO]: [BungeePortals] Portal data loaded! (1ms)
[01:18:46] [Server thread/INFO]: [BungeePortals] Save task started!
[01:18:46] [Server thread/INFO]: [BungeePortals] Version 1.2 has been enabled. (17ms)
[01:18:46] [Server thread/INFO]: Server permissions file permissions.yml is empty, ignoring it
[01:18:46] [Server thread/INFO]: Done (6.572s)! For help, type "help" or "?"
[01:18:46] [Server thread/INFO]: Timings Reset
[01:18:46] [Server thread/INFO]: [ViaVersion] ViaVersion detected server version: 1.8.x(47)
[01:18:46] [Server thread/INFO]: [ViaVersion] Enabling Paper/TacoSpigot/Torch patch: Fixes block placement.
[01:18:46] [Thread-15/INFO]: You are using [0;33;1mv1.3.1.50[0;37;1m, an outdated version! Latest: [0;32;1mv1.3.2.140[m
[01:18:46] [Thread-15/INFO]: https://www.spigotmc.org/resources/pvp-arena.16584/[m
[01:25:52] [luckperms-scheduler-worker-3/INFO]: [0;37;22m[21m[[0;36;1m[21mL[0;36;22m[21mP[0;37;22m[21m] [0;36;22mLOG [0;36;22m[21m> [0;30;1m([0;33;1mMath0424[0;30;1m) [[0;32;1mG[0;30;1m] ([0;36;1msuperadmin[0;30;1m)[m
[01:25:52] [luckperms-scheduler-worker-3/INFO]: [0;37;22m[21m[[0;36;1m[21mL[0;36;22m[21mP[0;37;22m[21m] [0;36;22mLOG [0;36;22m[21m> [0;37;1mwebeditor add ab.reload true[m
[01:25:52] [luckperms-scheduler-worker-3/INFO]: [0;37;22m[21m[[0;36;1m[21mL[0;36;22m[21mP[0;37;22m[21m] [0;36;22mLOG [0;36;22m[21m> [0;30;1m([0;33;1mMath0424[0;30;1m) [[0;32;1mG[0;30;1m] ([0;36;1msuperadmin[0;30;1m)[m
[01:25:52] [luckperms-scheduler-worker-3/INFO]: [0;37;22m[21m[[0;36;1m[21mL[0;36;22m[21mP[0;37;22m[21m] [0;36;22mLOG [0;36;22m[21m> [0;37;1mwebeditor add ab.tempban.exempt true[m
[01:25:52] [luckperms-scheduler-worker-3/INFO]: [0;37;22m[21m[[0;36;1m[21mL[0;36;22m[21mP[0;37;22m[21m] [0;36;22mLOG [0;36;22m[21m> [0;30;1m([0;33;1mMath0424[0;30;1m) [[0;32;1mG[0;30;1m] ([0;36;1msuperadmin[0;30;1m)[m
[01:25:52] [luckperms-scheduler-worker-3/INFO]: [0;37;22m[21m[[0;36;1m[21mL[0;36;22m[21mP[0;37;22m[21m] [0;36;22mLOG [0;36;22m[21m> [0;37;1mwebeditor add ab.ipban.perma true[m
[01:25:53] [luckperms-scheduler-worker-3/INFO]: [0;37;22m[21m[[0;36;1m[21mL[0;36;22m[21mP[0;37;22m[21m] [0;36;22mLOG [0;36;22m[21m> [0;30;1m([0;33;1mMath0424[0;30;1m) [[0;32;1mG[0;30;1m] ([0;36;1madmin[0;30;1m)[m
[01:25:53] [luckperms-scheduler-worker-3/INFO]: [0;37;22m[21m[[0;36;1m[21mL[0;36;22m[21mP[0;37;22m[21m] [0;36;22mLOG [0;36;22m[21m> [0;37;1mwebeditor add ab.check.ip true[m
[01:25:53] [luckperms-scheduler-worker-3/INFO]: [0;37;22m[21m[[0;36;1m[21mL[0;36;22m[21mP[0;37;22m[21m] [0;36;22mLOG [0;36;22m[21m> [0;30;1m([0;33;1mMath0424[0;30;1m) [[0;32;1mG[0;30;1m] ([0;36;1madmin[0;30;1m)[m
[01:25:53] [luckperms-scheduler-worker-3/INFO]: [0;37;22m[21m[[0;36;1m[21mL[0;36;22m[21mP[0;37;22m[21m] [0;36;22mLOG [0;36;22m[21m> [0;37;1mwebeditor add ab.banlist true[m
[01:25:53] [luckperms-scheduler-worker-3/INFO]: [0;37;22m[21m[[0;36;1m[21mL[0;36;22m[21mP[0;37;22m[21m] [0;36;22mLOG [0;36;22m[21m> [0;30;1m([0;33;1mMath0424[0;30;1m) [[0;32;1mG[0;30;1m] ([0;36;1madmin[0;30;1m)[m
[01:25:53] [luckperms-scheduler-worker-3/INFO]: [0;37;22m[21m[[0;36;1m[21mL[0;36;22m[21mP[0;37;22m[21m] [0;36;22mLOG [0;36;22m[21m> [0;37;1mwebeditor add ab.ban.perma true[m
[01:25:53] [luckperms-scheduler-worker-3/INFO]: [0;37;22m[21m[[0;36;1m[21mL[0;36;22m[21mP[0;37;22m[21m] [0;36;22mLOG [0;36;22m[21m> [0;30;1m([0;33;1mMath0424[0;30;1m) [[0;32;1mG[0;30;1m] ([0;36;1madmin[0;30;1m)[m
[01:25:53] [luckperms-scheduler-worker-3/INFO]: [0;37;22m[21m[[0;36;1m[21mL[0;36;22m[21mP[0;37;22m[21m] [0;36;22mLOG [0;36;22m[21m> [0;37;1mwebeditor add ab.check true[m
[01:25:53] [luckperms-scheduler-worker-3/INFO]: [0;37;22m[21m[[0;36;1m[21mL[0;36;22m[21mP[0;37;22m[21m] [0;36;22mLOG [0;36;22m[21m> [0;30;1m([0;33;1mMath0424[0;30;1m) [[0;32;1mG[0;30;1m] ([0;36;1mmoderator[0;30;1m)[m
[01:25:53] [luckperms-scheduler-worker-3/INFO]: [0;37;22m[21m[[0;36;1m[21mL[0;36;22m[21mP[0;37;22m[21m] [0;36;22mLOG [0;36;22m[21m> [0;37;1mwebeditor add ab.kick.use true[m
[01:25:53] [luckperms-scheduler-worker-3/INFO]: [0;37;22m[21m[[0;36;1m[21mL[0;36;22m[21mP[0;37;22m[21m] [0;36;22mLOG [0;36;22m[21m> [0;30;1m([0;33;1mMath0424[0;30;1m) [[0;32;1mG[0;30;1m] ([0;36;1mmoderator[0;30;1m)[m
[01:25:53] [luckperms-scheduler-worker-3/INFO]: [0;37;22m[21m[[0;36;1m[21mL[0;36;22m[21mP[0;37;22m[21m] [0;36;22mLOG [0;36;22m[21m> [0;37;1mwebeditor add ab.ban.temp true[m
[01:25:53] [luckperms-scheduler-worker-3/INFO]: [0;37;22m[21m[[0;36;1m[21mL[0;36;22m[21mP[0;37;22m[21m] [0;36;22mLOG [0;36;22m[21m> [0;30;1m([0;33;1mMath0424[0;30;1m) [[0;32;1mG[0;30;1m] ([0;36;1mhelper[0;30;1m)[m
[01:25:53] [luckperms-scheduler-worker-3/INFO]: [0;37;22m[21m[[0;36;1m[21mL[0;36;22m[21mP[0;37;22m[21m] [0;36;22mLOG [0;36;22m[21m> [0;37;1mwebeditor add ab.warn.perma true[m
[01:25:53] [luckperms-scheduler-worker-3/INFO]: [0;37;22m[21m[[0;36;1m[21mL[0;36;22m[21mP[0;37;22m[21m] [0;36;22mLOG [0;36;22m[21m> [0;30;1m([0;33;1mMath0424[0;30;1m) [[0;32;1mG[0;30;1m] ([0;36;1mhelper[0;30;1m)[m
[01:25:53] [luckperms-scheduler-worker-3/INFO]: [0;37;22m[21m[[0;36;1m[21mL[0;36;22m[21mP[0;37;22m[21m] [0;36;22mLOG [0;36;22m[21m> [0;37;1mwebeditor add ab.mute.temp true[m
[01:25:53] [luckperms-scheduler-worker-3/INFO]: [0;37;22m[21m[[0;36;1m[21mL[0;36;22m[21mP[0;37;22m[21m] [0;36;22mLOG [0;36;22m[21m> [0;30;1m([0;33;1mMath0424[0;30;1m) [[0;32;1mG[0;30;1m] ([0;36;1mhelper[0;30;1m)[m
[01:25:53] [luckperms-scheduler-worker-3/INFO]: [0;37;22m[21m[[0;36;1m[21mL[0;36;22m[21mP[0;37;22m[21m] [0;36;22mLOG [0;36;22m[21m> [0;37;1mwebeditor add ab.warns.other true[m
[01:25:53] [luckperms-scheduler-worker-3/INFO]: [0;37;22m[21m[[0;36;1m[21mL[0;36;22m[21mP[0;37;22m[21m] [0;36;22mLOG [0;36;22m[21m> [0;30;1m([0;33;1mMath0424[0;30;1m) [[0;32;1mG[0;30;1m] ([0;36;1mhelper[0;30;1m)[m
[01:25:53] [luckperms-scheduler-worker-3/INFO]: [0;37;22m[21m[[0;36;1m[21mL[0;36;22m[21mP[0;37;22m[21m] [0;36;22mLOG [0;36;22m[21m> [0;37;1mwebeditor add ab.mute.perma true[m
[01:25:53] [luckperms-scheduler-worker-3/INFO]: [0;37;22m[21m[[0;36;1m[21mL[0;36;22m[21mP[0;37;22m[21m] [0;36;22mLOG [0;36;22m[21m> [0;30;1m([0;33;1mMath0424[0;30;1m) [[0;32;1mG[0;30;1m] ([0;36;1mhelper[0;30;1m)[m
[01:25:53] [luckperms-scheduler-worker-3/INFO]: [0;37;22m[21m[[0;36;1m[21mL[0;36;22m[21mP[0;37;22m[21m] [0;36;22mLOG [0;36;22m[21m> [0;37;1mwebeditor add ab.notify.ban true[m
[01:25:53] [luckperms-scheduler-worker-3/INFO]: [0;37;22m[21m[[0;36;1m[21mL[0;36;22m[21mP[0;37;22m[21m] [0;36;22mLOG [0;36;22m[21m> [0;30;1m([0;33;1mMath0424[0;30;1m) [[0;32;1mG[0;30;1m] ([0;36;1mhelper[0;30;1m)[m
[01:25:53] [luckperms-scheduler-worker-3/INFO]: [0;37;22m[21m[[0;36;1m[21mL[0;36;22m[21mP[0;37;22m[21m] [0;36;22mLOG [0;36;22m[21m> [0;37;1mwebeditor add ab.warn.temp true[m
[01:25:53] [luckperms-scheduler-worker-3/INFO]: [0;37;22m[21m[[0;36;1m[21mL[0;36;22m[21mP[0;37;22m[21m] [0;36;22mLOG [0;36;22m[21m> [0;30;1m([0;33;1mMath0424[0;30;1m) [[0;32;1mG[0;30;1m] ([0;36;1mhelper[0;30;1m)[m
[01:25:53] [luckperms-scheduler-worker-3/INFO]: [0;37;22m[21m[[0;36;1m[21mL[0;36;22m[21mP[0;37;22m[21m] [0;36;22mLOG [0;36;22m[21m> [0;37;1mwebeditor add ab.notify.mute true[m
[01:25:53] [luckperms-scheduler-worker-3/INFO]: [0;37;22m[21m[[0;36;1m[21mL[0;36;22m[21mP[0;37;22m[21m] [0;36;22mLOG [0;36;22m[21m> [0;30;1m([0;33;1mMath0424[0;30;1m) [[0;32;1mG[0;30;1m] ([0;36;1mhelper[0;30;1m)[m
[01:25:53] [luckperms-scheduler-worker-3/INFO]: [0;37;22m[21m[[0;36;1m[21mL[0;36;22m[21mP[0;37;22m[21m] [0;36;22mLOG [0;36;22m[21m> [0;37;1mwebeditor add ab.notify.warn true[m
[01:25:53] [luckperms-scheduler-worker-3/INFO]: [0;37;22m[21m[[0;36;1m[21mL[0;36;22m[21mP[0;37;22m[21m] [0;36;22mLOG [0;36;22m[21m> [0;30;1m([0;33;1mMath0424[0;30;1m) [[0;32;1mG[0;30;1m] ([0;36;1mdefault[0;30;1m)[m
[01:25:53] [luckperms-scheduler-worker-3/INFO]: [0;37;22m[21m[[0;36;1m[21mL[0;36;22m[21mP[0;37;22m[21m] [0;36;22mLOG [0;36;22m[21m> [0;37;1mwebeditor add ab.warns.own true[m
[01:25:55] [luckperms-scheduler-worker-3/INFO]: [LuckPerms] [Messaging] Received update ping with id: 53262dc6-2e5a-4f89-a777-4725a5d7bf0a
[02:31:32] [Thread-19/INFO]: UUID of player Math0424 is 79b308d7-618a-4acf-8123-3b5b0f25d949
[02:31:32] [Netty Epoll Server IO #1/WARN]: [ViaVersion] Ignoring plugin channel in outgoing REGISTER: WECUI
[02:31:32] [Server thread/INFO]: Math0424[/98.32.158.72:52589] logged in with entity id 168 at ([world]65.09303953067999, 93.0, 157.6368881531795)
[02:31:35] [Server thread/INFO]: Math0424 issued server command: /reload confirm
[02:31:35] [Server thread/INFO]: Math0424: [0;31;1mPlease note that this command is not supported and may cause issues when using some plugins.[m
[02:31:35] [Server thread/INFO]: Math0424: [0;31;1mIf you encounter any issues please use the /stop command to restart your server.[m
[02:31:35] [Server thread/INFO]: Spigot Timings: true - Verbose: true - Interval: 5m - Length: 60m
[02:31:35] [Server thread/INFO]: Server Ping Player Sample Count: 12
[02:31:35] [Server thread/INFO]: Using 4 threads for Netty based IO
[02:31:35] [Server thread/INFO]: Debug logging is disabled
[02:31:35] [Server thread/INFO]: Data value allowed items: 
[02:31:35] [Server thread/INFO]: [BungeePortals] Disabling BungeePortals v1.2
[02:31:35] [Server thread/INFO]: [BungeePortals] Portal data saved! (1ms)
[02:31:35] [Server thread/INFO]: [BungeePortals] Version 1.2 has been disabled. (1ms)
[02:31:35] [Server thread/INFO]: [PVP Arena] Disabling pvparena v1.3.1.50
[02:31:35] [Server thread/INFO]: [PVP Arena] Plugin tracking disabled. See you soon?
[02:31:35] [Server thread/INFO]: [PVP Arena] disabled (version pvparena v1.3.1.50)
[02:31:35] [Server thread/INFO]: [WorldGuard] Disabling WorldGuard v6.1
[02:31:35] [Server thread/INFO]: [WorldGuard] Shutting down executor and waiting for any pending tasks...
[02:31:35] [Server thread/INFO]: [BungeeTabListPlus] Disabling BungeeTabListPlus v3.2.0
[02:31:35] [Server thread/INFO]: [Plan] Disabling Plan v5.1 build 505
[02:31:35] [Server thread/INFO]: [Plan] Processing critical unprocessed tasks. (0)
[02:31:35] [Server thread/INFO]: [Plan] Processing complete.
[02:31:35] [Server thread/INFO]: [Plan] Player Analytics Disabled.
[02:31:35] [Server thread/INFO]: [ViaVersion] Disabling ViaVersion v2.2.3
[02:31:35] [Server thread/INFO]: [ViaVersion] ViaVersion is disabling, if this is a reload and you experience issues consider rebooting.
[02:31:35] [Server thread/INFO]: [WorldEdit] Disabling WorldEdit v6.1;no_git_id
[02:31:35] [Server thread/INFO]: [AdvancedBan] Disabling AdvancedBan v2.1.8
[02:31:35] [Server thread/INFO]: 
 
[0;30;1m[]=====[[0;37;22mDisabling AdvancedBan[0;30;1m]=====[]
[0;30;1m| [0;31;1mInformation:
[0;30;1m|   [0;31;1mName: [0;37;22mAdvancedBan
[0;30;1m|   [0;31;1mDeveloper: [0;37;22mLeoko
[0;30;1m|   [0;31;1mVersion: [0;37;22m2.1.8
[0;30;1m|   [0;31;1mStorage: [0;37;22mMySQL (external)
[0;30;1m| [0;31;1mSupport:
[0;30;1m|   [0;31;1mGithub: [0;37;22mhttps://github.com/DevLeoko/AdvancedBan/issues
[0;30;1m|   [0;31;1mDiscord: [0;37;22mhttps://discord.gg/ycDG6rS
[0;30;1m| [0;31;1mTwitter: [0;37;22m@LeokoGar
[0;30;1m[]================================[][m
 [m
[02:31:35] [Server thread/INFO]: [LuckPerms] Disabling LuckPerms v5.0.72
[02:31:35] [Server thread/INFO]: [LuckPerms] Starting shutdown process...
[02:31:35] [Server thread/INFO]: [LuckPerms] Closing messaging service...
[02:31:35] [Server thread/INFO]: [LuckPerms] Closing storage...
[02:31:35] [Server thread/WARN]: [Server thread] INFO me.lucko.luckperms.lib.hikari.HikariDataSource - luckperms-hikari - Shutdown initiated...
[02:31:35] [Server thread/WARN]: [Server thread] INFO me.lucko.luckperms.lib.hikari.HikariDataSource - luckperms-hikari - Shutdown completed.
[02:31:35] [Server thread/INFO]: [LuckPerms] Goodbye!
[02:31:35] [Server thread/INFO]: [DisableJoinMessage] Disabling DisableJoinMessage v1.0
[02:31:35] [Server thread/INFO]: [DisableJoinMessage] Loading DisableJoinMessage v1.0
[02:31:35] [Server thread/INFO]: [LuckPerms] Loading LuckPerms v5.0.72
[02:31:35] [Server thread/INFO]: [AdvancedBan] Loading AdvancedBan v2.1.8
[02:31:35] [Server thread/INFO]: [WorldEdit] Loading WorldEdit v6.1;no_git_id
[02:31:35] [Server thread/INFO]: [ViaVersion] Loading ViaVersion v2.2.3
[02:31:35] [Server thread/INFO]: [ViaVersion] ViaVersion 2.2.3 is now loaded, injecting!
[02:31:35] [Server thread/ERROR]: [ViaVersion] ViaVersion is already loaded, this should work fine. If you get any console errors, try rebooting.
[02:31:36] [Server thread/INFO]: [ViaVersion] Loading 1.12.2 -> 1.13 block mapping...
[02:31:36] [Server thread/INFO]: [ViaVersion] Loading 1.12.2 -> 1.13 item mapping...
[02:31:36] [Server thread/INFO]: [ViaVersion] Loading new 1.13 tags...
[02:31:36] [Server thread/INFO]: [ViaVersion] Loading 1.12.2 -> 1.13 enchantment mapping...
[02:31:36] [Server thread/INFO]: [ViaVersion] Loading 1.12.2 -> 1.13 sound mapping...
[02:31:36] [Server thread/INFO]: [ViaVersion] Loading translation mapping
[02:31:36] [Server thread/INFO]: [ViaVersion] Loading 1.13.2 -> 1.14 blockstate mapping...
[02:31:37] [Server thread/INFO]: [ViaVersion] Loading 1.13.2 -> 1.14 block mapping...
[02:31:37] [Server thread/INFO]: [ViaVersion] Loading 1.13.2 -> 1.14 item mapping...
[02:31:37] [Server thread/INFO]: [ViaVersion] Loading 1.13.2 -> 1.14 sound mapping...
[02:31:37] [Server thread/INFO]: [ViaVersion] Loading 1.14 blockstates...
[02:31:37] [Server thread/INFO]: [ViaVersion] Loading 1.14 heightmap data...
[02:31:37] [Server thread/INFO]: [ViaVersion] Loading 1.14.4 -> 1.15 blockstate mapping...
[02:31:37] [Server thread/INFO]: [ViaVersion] Loading 1.14.4 -> 1.15 block mapping...
[02:31:37] [Server thread/INFO]: [ViaVersion] Loading 1.14.4 -> 1.15 item mapping...
[02:31:38] [Server thread/INFO]: [ViaVersion] Loading 1.14.4 -> 1.15 sound mapping...
[02:31:38] [Server thread/INFO]: [Plan] Loading Plan v5.1 build 505
[02:31:38] [Server thread/INFO]: [NoHitDelay] Loading NoHitDelay v1.0.0
[02:31:38] [Server thread/INFO]: [BungeeTabListPlus] Loading BungeeTabListPlus v3.2.0
[02:31:38] [Server thread/INFO]: [WorldGuard] Loading WorldGuard v6.1
[02:31:38] [Server thread/INFO]: [PVP Arena] Loading pvparena v1.3.1.50
[02:31:38] [Server thread/INFO]: [BungeePortals] Loading BungeePortals v1.2
[02:31:38] [Server thread/INFO]: [LuckPerms] Enabling LuckPerms v5.0.72
[02:31:38] [Server thread/INFO]: [0;36;1m       [0;36;22m __    [m
[02:31:38] [Server thread/INFO]: [0;36;1m  |    [0;36;22m|__)   [0;32;22mLuckPerms [0;36;1mv5.0.72[m
[02:31:38] [Server thread/INFO]: [0;36;1m  |___ [0;36;22m|      [0;30;1mRunning on Bukkit - CraftBukkit[m
[02:31:38] [Server thread/INFO]: [m
[02:31:38] [Server thread/INFO]: [LuckPerms] Loading configuration...
[02:31:38] [Server thread/INFO]: [LuckPerms] Loading storage provider... [MYSQL]
[02:31:38] [Server thread/WARN]: [Server thread] INFO me.lucko.luckperms.lib.hikari.HikariDataSource - luckperms-hikari - Starting...
[02:31:38] [Server thread/WARN]: [Server thread] INFO me.lucko.luckperms.lib.hikari.HikariDataSource - luckperms-hikari - Start completed.
[02:31:38] [Server thread/INFO]: [LuckPerms] Loading messaging service... [SQL]
[02:31:38] [Server thread/INFO]: [LuckPerms] Loading internal permission managers...
[02:31:38] [Server thread/INFO]: [LuckPerms] Performing initial data load...
[02:31:38] [Server thread/INFO]: [LuckPerms] Successfully enabled. (took 627ms)
[02:31:38] [Server thread/INFO]: [DisableJoinMessage] Enabling DisableJoinMessage v1.0
[02:31:38] [Server thread/INFO]: §c===================================
[02:31:38] [Server thread/INFO]: §c===================================
[02:31:38] [Server thread/INFO]: §aCheck out my other Plugins!
[02:31:38] [Server thread/INFO]: §aI also sell a BedWars §aPlugin!
[02:31:38] [Server thread/INFO]: §c===================================
[02:31:38] [Server thread/INFO]: §c===================================
[02:31:38] [Server thread/INFO]: [AdvancedBan] Enabling AdvancedBan v2.1.8
[02:31:38] [Server thread/INFO]: 
 
[0;30;1m[]=====[[0;37;22mEnabling AdvancedBan[0;30;1m]=====[]
[0;30;1m| [0;31;1mInformation:
[0;30;1m|   [0;31;1mName: [0;37;22mAdvancedBan
[0;30;1m|   [0;31;1mDeveloper: [0;37;22mLeoko
[0;30;1m|   [0;31;1mVersion: [0;37;22m2.1.8
[0;30;1m|   [0;31;1mStorage: [0;37;22mMySQL (external)
[0;30;1m| [0;31;1mSupport:
[0;30;1m|   [0;31;1mGithub: [0;37;22mhttps://github.com/DevLeoko/AdvancedBan/issues
[0;30;1m|   [0;31;1mDiscord: [0;37;22mhttps://discord.gg/ycDG6rS
[0;30;1m| [0;31;1mTwitter: [0;37;22m@LeokoGar
[0;30;1m| [0;31;1mUpdate:
[0;30;1m|   [0;37;22mYou have the newest version
[0;30;1m[]================================[][m
 [m
[02:31:38] [Server thread/INFO]: [WorldEdit] Enabling WorldEdit v6.1;no_git_id
[02:31:38] [Server thread/INFO]: WEPIF: Using the Bukkit Permissions API.
[02:31:38] [Server thread/INFO]: [WorldEdit] Using com.sk89q.worldedit.bukkit.adapter.impl.Spigot_v1_8_R3 as the Bukkit adapter
[02:31:38] [Server thread/INFO]: [ViaVersion] Enabling ViaVersion v2.2.3
[02:31:38] [Server thread/INFO]: [Plan] Enabling Plan v5.1 build 505
[02:31:39] [Server thread/INFO]: [m
[02:31:39] [Server thread/INFO]: [0;32;22m           ██▌[m
[02:31:39] [Server thread/INFO]: [0;32;22m     ██▌   ██▌[m
[02:31:39] [Server thread/INFO]: [0;32;22m  ██▌██▌██▌██▌  [0;32;22mPlayer Analytics[m
[02:31:39] [Server thread/INFO]: [0;32;22m  ██▌██▌██▌██▌  [0;37;1mv5.1 build 505[m
[02:31:39] [Server thread/INFO]: [m
[02:31:39] [Server thread/INFO]: [Plan] Locale: 'English' by Rsl1122
[02:31:39] [Server thread/INFO]: [Plan] You're using the latest version.
[02:31:39] [Server thread/INFO]: [Plan] MySQL-database connection established.
[02:31:39] [Server thread/WARN]: [Plan] WebServer was not initialized. (WebServer.DisableWebServer: true)
[02:31:39] [Plan Non critical-pool-2/INFO]: [Plan] Proxy server detected in the database - Proxy Webserver address is 'http://73.208.230.243:8804'.
[02:31:39] [Server thread/INFO]: [Plan] Registered extension: AdvancedBan
[02:31:39] [Server thread/INFO]: [Plan] Registered extension: LuckPerms
[02:31:39] [Server thread/INFO]: [Plan] Registered extension: ViaVersion
[02:31:39] [Server thread/INFO]: [Plan] Player Analytics Enabled. (643 ms)
[02:31:39] [Server thread/INFO]: [NoHitDelay] Enabling NoHitDelay v1.0.0
[02:31:39] [Server thread/INFO]: [BungeeTabListPlus] Enabling BungeeTabListPlus v3.2.0
[02:31:39] [Server thread/INFO]: [WorldGuard] Enabling WorldGuard v6.1
[02:31:39] [Server thread/INFO]: [WorldGuard] (world) TNT ignition is PERMITTED.
[02:31:39] [Server thread/INFO]: [WorldGuard] (world) Lighters are PERMITTED.
[02:31:39] [Server thread/INFO]: [WorldGuard] (world) Lava fire is blocked.
[02:31:39] [Server thread/INFO]: [WorldGuard] (world) Fire spread is UNRESTRICTED.
[02:31:39] [Server thread/INFO]: [WorldGuard] Loaded configuration for world 'world'
[02:31:39] [Server thread/INFO]: [WorldGuard] (world_the_end) TNT ignition is PERMITTED.
[02:31:39] [Server thread/INFO]: [WorldGuard] (world_the_end) Lighters are PERMITTED.
[02:31:39] [Server thread/INFO]: [WorldGuard] (world_the_end) Lava fire is blocked.
[02:31:39] [Server thread/INFO]: [WorldGuard] (world_the_end) Fire spread is UNRESTRICTED.
[02:31:39] [Server thread/INFO]: [WorldGuard] Loaded configuration for world 'world_the_end'
[02:31:39] [Server thread/INFO]: [WorldGuard] Loading region data...
[02:31:39] [Server thread/INFO]: [PVP Arena] Enabling pvparena v1.3.1.50
[02:31:39] [Server thread/INFO]: [0;33;1m[PVP Arena[0;33;1m] [mdebugging: off[m
[02:31:40] [Server thread/INFO]: [PVP Arena] Downloading module update file...
[02:31:40] [Server thread/INFO]: [PVP Arena] Downloaded module update file
[02:31:40] [Thread-27/INFO]: Checking for updates...
[02:31:40] [Server thread/INFO]: [PVP Arena] Plugin tracking enabled. Set 'tracker: false' inside the main config to disable.
[02:31:40] [Server thread/INFO]: [PVP Arena] enabled (version pvparena v1.3.1.50)
[02:31:40] [Server thread/INFO]: [BungeePortals] Enabling BungeePortals v1.2
[02:31:40] [Server thread/INFO]: [BungeePortals] Metrics initiated!
[02:31:40] [Server thread/INFO]: [BungeePortals] Commands registered!
[02:31:40] [Server thread/INFO]: [BungeePortals] Events registered!
[02:31:40] [Server thread/INFO]: [BungeePortals] Plugin channel registered!
[02:31:40] [Server thread/INFO]: [BungeePortals] Configuration file config.yml loaded!
[02:31:40] [Server thread/INFO]: [BungeePortals] Configuration file portals.yml loaded!
[02:31:40] [Server thread/INFO]: [BungeePortals] Portal data loaded! (1ms)
[02:31:40] [Server thread/INFO]: [BungeePortals] Save task started!
[02:31:40] [Server thread/INFO]: [BungeePortals] Version 1.2 has been enabled. (7ms)
[02:31:40] [Server thread/INFO]: Server permissions file permissions.yml is empty, ignoring it
[02:31:40] [Server thread/INFO]: Math0424: [0;32;1mReload complete.[m
[02:31:40] [Server thread/INFO]: [ViaVersion] ViaVersion detected server version: 1.8.x(47)
[02:31:40] [Server thread/INFO]: [ViaVersion] Enabling Paper/TacoSpigot/Torch patch: Fixes block placement.
[02:31:40] [Thread-27/INFO]: You are using [0;33;1mv1.3.1.50[0;37;1m, an outdated version! Latest: [0;32;1mv1.3.2.140[m
[02:31:40] [Thread-27/INFO]: https://www.spigotmc.org/resources/pvp-arena.16584/[m
[02:31:41] [Server thread/INFO]: Timings Reset
[02:31:42] [Server thread/INFO]: Math0424 issued server command: /plugins
[02:31:46] [Thread-28/INFO]: UUID of player Hallflower is 26becbb5-f35b-49d6-8517-d7da5a95429e
[02:31:46] [Server thread/INFO]: Hallflower[/10.0.1.4:38479] logged in with entity id 220 at ([world]63.300000011920936, 94.24918707874468, 158.0823936783142)
[02:31:46] [Netty Epoll Server IO #2/WARN]: [ViaVersion] Ignoring plugin channel in outgoing REGISTER: WECUI
[02:31:47] [Server thread/INFO]: Hallflower lost connection: Internal Exception: java.io.IOException: Error while write(...): Broken pipe
[02:31:49] [Server thread/INFO]: Math0424 issued server command: /pa main
[02:31:57] [Thread-29/INFO]: UUID of player Hallflower is 26becbb5-f35b-49d6-8517-d7da5a95429e
[02:31:57] [Netty Epoll Server IO #3/WARN]: [ViaVersion] Ignoring plugin channel in outgoing REGISTER: WECUI
[02:31:57] [Server thread/INFO]: Hallflower[/10.0.1.4:52023] logged in with entity id 228 at ([world]63.300000011920936, 93.0, 158.0823936783142)
[02:32:07] [Server thread/INFO]: Hallflower issued server command: /pa main
[02:33:25] [Server thread/INFO]: Hallflower lost connection: Disconnected
[02:33:28] [Server thread/INFO]: Math0424 lost connection: Disconnected
