[16:49:16] [Thread-83/INFO]: [0;30;1m[[0;31;1mAdvancedBan[0;30;1m] [0;37;22mAn unexpected error has occurred executing an Statement in the database
Please check the plugins/AdvancedBan/logs/latest.log file and report thiserror in: https://github.com/DevLeoko/AdvancedBan/issues[m
[16:49:16] [Thread-83/ERROR]: Could not pass event AsyncPlayerPreLoginEvent to AdvancedBan v2.1.8
org.bukkit.event.EventException
	at org.bukkit.plugin.java.JavaPluginLoader$1.execute(JavaPluginLoader.java:302) ~[server.jar:git-PaperSpigot-"4c7641d"]
	at co.aikar.timings.TimedEventExecutor.execute(TimedEventExecutor.java:74) ~[server.jar:git-PaperSpigot-"4c7641d"]
	at org.bukkit.plugin.RegisteredListener.callEvent(RegisteredListener.java:62) ~[server.jar:git-PaperSpigot-"4c7641d"]
	at org.bukkit.plugin.SimplePluginManager.fireEvent(SimplePluginManager.java:517) [server.jar:git-PaperSpigot-"4c7641d"]
	at org.bukkit.plugin.SimplePluginManager.callEvent(SimplePluginManager.java:499) [server.jar:git-PaperSpigot-"4c7641d"]
	at net.minecraft.server.v1_8_R3.LoginListener$LoginHandler.fireEvents(LoginListener.java:248) [server.jar:git-PaperSpigot-"4c7641d"]
	at net.minecraft.server.v1_8_R3.LoginListener$2.run(LoginListener.java:172) [server.jar:git-PaperSpigot-"4c7641d"]
	at java.lang.Thread.run(Thread.java:748) [?:1.8.0_252]
Caused by: java.lang.NullPointerException
	at me.leoko.advancedban.manager.PunishmentManager.load(PunishmentManager.java:62) ~[?:?]
	at me.leoko.advancedban.Universal.callConnection(Universal.java:268) ~[?:?]
	at me.leoko.advancedban.bukkit.listener.ConnectionListener.onConnect(ConnectionListener.java:21) ~[?:?]
	at sun.reflect.GeneratedMethodAccessor36.invoke(Unknown Source) ~[?:?]
	at sun.reflect.DelegatingMethodAccessorImpl.invoke(DelegatingMethodAccessorImpl.java:43) ~[?:1.8.0_252]
	at java.lang.reflect.Method.invoke(Method.java:498) ~[?:1.8.0_252]
	at org.bukkit.plugin.java.JavaPluginLoader$1.execute(JavaPluginLoader.java:300) ~[server.jar:git-PaperSpigot-"4c7641d"]
	... 7 more
[16:49:16] [Thread-83/INFO]: UUID of player Math0424 is 79b308d7-618a-4acf-8123-3b5b0f25d949
[16:49:16] [Netty Epoll Server IO #3/WARN]: [ViaVersion] Ignoring plugin channel in outgoing REGISTER: WECUI
[16:49:16] [Server thread/INFO]: Math0424[/98.32.158.72:55223] logged in with entity id 37 at ([world]0.0, 71.0, 0.0)
[16:49:32] [Server thread/INFO]: Math0424 lost connection: Disconnected
[18:16:09] [Thread-88/INFO]: UUID of player stephie8 is d281893e-0be9-48fb-bfa9-ddee3f4261c1
[18:16:09] [Server thread/INFO]: stephie8[/98.32.159.91:54841] logged in with entity id 38 at ([world]0.0, 71.0, 0.0)
[18:16:10] [Thread-89/INFO]: UUID of player 28weky is e6767cfe-4fe7-434b-a181-d1addfa79754
[18:16:10] [Netty Epoll Server IO #1/WARN]: [ViaVersion] Ignoring plugin channel in outgoing REGISTER: WECUI
[18:16:10] [Server thread/INFO]: 28weky[/71.57.73.125:34361] logged in with entity id 39 at ([world]0.0, 71.0, 0.0)
[18:16:19] [Thread-90/INFO]: UUID of player _HeroXD_ is 3c5fb93e-2cbf-4f42-9c07-53b2104dce77
[18:16:19] [Server thread/INFO]: _HeroXD_[/73.211.183.236:42011] logged in with entity id 40 at ([world]0.0, 71.0, 0.0)
[18:16:37] [Server thread/INFO]: 28weky lost connection: Disconnected
[18:16:38] [Server thread/INFO]: _HeroXD_ lost connection: Disconnected
[18:16:39] [Server thread/INFO]: stephie8 lost connection: Disconnected
[18:16:42] [Thread-91/INFO]: UUID of player ArgonBeluga is ed0da955-a842-4ed5-aa87-a45001abeb55
[18:16:42] [Netty Epoll Server IO #3/WARN]: [ViaVersion] Ignoring plugin channel in outgoing REGISTER: WECUI
[18:16:42] [Server thread/INFO]: ArgonBeluga[/24.14.234.82:60301] logged in with entity id 41 at ([world]0.0, 71.0, 0.0)
[18:16:43] [Thread-92/INFO]: UUID of player q4u5 is 8e770339-d732-46dc-84d3-752fb0de67ff
[18:16:43] [Netty Epoll Server IO #0/WARN]: [ViaVersion] Ignoring plugin channel in outgoing REGISTER: WECUI
[18:16:43] [Server thread/INFO]: q4u5[/71.194.214.223:37503] logged in with entity id 42 at ([world]0.0, 71.0, 0.0)
[18:16:48] [Server thread/INFO]: ArgonBeluga lost connection: Disconnected
[18:16:57] [Server thread/INFO]: q4u5 lost connection: Disconnected
[19:13:35] [Thread-95/INFO]: UUID of player 28weky is e6767cfe-4fe7-434b-a181-d1addfa79754
[19:13:35] [Netty Epoll Server IO #1/WARN]: [ViaVersion] Ignoring plugin channel in outgoing REGISTER: WECUI
[19:13:35] [Server thread/INFO]: 28weky[/71.57.73.125:57523] logged in with entity id 43 at ([world]0.0, 71.0, 0.0)
[19:13:40] [Thread-96/INFO]: UUID of player ArgonBeluga is ed0da955-a842-4ed5-aa87-a45001abeb55
[19:13:40] [Netty Epoll Server IO #2/WARN]: [ViaVersion] Ignoring plugin channel in outgoing REGISTER: WECUI
[19:13:40] [Server thread/INFO]: ArgonBeluga[/24.14.234.82:40431] logged in with entity id 44 at ([world]0.0, 71.0, 0.0)
[19:13:45] [Server thread/INFO]: ArgonBeluga lost connection: Disconnected
[19:13:47] [Server thread/INFO]: 28weky lost connection: Disconnected
[19:13:49] [Thread-97/INFO]: UUID of player AJV_ is 5d84893e-33b9-490b-959c-38ae65397eef
[19:13:49] [Netty Epoll Server IO #3/WARN]: [ViaVersion] Ignoring plugin channel in outgoing REGISTER: WECUI
[19:13:49] [Server thread/INFO]: AJV_[/70.134.200.117:46627] logged in with entity id 45 at ([world]0.0, 71.0, 0.0)
[19:14:13] [Server thread/INFO]: AJV_ lost connection: Disconnected
[19:14:53] [Thread-98/INFO]: UUID of player ArgonBeluga is ed0da955-a842-4ed5-aa87-a45001abeb55
[19:14:53] [Netty Epoll Server IO #0/WARN]: [ViaVersion] Ignoring plugin channel in outgoing REGISTER: WECUI
[19:14:53] [Server thread/INFO]: ArgonBeluga[/24.14.234.82:53415] logged in with entity id 46 at ([world]0.0, 71.0, 0.0)
[19:15:01] [Server thread/INFO]: ArgonBeluga lost connection: Disconnected
[19:19:05] [Thread-99/INFO]: UUID of player stephie8 is d281893e-0be9-48fb-bfa9-ddee3f4261c1
[19:19:05] [Netty Epoll Server IO #1/WARN]: [ViaVersion] Ignoring plugin channel in outgoing REGISTER: WECUI
[19:19:05] [Server thread/INFO]: stephie8[/98.32.159.91:33415] logged in with entity id 47 at ([world]0.0, 71.0, 0.0)
[19:19:14] [Server thread/INFO]: stephie8 lost connection: Disconnected
[19:26:08] [Thread-100/INFO]: UUID of player ArgonBeluga is ed0da955-a842-4ed5-aa87-a45001abeb55
[19:26:09] [Netty Epoll Server IO #2/WARN]: [ViaVersion] Ignoring plugin channel in outgoing REGISTER: WECUI
[19:26:09] [Server thread/INFO]: ArgonBeluga[/24.14.234.82:37019] logged in with entity id 48 at ([world]0.0, 71.0, 0.0)
[19:26:10] [Server thread/INFO]: ArgonBeluga lost connection: Disconnected
[19:39:26] [Thread-102/INFO]: UUID of player Hallflower is 26becbb5-f35b-49d6-8517-d7da5a95429e
[19:39:26] [Server thread/INFO]: Hallflower[/10.0.1.4:33189] logged in with entity id 49 at ([world]0.0, 71.0, 0.0)
[19:43:03] [Server thread/INFO]: Hallflower lost connection: Disconnected
[20:09:11] [Thread-104/INFO]: UUID of player DavidTheStarman is a8570f8f-d7cd-4df3-b864-e7e5b5e71eb9
[20:09:11] [Netty Epoll Server IO #0/WARN]: [ViaVersion] Ignoring plugin channel in outgoing REGISTER: WECUI
[20:09:11] [Server thread/INFO]: DavidTheStarman[/73.208.230.151:41631] logged in with entity id 50 at ([world]0.0, 71.0, 0.0)
[20:15:39] [Server thread/INFO]: DavidTheStarman lost connection: Disconnected
[20:19:35] [Thread-105/INFO]: UUID of player DavidTheStarman is a8570f8f-d7cd-4df3-b864-e7e5b5e71eb9
[20:19:35] [Netty Epoll Server IO #1/WARN]: [ViaVersion] Ignoring plugin channel in outgoing REGISTER: WECUI
[20:19:35] [Server thread/INFO]: DavidTheStarman[/73.208.230.151:35733] logged in with entity id 51 at ([world]0.0, 71.0, 0.0)
[20:20:46] [Server thread/INFO]: DavidTheStarman lost connection: Disconnected
[23:38:32] [Thread-113/INFO]: UUID of player iamthecaleb is 7e42c253-a8cf-4539-9ca7-bd254194a923
[23:38:32] [Netty Epoll Server IO #2/WARN]: [ViaVersion] Ignoring plugin channel in outgoing REGISTER: WECUI
[23:38:32] [Server thread/INFO]: iamthecaleb[/24.14.242.238:37273] logged in with entity id 52 at ([world]0.0, 71.0, 0.0)
[23:38:48] [Server thread/INFO]: iamthecaleb lost connection: Disconnected
[23:39:07] [Thread-114/INFO]: UUID of player iamthecaleb is 7e42c253-a8cf-4539-9ca7-bd254194a923
[23:39:07] [Netty Epoll Server IO #3/WARN]: [ViaVersion] Ignoring plugin channel in outgoing REGISTER: WECUI
[23:39:07] [Server thread/INFO]: iamthecaleb[/24.14.242.238:54249] logged in with entity id 53 at ([world]0.0, 71.0, 0.0)
[23:39:19] [Server thread/INFO]: iamthecaleb lost connection: Disconnected
[23:41:51] [Thread-115/INFO]: UUID of player iamthecaleb is 7e42c253-a8cf-4539-9ca7-bd254194a923
[23:41:51] [Netty Epoll Server IO #0/WARN]: [ViaVersion] Ignoring plugin channel in outgoing REGISTER: WECUI
[23:41:51] [Server thread/INFO]: iamthecaleb[/24.14.242.238:51265] logged in with entity id 54 at ([world]0.0, 71.0, 0.0)
[23:42:07] [Server thread/INFO]: iamthecaleb lost connection: Disconnected
[23:43:33] [Thread-116/INFO]: UUID of player iamthecaleb is 7e42c253-a8cf-4539-9ca7-bd254194a923
[23:43:33] [Netty Epoll Server IO #1/WARN]: [ViaVersion] Ignoring plugin channel in outgoing REGISTER: WECUI
[23:43:33] [Server thread/INFO]: iamthecaleb[/24.14.242.238:39899] logged in with entity id 55 at ([world]0.0, 71.0, 0.0)
[23:43:55] [Thread-117/INFO]: UUID of player cutepink2505 is c2506f69-3768-4c2d-b1c1-305b1685fe5f
[23:43:55] [Netty Epoll Server IO #2/WARN]: [ViaVersion] Ignoring plugin channel in outgoing REGISTER: WECUI
[23:43:55] [Server thread/INFO]: cutepink2505[/10.0.1.86:44973] logged in with entity id 56 at ([world]0.0, 71.0, 0.0)
[23:43:56] [Server thread/INFO]: iamthecaleb lost connection: Disconnected
[23:44:08] [Server thread/INFO]: cutepink2505 lost connection: Disconnected
[23:45:08] [Thread-118/INFO]: UUID of player Math0424 is 79b308d7-618a-4acf-8123-3b5b0f25d949
[23:45:08] [Netty Epoll Server IO #3/WARN]: [ViaVersion] Ignoring plugin channel in outgoing REGISTER: WECUI
[23:45:08] [Server thread/INFO]: Math0424[/98.32.158.72:46307] logged in with entity id 57 at ([world]0.0, 71.0, 0.0)
[23:45:27] [Server thread/INFO]: Math0424 lost connection: Disconnected
[23:45:49] [Thread-119/INFO]: UUID of player Hallflower is 26becbb5-f35b-49d6-8517-d7da5a95429e
[23:45:50] [Server thread/INFO]: Hallflower[/10.0.1.4:48891] logged in with entity id 58 at ([world]0.0, 71.0, 0.0)
[23:47:15] [luckperms-scheduler-worker-7/INFO]: [0;37;22m[21m[[0;36;1m[21mL[0;36;22m[21mP[0;37;22m[21m] [0;36;22mLOG [0;36;22m[21m> [0;30;1m([0;33;1mMath0424[0;30;1m) [[0;32;1mG[0;30;1m] ([0;36;1mdefault[0;30;1m)[m
[23:47:15] [luckperms-scheduler-worker-7/INFO]: [0;37;22m[21m[[0;36;1m[21mL[0;36;22m[21mP[0;37;22m[21m] [0;36;22mLOG [0;36;22m[21m> [0;37;1mwebeditor add griefprevention.createclaims true[m
[23:47:15] [luckperms-scheduler-worker-7/INFO]: [0;37;22m[21m[[0;36;1m[21mL[0;36;22m[21mP[0;37;22m[21m] [0;36;22mLOG [0;36;22m[21m> [0;30;1m([0;33;1mMath0424[0;30;1m) [[0;32;1mG[0;30;1m] ([0;36;1mdefault[0;30;1m)[m
[23:47:15] [luckperms-scheduler-worker-7/INFO]: [0;37;22m[21m[[0;36;1m[21mL[0;36;22m[21mP[0;37;22m[21m] [0;36;22mLOG [0;36;22m[21m> [0;37;1mwebeditor add griefprevention.transferclaim true[m
[23:47:15] [luckperms-scheduler-worker-7/INFO]: [0;37;22m[21m[[0;36;1m[21mL[0;36;22m[21mP[0;37;22m[21m] [0;36;22mLOG [0;36;22m[21m> [0;30;1m([0;33;1mMath0424[0;30;1m) [[0;32;1mG[0;30;1m] ([0;36;1mdefault[0;30;1m)[m
[23:47:15] [luckperms-scheduler-worker-7/INFO]: [0;37;22m[21m[[0;36;1m[21mL[0;36;22m[21mP[0;37;22m[21m] [0;36;22mLOG [0;36;22m[21m> [0;37;1mwebeditor add griefprevention.seeclaimsize true[m
[23:47:15] [luckperms-scheduler-worker-7/INFO]: [0;37;22m[21m[[0;36;1m[21mL[0;36;22m[21mP[0;37;22m[21m] [0;36;22mLOG [0;36;22m[21m> [0;30;1m([0;33;1mMath0424[0;30;1m) [[0;32;1mG[0;30;1m] ([0;36;1mdefault[0;30;1m)[m
[23:47:15] [luckperms-scheduler-worker-7/INFO]: [0;37;22m[21m[[0;36;1m[21mL[0;36;22m[21mP[0;37;22m[21m] [0;36;22mLOG [0;36;22m[21m> [0;37;1mwebeditor add griefprevention.deleteclaims true[m
[23:47:17] [luckperms-scheduler-worker-7/INFO]: [LuckPerms] [Messaging] Received update ping with id: 2b77922f-7168-4c4a-9bcf-1673ca71cccd
[23:47:29] [Server thread/INFO]: Hallflower issued server command: /weather clear
