#
# A fatal error has been detected by the Java Runtime Environment:
#
#  SIGSEGV (0xb) at pc=0x00007fc4722b1686, pid=12037, tid=0x00007fc3f78fc700
#
# JRE version: OpenJDK Runtime Environment (8.0_252-b09) (build 1.8.0_252-8u252-b09-1~18.04-b09)
# Java VM: OpenJDK 64-Bit Server VM (25.252-b09 mixed mode linux-amd64 compressed oops)
# Problematic frame:
# C  [libc.so.6+0xbb686]
#
# Failed to write core dump. Core dumps have been disabled. To enable core dumping, try "ulimit -c unlimited" before starting Java again
#
# If you would like to submit a bug report, please visit:
#   http://bugreport.java.com/bugreport/crash.jsp
# The crash happened outside the Java Virtual Machine in native code.
# See problematic frame for where to report the bug.
#

---------------  T H R E A D  ---------------

Current thread (0x00007fc46c8db800):  JavaThread "Server thread" [_thread_in_native, id=12099, stack(0x00007fc3f77fc000,0x00007fc3f78fd000)]

siginfo: si_signo: 11 (SIGSEGV), si_code: 2 (SEGV_ACCERR), si_addr: 0x00007fc47000a000

Registers:
RAX=0x00007fc38db9e0a0, RBX=0x00007fc38c105f70, RCX=0x00007fc38dbac090, RDX=0x000000000000bd30
RSP=0x00007fc3f78f9288, RBP=0x00007fc3f78f9300, RSI=0x00007fc470009fe0, RDI=0x00007fc38dba0370
R8 =0xfffffffffffffff0, R9 =0x00007fc38db9a310, R10=0x00007fc38db9e0a0, R11=0x00007fc38db9e0a0
R12=0x000000000000e000, R13=0x000000000000e000, R14=0x00007fc38db99800, R15=0x00007fc470006cda
RIP=0x00007fc4722b1686, EFLAGS=0x0000000000010206, CSGSFS=0x002b000000000033, ERR=0x0000000000000004
  TRAPNO=0x000000000000000e

Top of Stack: (sp=0x00007fc3f78f9288)
0x00007fc3f78f9288:   00007fc46b17c1de 00007fc38db9a310
0x00007fc3f78f9298:   00000808f639e940 0000000000000000
0x00007fc3f78f92a8:   00007fc300000808 00000000a4000004
0x00007fc3f78f92b8:   00007fc38db9a310 0000000000000800
0x00007fc3f78f92c8:   000000000808e000 000000000000002f
0x00007fc3f78f92d8:   00007fc38c1060d0 000000000000002f
0x00007fc3f78f92e8:   00000000ca044989 00007fc38c105f70
0x00007fc3f78f92f8:   00007fc38c125e20 00007fc3f78f9350
0x00007fc3f78f9308:   00007fc46b17cabe 01007fc30000002f
0x00007fc3f78f9318:   00007fc3f78f9370 00007fc3f78f9350
0x00007fc3f78f9328:   000000000000002f 00007fc46c8db9e0
0x00007fc3f78f9338:   00007fc3f78f97c8 00007fc3f78f9370
0x00007fc3f78f9348:   00007fc38c105f70 00007fc3f78f97b0
0x00007fc3f78f9358:   00007fc46b17aac5 306874614d2f656d
0x00007fc3f78f9368:   4262754800000001 306874614d2f656d
0x00007fc3f78f9378:   426275482f343234 746e492f63697361
0x00007fc3f78f9388:   656c626174636172 726f746e65766e49
0x00007fc3f78f9398:   007373616c632e79 00007fc3f78f9300
0x00007fc3f78f93a8:   00007fc4712fbb38 00007fc46c8db800
0x00007fc3f78f93b8:   0000000000000000 00007fc3f78f9410
0x00007fc3f78f93c8:   00007fc46b17cb41 0000000000000030
0x00007fc3f78f93d8:   00007fc3f78f9430 00007fc3f78f9410
0x00007fc3f78f93e8:   000000000000002f 00007fc46c8db9e0
0x00007fc3f78f93f8:   00007fc3f78f9888 00007fc3f78f9430
0x00007fc3f78f9408:   00007fc46c4972a0 00007fc3f78f9870
0x00007fc3f78f9418:   00007fc46b17aac5 00007fc3f78f9530
0x00007fc3f78f9428:   00007fc400000001 306874614d2f656d
0x00007fc3f78f9438:   426275482f343234 746e492f63697361
0x00007fc3f78f9448:   656c626174636172 726f746e65766e49
0x00007fc3f78f9458:   2f7373616c632e79 00007fc46c8db800
0x00007fc3f78f9468:   00007fc46c8365f8 00007fc46c8365f0
0x00007fc3f78f9478:   00007fc3f78fae20 0000000000000000 

Instructions: (pc=0x00007fc4722b1686)
0x00007fc4722b1666:   83 e8 10 4c 29 c6 4c 29 c7 4c 01 c2 48 3b 15 ff
0x00007fc4722b1676:   4f 33 00 0f 87 cc 00 00 00 0f 10 06 0f 10 4e 10
0x00007fc4722b1686:   0f 10 56 20 0f 10 5e 30 48 83 c6 40 48 83 ea 40
0x00007fc4722b1696:   0f 29 07 0f 29 4f 10 0f 29 57 20 0f 29 5f 30 48 

Register to memory mapping:

RAX=0x00007fc38db9e0a0 is an unknown value
RBX=0x00007fc38c105f70 is an unknown value
RCX=0x00007fc38dbac090 is an unknown value
RDX=0x000000000000bd30 is an unknown value
RSP=0x00007fc3f78f9288 is pointing into the stack for thread: 0x00007fc46c8db800
RBP=0x00007fc3f78f9300 is pointing into the stack for thread: 0x00007fc46c8db800
RSI=0x00007fc470009fe0 is an unknown value
RDI=0x00007fc38dba0370 is an unknown value
R8 =0xfffffffffffffff0 is an unknown value
R9 =0x00007fc38db9a310 is an unknown value
R10=0x00007fc38db9e0a0 is an unknown value
R11=0x00007fc38db9e0a0 is an unknown value
R12=0x000000000000e000 is an unknown value
R13=0x000000000000e000 is an unknown value
R14=0x00007fc38db99800 is an unknown value
R15=0x00007fc470006cda is an unknown value


Stack: [0x00007fc3f77fc000,0x00007fc3f78fd000],  sp=0x00007fc3f78f9288,  free space=1012k
Native frames: (J=compiled Java code, j=interpreted, Vv=VM code, C=native code)
C  [libc.so.6+0xbb686]
C  [libzip.so+0x5abe]
C  [libzip.so+0x3ac5]  Java_java_util_zip_ZipFile_getEntry+0x85
J 56  java.util.zip.ZipFile.getEntry(J[BZ)J (0 bytes) @ 0x00007fc45c4d048e [0x00007fc45c4d03c0+0xce]
J 1691 C2 sun.misc.URLClassPath$JarLoader.getResource(Ljava/lang/String;Z)Lsun/misc/Resource; (85 bytes) @ 0x00007fc45c959100 [0x00007fc45c958d40+0x3c0]
J 2255 C2 java.net.URLClassLoader$1.run()Ljava/lang/Object; (5 bytes) @ 0x00007fc45cc54eac [0x00007fc45cc54900+0x5ac]
v  ~StubRoutines::call_stub
V  [libjvm.so+0x68550a]
V  [libjvm.so+0x6dad90]  JVM_DoPrivileged+0x550
J 587  java.security.AccessController.doPrivileged(Ljava/security/PrivilegedExceptionAction;Ljava/security/AccessControlContext;)Ljava/lang/Object; (0 bytes) @ 0x00007fc45c5e76d5 [0x00007fc45c5e7600+0xd5]
J 2672 C2 org.bukkit.plugin.java.PluginClassLoader.findClass(Ljava/lang/String;Z)Ljava/lang/Class; (95 bytes) @ 0x00007fc45ccb9b4c [0x00007fc45ccb8220+0x192c]
J 2381 C1 org.bukkit.plugin.java.PluginClassLoader.findClass(Ljava/lang/String;)Ljava/lang/Class; (7 bytes) @ 0x00007fc45cb507fc [0x00007fc45cb50700+0xfc]
J 2225 C2 java.lang.ClassLoader.loadClass(Ljava/lang/String;Z)Ljava/lang/Class; (122 bytes) @ 0x00007fc45cb402d0 [0x00007fc45cb3f880+0xa50]
J 408 C1 java.lang.ClassLoader.loadClass(Ljava/lang/String;)Ljava/lang/Class; (7 bytes) @ 0x00007fc45c585fc4 [0x00007fc45c585ec0+0x104]
v  ~StubRoutines::call_stub
V  [libjvm.so+0x68550a]
V  [libjvm.so+0x682aeb]
V  [libjvm.so+0x683154]
V  [libjvm.so+0xa2d114]
V  [libjvm.so+0xa2ba8b]
V  [libjvm.so+0xa2d9fc]
V  [libjvm.so+0x4cd3a7]
V  [libjvm.so+0x6725a2]
j  me.Math0424.HubBasic.Main.onEnable()V+14
j  org.bukkit.plugin.java.JavaPlugin.setEnabled(Z)V+21
j  org.bukkit.plugin.java.JavaPluginLoader.enablePlugin(Lorg/bukkit/plugin/Plugin;)V+99
j  org.bukkit.plugin.SimplePluginManager.enablePlugin(Lorg/bukkit/plugin/Plugin;)V+47
j  org.bukkit.craftbukkit.v1_8_R3.CraftServer.loadPlugin(Lorg/bukkit/plugin/Plugin;)V+5
j  org.bukkit.craftbukkit.v1_8_R3.CraftServer.enablePlugins(Lorg/bukkit/plugin/PluginLoadOrder;)V+76
j  net.minecraft.server.v1_8_R3.MinecraftServer.s()V+17
j  net.minecraft.server.v1_8_R3.MinecraftServer.k()V+289
j  net.minecraft.server.v1_8_R3.MinecraftServer.a(Ljava/lang/String;Ljava/lang/String;JLnet/minecraft/server/v1_8_R3/WorldType;Ljava/lang/String;)V+1101
j  net.minecraft.server.v1_8_R3.DedicatedServer.init()Z+1351
j  net.minecraft.server.v1_8_R3.MinecraftServer.run()V+1
j  java.lang.Thread.run()V+11
v  ~StubRoutines::call_stub
V  [libjvm.so+0x68550a]
V  [libjvm.so+0x682aeb]
V  [libjvm.so+0x6830d7]
V  [libjvm.so+0x6ca04b]
V  [libjvm.so+0xa5a12f]
V  [libjvm.so+0xa5b338]
V  [libjvm.so+0x8f3e62]
C  [libpthread.so.0+0x76db]  start_thread+0xdb

Java frames: (J=compiled Java code, j=interpreted, Vv=VM code)
J 56  java.util.zip.ZipFile.getEntry(J[BZ)J (0 bytes) @ 0x00007fc45c4d0418 [0x00007fc45c4d03c0+0x58]
J 1691 C2 sun.misc.URLClassPath$JarLoader.getResource(Ljava/lang/String;Z)Lsun/misc/Resource; (85 bytes) @ 0x00007fc45c959100 [0x00007fc45c958d40+0x3c0]
J 2255 C2 java.net.URLClassLoader$1.run()Ljava/lang/Object; (5 bytes) @ 0x00007fc45cc54eac [0x00007fc45cc54900+0x5ac]
v  ~StubRoutines::call_stub
J 587  java.security.AccessController.doPrivileged(Ljava/security/PrivilegedExceptionAction;Ljava/security/AccessControlContext;)Ljava/lang/Object; (0 bytes) @ 0x00007fc45c5e7663 [0x00007fc45c5e7600+0x63]
J 2672 C2 org.bukkit.plugin.java.PluginClassLoader.findClass(Ljava/lang/String;Z)Ljava/lang/Class; (95 bytes) @ 0x00007fc45ccb9b4c [0x00007fc45ccb8220+0x192c]
J 2381 C1 org.bukkit.plugin.java.PluginClassLoader.findClass(Ljava/lang/String;)Ljava/lang/Class; (7 bytes) @ 0x00007fc45cb507fc [0x00007fc45cb50700+0xfc]
J 2225 C2 java.lang.ClassLoader.loadClass(Ljava/lang/String;Z)Ljava/lang/Class; (122 bytes) @ 0x00007fc45cb402d0 [0x00007fc45cb3f880+0xa50]
J 408 C1 java.lang.ClassLoader.loadClass(Ljava/lang/String;)Ljava/lang/Class; (7 bytes) @ 0x00007fc45c585fc4 [0x00007fc45c585ec0+0x104]
v  ~StubRoutines::call_stub
j  me.Math0424.HubBasic.Main.onEnable()V+14
j  org.bukkit.plugin.java.JavaPlugin.setEnabled(Z)V+21
j  org.bukkit.plugin.java.JavaPluginLoader.enablePlugin(Lorg/bukkit/plugin/Plugin;)V+99
j  org.bukkit.plugin.SimplePluginManager.enablePlugin(Lorg/bukkit/plugin/Plugin;)V+47
j  org.bukkit.craftbukkit.v1_8_R3.CraftServer.loadPlugin(Lorg/bukkit/plugin/Plugin;)V+5
j  org.bukkit.craftbukkit.v1_8_R3.CraftServer.enablePlugins(Lorg/bukkit/plugin/PluginLoadOrder;)V+76
j  net.minecraft.server.v1_8_R3.MinecraftServer.s()V+17
j  net.minecraft.server.v1_8_R3.MinecraftServer.k()V+289
j  net.minecraft.server.v1_8_R3.MinecraftServer.a(Ljava/lang/String;Ljava/lang/String;JLnet/minecraft/server/v1_8_R3/WorldType;Ljava/lang/String;)V+1101
j  net.minecraft.server.v1_8_R3.DedicatedServer.init()Z+1351
j  net.minecraft.server.v1_8_R3.MinecraftServer.run()V+1
j  java.lang.Thread.run()V+11
v  ~StubRoutines::call_stub

---------------  P R O C E S S  ---------------

Java Threads: ( => current thread )
  0x00007fc38c0d8000 JavaThread "Netty Epoll Server IO #0" daemon [_thread_in_native, id=12107, stack(0x00007fc3f68cb000,0x00007fc3f69cc000)]
  0x00007fc38c092800 JavaThread "Spigot Metrics Thread" daemon [_thread_in_native, id=12104, stack(0x00007fc3f71f8000,0x00007fc3f72f9000)]
  0x00007fc38c0b5800 JavaThread "PaperSpigot Watchdog Thread" [_thread_blocked, id=12103, stack(0x00007fc3f74f9000,0x00007fc3f75fa000)]
  0x00007fc38c004800 JavaThread "Server console handler" daemon [_thread_in_native, id=12101, stack(0x00007fc3f75fa000,0x00007fc3f76fb000)]
  0x00007fc38c003000 JavaThread "Thread-5" [_thread_blocked, id=12100, stack(0x00007fc3f76fb000,0x00007fc3f77fc000)]
  0x00007fc46c00b000 JavaThread "DestroyJavaVM" [_thread_blocked, id=12038, stack(0x00007fc472900000,0x00007fc472a00000)]
=>0x00007fc46c8db800 JavaThread "Server thread" [_thread_in_native, id=12099, stack(0x00007fc3f77fc000,0x00007fc3f78fd000)]
  0x00007fc46c914000 JavaThread "Server Infinisleeper" daemon [_thread_blocked, id=12098, stack(0x00007fc3f78fd000,0x00007fc3f79fe000)]
  0x00007fc46c913800 JavaThread "NonBlockingInputStreamThread" daemon [_thread_blocked, id=12097, stack(0x00007fc3f79fe000,0x00007fc3f7aff000)]
  0x00007fc46c839800 JavaThread "Snooper Timer" daemon [_thread_blocked, id=12086, stack(0x00007fc3f7cff000,0x00007fc3f7e00000)]
  0x00007fc46c5e1800 JavaThread "process reaper" daemon [_thread_blocked, id=12084, stack(0x00007fc47000a000,0x00007fc470043000)]
  0x00007fc46c42f800 JavaThread "Service Thread" daemon [_thread_blocked, id=12081, stack(0x00007fc40510c000,0x00007fc40520d000)]
  0x00007fc46c42c800 JavaThread "C1 CompilerThread14" daemon [_thread_blocked, id=12080, stack(0x00007fc40520e000,0x00007fc40530e000)]
  0x00007fc46c42a000 JavaThread "C1 CompilerThread13" daemon [_thread_blocked, id=12079, stack(0x00007fc40530f000,0x00007fc40540f000)]
  0x00007fc46c428000 JavaThread "C1 CompilerThread12" daemon [_thread_blocked, id=12078, stack(0x00007fc405410000,0x00007fc405510000)]
  0x00007fc46c426000 JavaThread "C1 CompilerThread11" daemon [_thread_blocked, id=12077, stack(0x00007fc405511000,0x00007fc405611000)]
  0x00007fc46c424800 JavaThread "C1 CompilerThread10" daemon [_thread_blocked, id=12076, stack(0x00007fc405612000,0x00007fc405712000)]
  0x00007fc46c422800 JavaThread "C2 CompilerThread9" daemon [_thread_blocked, id=12075, stack(0x00007fc405713000,0x00007fc405813000)]
  0x00007fc46c420000 JavaThread "C2 CompilerThread8" daemon [_thread_blocked, id=12074, stack(0x00007fc405814000,0x00007fc405914000)]
  0x00007fc46c41e800 JavaThread "C2 CompilerThread7" daemon [_thread_blocked, id=12073, stack(0x00007fc405915000,0x00007fc405a15000)]
  0x00007fc46c41c000 JavaThread "C2 CompilerThread6" daemon [_thread_blocked, id=12072, stack(0x00007fc405a16000,0x00007fc405b16000)]
  0x00007fc46c41a800 JavaThread "C2 CompilerThread5" daemon [_thread_blocked, id=12071, stack(0x00007fc405b17000,0x00007fc405c17000)]
  0x00007fc46c410000 JavaThread "C2 CompilerThread4" daemon [_thread_blocked, id=12070, stack(0x00007fc405c18000,0x00007fc405d18000)]
  0x00007fc46c40e000 JavaThread "C2 CompilerThread3" daemon [_thread_in_native, id=12069, stack(0x00007fc405d19000,0x00007fc405e19000)]
  0x00007fc46c40c000 JavaThread "C2 CompilerThread2" daemon [_thread_blocked, id=12068, stack(0x00007fc405e1a000,0x00007fc405f1a000)]
  0x00007fc46c40a000 JavaThread "C2 CompilerThread1" daemon [_thread_blocked, id=12067, stack(0x00007fc405f1b000,0x00007fc40601b000)]
  0x00007fc46c407000 JavaThread "C2 CompilerThread0" daemon [_thread_blocked, id=12066, stack(0x00007fc40601c000,0x00007fc40611c000)]
  0x00007fc46c405800 JavaThread "Signal Dispatcher" daemon [_thread_blocked, id=12065, stack(0x00007fc40611c000,0x00007fc40621d000)]
  0x00007fc46c3d5000 JavaThread "Finalizer" daemon [_thread_blocked, id=12064, stack(0x00007fc406bec000,0x00007fc406ced000)]
  0x00007fc46c3d0800 JavaThread "Reference Handler" daemon [_thread_blocked, id=12063, stack(0x00007fc406ced000,0x00007fc406dee000)]

Other Threads:
  0x00007fc46c3c7000 VMThread [stack: 0x00007fc406def000,0x00007fc406eef000] [id=12062]
  0x00007fc46c432000 WatcherThread [stack: 0x00007fc40500c000,0x00007fc40510c000] [id=12082]

VM state:not at safepoint (normal execution)

VM Mutex/Monitor currently owned by a thread: None

heap address: 0x00000000c1800000, size: 1000 MB, Compressed Oops mode: 32-bit
Narrow klass base: 0x0000000000000000, Narrow klass shift: 3
Compressed class space size: 1073741824 Address: 0x0000000100000000

Heap:
 PSYoungGen      total 298496K, used 193797K [0x00000000eb300000, 0x0000000100000000, 0x0000000100000000)
  eden space 256000K, 75% used [0x00000000eb300000,0x00000000f70416c0,0x00000000fad00000)
  from space 42496K, 0% used [0x00000000fd680000,0x00000000fd680000,0x0000000100000000)
  to   space 42496K, 0% used [0x00000000fad00000,0x00000000fad00000,0x00000000fd680000)
 ParOldGen       total 683008K, used 35633K [0x00000000c1800000, 0x00000000eb300000, 0x00000000eb300000)
  object space 683008K, 5% used [0x00000000c1800000,0x00000000c3acc5a0,0x00000000eb300000)
 Metaspace       used 28993K, capacity 29496K, committed 29696K, reserved 1075200K
  class space    used 3890K, capacity 4046K, committed 4096K, reserved 1048576K

Card table byte_map: [0x00007fc45bbc2000,0x00007fc45bdb7000] byte_map_base: 0x00007fc45b5b6000

Marking Bits: (ParMarkBitMap*) 0x00007fc471b993c0
 Begin Bits: [0x00007fc45841d000, 0x00007fc4593bd000)
 End Bits:   [0x00007fc4593bd000, 0x00007fc45a35d000)

Polling page: 0x00007fc472a1a000

CodeCache: size=245760Kb used=12770Kb max_used=12770Kb free=232989Kb
 bounds [0x00007fc45c177000, 0x00007fc45ce07000, 0x00007fc46b177000]
 total_blobs=3553 nmethods=3057 adapters=406
 compilation: enabled

Compilation events (10 events):
Event: 7.320 Thread 0x00007fc46c42c800 nmethod 3061 0x00007fc45cdd4a50 code [0x00007fc45cdd4ba0, 0x00007fc45cdd4cb0]
Event: 7.320 Thread 0x00007fc46c42a000 3062       3       java.io.Writer::write (11 bytes)
Event: 7.321 Thread 0x00007fc46c424800 nmethod 3060 0x00007fc45cdda290 code [0x00007fc45cdda420, 0x00007fc45cdda968]
Event: 7.321 Thread 0x00007fc46c42a000 nmethod 3062 0x00007fc45cdd9cd0 code [0x00007fc45cdd9e40, 0x00007fc45cdda148]
Event: 7.321 Thread 0x00007fc46c426000 3063       1       sun.util.calendar.CalendarDate::getMonth (5 bytes)
Event: 7.321 Thread 0x00007fc46c424800 3065       3       java.util.regex.Pattern$BnM::match (161 bytes)
Event: 7.321 Thread 0x00007fc46c426000 nmethod 3063 0x00007fc45cdd9a10 code [0x00007fc45cdd9b60, 0x00007fc45cdd9c70]
Event: 7.321 Thread 0x00007fc46c426000 3064       1       sun.util.calendar.CalendarDate::getDayOfMonth (5 bytes)
Event: 7.321 Thread 0x00007fc46c42a000 3066   !   3       sun.nio.cs.StreamEncoder::write (78 bytes)
Event: 7.321 Thread 0x00007fc46c426000 nmethod 3064 0x00007fc45cdd9750 code [0x00007fc45cdd98a0, 0x00007fc45cdd99b0]

GC Heap History (6 events):
Event: 3.266 GC heap before
{Heap before GC invocations=1 (full 0):
 PSYoungGen      total 298496K, used 256000K [0x00000000eb300000, 0x0000000100000000, 0x0000000100000000)
  eden space 256000K, 100% used [0x00000000eb300000,0x00000000fad00000,0x00000000fad00000)
  from space 42496K, 0% used [0x00000000fd680000,0x00000000fd680000,0x0000000100000000)
  to   space 42496K, 0% used [0x00000000fad00000,0x00000000fad00000,0x00000000fd680000)
 ParOldGen       total 683008K, used 0K [0x00000000c1800000, 0x00000000eb300000, 0x00000000eb300000)
  object space 683008K, 0% used [0x00000000c1800000,0x00000000c1800000,0x00000000eb300000)
 Metaspace       used 12671K, capacity 12904K, committed 13184K, reserved 1060864K
  class space    used 1513K, capacity 1608K, committed 1664K, reserved 1048576K
Event: 3.278 GC heap after
Heap after GC invocations=1 (full 0):
 PSYoungGen      total 298496K, used 18293K [0x00000000eb300000, 0x0000000100000000, 0x0000000100000000)
  eden space 256000K, 0% used [0x00000000eb300000,0x00000000eb300000,0x00000000fad00000)
  from space 42496K, 43% used [0x00000000fad00000,0x00000000fbedd740,0x00000000fd680000)
  to   space 42496K, 0% used [0x00000000fd680000,0x00000000fd680000,0x0000000100000000)
 ParOldGen       total 683008K, used 80K [0x00000000c1800000, 0x00000000eb300000, 0x00000000eb300000)
  object space 683008K, 0% used [0x00000000c1800000,0x00000000c1814010,0x00000000eb300000)
 Metaspace       used 12671K, capacity 12904K, committed 13184K, reserved 1060864K
  class space    used 1513K, capacity 1608K, committed 1664K, reserved 1048576K
}
Event: 4.096 GC heap before
{Heap before GC invocations=2 (full 0):
 PSYoungGen      total 298496K, used 188181K [0x00000000eb300000, 0x0000000100000000, 0x0000000100000000)
  eden space 256000K, 66% used [0x00000000eb300000,0x00000000f58e80a0,0x00000000fad00000)
  from space 42496K, 43% used [0x00000000fad00000,0x00000000fbedd740,0x00000000fd680000)
  to   space 42496K, 0% used [0x00000000fd680000,0x00000000fd680000,0x0000000100000000)
 ParOldGen       total 683008K, used 80K [0x00000000c1800000, 0x00000000eb300000, 0x00000000eb300000)
  object space 683008K, 0% used [0x00000000c1800000,0x00000000c1814010,0x00000000eb300000)
 Metaspace       used 20974K, capacity 21134K, committed 21248K, reserved 1067008K
  class space    used 2728K, capacity 2793K, committed 2816K, reserved 1048576K
Event: 4.117 GC heap after
Heap after GC invocations=2 (full 0):
 PSYoungGen      total 298496K, used 36306K [0x00000000eb300000, 0x0000000100000000, 0x0000000100000000)
  eden space 256000K, 0% used [0x00000000eb300000,0x00000000eb300000,0x00000000fad00000)
  from space 42496K, 85% used [0x00000000fd680000,0x00000000ff9f4be8,0x0000000100000000)
  to   space 42496K, 0% used [0x00000000fad00000,0x00000000fad00000,0x00000000fd680000)
 ParOldGen       total 683008K, used 88K [0x00000000c1800000, 0x00000000eb300000, 0x00000000eb300000)
  object space 683008K, 0% used [0x00000000c1800000,0x00000000c1816010,0x00000000eb300000)
 Metaspace       used 20974K, capacity 21134K, committed 21248K, reserved 1067008K
  class space    used 2728K, capacity 2793K, committed 2816K, reserved 1048576K
}
Event: 4.117 GC heap before
{Heap before GC invocations=3 (full 1):
 PSYoungGen      total 298496K, used 36306K [0x00000000eb300000, 0x0000000100000000, 0x0000000100000000)
  eden space 256000K, 0% used [0x00000000eb300000,0x00000000eb300000,0x00000000fad00000)
  from space 42496K, 85% used [0x00000000fd680000,0x00000000ff9f4be8,0x0000000100000000)
  to   space 42496K, 0% used [0x00000000fad00000,0x00000000fad00000,0x00000000fd680000)
 ParOldGen       total 683008K, used 88K [0x00000000c1800000, 0x00000000eb300000, 0x00000000eb300000)
  object space 683008K, 0% used [0x00000000c1800000,0x00000000c1816010,0x00000000eb300000)
 Metaspace       used 20974K, capacity 21134K, committed 21248K, reserved 1067008K
  class space    used 2728K, capacity 2793K, committed 2816K, reserved 1048576K
Event: 4.194 GC heap after
Heap after GC invocations=3 (full 1):
 PSYoungGen      total 298496K, used 0K [0x00000000eb300000, 0x0000000100000000, 0x0000000100000000)
  eden space 256000K, 0% used [0x00000000eb300000,0x00000000eb300000,0x00000000fad00000)
  from space 42496K, 0% used [0x00000000fd680000,0x00000000fd680000,0x0000000100000000)
  to   space 42496K, 0% used [0x00000000fad00000,0x00000000fad00000,0x00000000fd680000)
 ParOldGen       total 683008K, used 35633K [0x00000000c1800000, 0x00000000eb300000, 0x00000000eb300000)
  object space 683008K, 5% used [0x00000000c1800000,0x00000000c3acc5a0,0x00000000eb300000)
 Metaspace       used 20974K, capacity 21134K, committed 21248K, reserved 1067008K
  class space    used 2728K, capacity 2793K, committed 2816K, reserved 1048576K
}

Deoptimization events (10 events):
Event: 6.719 Thread 0x00007fc46c8db800 Uncommon trap: reason=bimorphic action=maybe_recompile pc=0x00007fc45c699b9c method=java.util.zip.InflaterInputStream.read([BII)I @ 100
Event: 6.722 Thread 0x00007fc46c8db800 Uncommon trap: reason=unstable_if action=reinterpret pc=0x00007fc45cc53534 method=java.lang.Integer.parseInt(Ljava/lang/String;I)I @ 197
Event: 6.722 Thread 0x00007fc46c8db800 Uncommon trap: reason=unstable_if action=reinterpret pc=0x00007fc45cbadb08 method=java.lang.Integer.parseInt(Ljava/lang/String;I)I @ 197
Event: 6.725 Thread 0x00007fc46c8db800 Uncommon trap: reason=bimorphic action=maybe_recompile pc=0x00007fc45c699b9c method=java.util.zip.InflaterInputStream.read([BII)I @ 100
Event: 6.725 Thread 0x00007fc46c8db800 Uncommon trap: reason=bimorphic action=maybe_recompile pc=0x00007fc45c699b9c method=java.util.zip.InflaterInputStream.read([BII)I @ 100
Event: 6.978 Thread 0x00007fc46c8db800 Uncommon trap: reason=unstable_if action=reinterpret pc=0x00007fc45cd31928 method=net.minecraft.server.v1_8_R3.ChunkSection.recalcBlockCounts()V @ 57
Event: 6.986 Thread 0x00007fc46c8db800 Uncommon trap: reason=unstable_if action=reinterpret pc=0x00007fc45cd2c82c method=net.minecraft.server.v1_8_R3.ChunkSection.recalcBlockCounts()V @ 57
Event: 7.044 Thread 0x00007fc46c8db800 Uncommon trap: reason=unloaded action=reinterpret pc=0x00007fc45cd6d304 method=net.minecraft.server.v1_8_R3.NBTBase.createTag(B)Lnet/minecraft/server/v1_8_R3/NBTBase; @ 80
Event: 7.044 Thread 0x00007fc46c8db800 Uncommon trap: reason=unloaded action=reinterpret pc=0x00007fc45cd6aca4 method=net.minecraft.server.v1_8_R3.NBTBase.createTag(B)Lnet/minecraft/server/v1_8_R3/NBTBase; @ 80
Event: 7.047 Thread 0x00007fc46c8db800 Uncommon trap: reason=unstable_if action=reinterpret pc=0x00007fc45cd681a0 method=net.minecraft.server.v1_8_R3.NBTTagCompound.hasKeyOfType(Ljava/lang/String;I)Z @ 26

Classes redefined (0 events):
No events

Internal exceptions (10 events):
Event: 4.464 Thread 0x00007fc46c8db800 Exception <a 'java/security/PrivilegedActionException'> (0x00000000ecad2558) thrown at [/build/openjdk-8-piDAoU/openjdk-8-8u252-b09/src/hotspot/src/share/vm/prims/jvm.cpp, line 1502]
Event: 4.464 Thread 0x00007fc46c8db800 Exception <a 'java/security/PrivilegedActionException'> (0x00000000ecad2768) thrown at [/build/openjdk-8-piDAoU/openjdk-8-8u252-b09/src/hotspot/src/share/vm/prims/jvm.cpp, line 1502]
Event: 4.585 Thread 0x00007fc46c8db800 Exception <a 'java/security/PrivilegedActionException'> (0x00000000ed2b9958) thrown at [/build/openjdk-8-piDAoU/openjdk-8-8u252-b09/src/hotspot/src/share/vm/prims/jvm.cpp, line 1502]
Event: 4.585 Thread 0x00007fc46c8db800 Exception <a 'java/security/PrivilegedActionException'> (0x00000000ed2b9b68) thrown at [/build/openjdk-8-piDAoU/openjdk-8-8u252-b09/src/hotspot/src/share/vm/prims/jvm.cpp, line 1502]
Event: 4.585 Thread 0x00007fc46c8db800 Exception <a 'java/security/PrivilegedActionException'> (0x00000000ed2baa10) thrown at [/build/openjdk-8-piDAoU/openjdk-8-8u252-b09/src/hotspot/src/share/vm/prims/jvm.cpp, line 1502]
Event: 4.585 Thread 0x00007fc46c8db800 Exception <a 'java/security/PrivilegedActionException'> (0x00000000ed2bac20) thrown at [/build/openjdk-8-piDAoU/openjdk-8-8u252-b09/src/hotspot/src/share/vm/prims/jvm.cpp, line 1502]
Event: 4.585 Thread 0x00007fc46c8db800 Exception <a 'java/security/PrivilegedActionException'> (0x00000000ed2bba28) thrown at [/build/openjdk-8-piDAoU/openjdk-8-8u252-b09/src/hotspot/src/share/vm/prims/jvm.cpp, line 1502]
Event: 4.585 Thread 0x00007fc46c8db800 Exception <a 'java/security/PrivilegedActionException'> (0x00000000ed2bbc38) thrown at [/build/openjdk-8-piDAoU/openjdk-8-8u252-b09/src/hotspot/src/share/vm/prims/jvm.cpp, line 1502]
Event: 4.585 Thread 0x00007fc46c8db800 Exception <a 'java/security/PrivilegedActionException'> (0x00000000ed2bc9e8) thrown at [/build/openjdk-8-piDAoU/openjdk-8-8u252-b09/src/hotspot/src/share/vm/prims/jvm.cpp, line 1502]
Event: 4.585 Thread 0x00007fc46c8db800 Exception <a 'java/security/PrivilegedActionException'> (0x00000000ed2bcbf8) thrown at [/build/openjdk-8-piDAoU/openjdk-8-8u252-b09/src/hotspot/src/share/vm/prims/jvm.cpp, line 1502]

Events (10 events):
Event: 7.317 loading class java/lang/Deprecated
Event: 7.317 loading class java/lang/Deprecated done
Event: 7.317 loading class co/aikar/timings/TimedEventExecutor
Event: 7.317 loading class co/aikar/timings/TimedEventExecutor done
Event: 7.318 loading class org/bukkit/plugin/java/JavaPluginLoader$1
Event: 7.318 loading class org/bukkit/plugin/java/JavaPluginLoader$1 done
Event: 7.318 loading class org/bukkit/event/EventException
Event: 7.318 loading class org/bukkit/event/EventException done
Event: 7.321 loading class me/Math0424/HubBasic/IntractableInventory
Event: 7.321 loading class me/Math0424/HubBasic/IntractableInventory done


Dynamic libraries:
c1800000-100400000 rw-p 00000000 00:00 0 
100400000-140000000 ---p 00000000 00:00 0 
55e182260000-55e182261000 r-xp 00000000 fd:00 44700727                   /usr/lib/jvm/java-8-openjdk-amd64/jre/bin/java
55e182460000-55e182461000 r--p 00000000 fd:00 44700727                   /usr/lib/jvm/java-8-openjdk-amd64/jre/bin/java
55e182461000-55e182462000 rw-p 00001000 fd:00 44700727                   /usr/lib/jvm/java-8-openjdk-amd64/jre/bin/java
55e18408c000-55e1840ad000 rw-p 00000000 00:00 0                          [heap]
7fc370000000-7fc370021000 rw-p 00000000 00:00 0 
7fc370021000-7fc374000000 ---p 00000000 00:00 0 
7fc378000000-7fc378043000 rw-p 00000000 00:00 0 
7fc378043000-7fc37c000000 ---p 00000000 00:00 0 
7fc37c000000-7fc37c023000 rw-p 00000000 00:00 0 
7fc37c023000-7fc380000000 ---p 00000000 00:00 0 
7fc380000000-7fc380021000 rw-p 00000000 00:00 0 
7fc380021000-7fc384000000 ---p 00000000 00:00 0 
7fc384000000-7fc384021000 rw-p 00000000 00:00 0 
7fc384021000-7fc388000000 ---p 00000000 00:00 0 
7fc388000000-7fc388021000 rw-p 00000000 00:00 0 
7fc388021000-7fc38c000000 ---p 00000000 00:00 0 
7fc38c000000-7fc38dbd5000 rw-p 00000000 00:00 0 
7fc38dbd5000-7fc390000000 ---p 00000000 00:00 0 
7fc390000000-7fc390021000 rw-p 00000000 00:00 0 
7fc390021000-7fc394000000 ---p 00000000 00:00 0 
7fc394000000-7fc394021000 rw-p 00000000 00:00 0 
7fc394021000-7fc398000000 ---p 00000000 00:00 0 
7fc398000000-7fc398021000 rw-p 00000000 00:00 0 
7fc398021000-7fc39c000000 ---p 00000000 00:00 0 
7fc39c000000-7fc39c021000 rw-p 00000000 00:00 0 
7fc39c021000-7fc3a0000000 ---p 00000000 00:00 0 
7fc3a0000000-7fc3a0203000 rw-p 00000000 00:00 0 
7fc3a0203000-7fc3a4000000 ---p 00000000 00:00 0 
7fc3a4000000-7fc3a4021000 rw-p 00000000 00:00 0 
7fc3a4021000-7fc3a8000000 ---p 00000000 00:00 0 
7fc3a8000000-7fc3a816b000 rw-p 00000000 00:00 0 
7fc3a816b000-7fc3ac000000 ---p 00000000 00:00 0 
7fc3ac000000-7fc3ac16b000 rw-p 00000000 00:00 0 
7fc3ac16b000-7fc3b0000000 ---p 00000000 00:00 0 
7fc3b0000000-7fc3b0219000 rw-p 00000000 00:00 0 
7fc3b0219000-7fc3b4000000 ---p 00000000 00:00 0 
7fc3b4000000-7fc3b420a000 rw-p 00000000 00:00 0 
7fc3b420a000-7fc3b8000000 ---p 00000000 00:00 0 
7fc3b8000000-7fc3b864b000 rw-p 00000000 00:00 0 
7fc3b864b000-7fc3bc000000 ---p 00000000 00:00 0 
7fc3bc000000-7fc3bd259000 rw-p 00000000 00:00 0 
7fc3bd259000-7fc3c0000000 ---p 00000000 00:00 0 
7fc3c0000000-7fc3c02ff000 rw-p 00000000 00:00 0 
7fc3c02ff000-7fc3c4000000 ---p 00000000 00:00 0 
7fc3c4000000-7fc3c45ce000 rw-p 00000000 00:00 0 
7fc3c45ce000-7fc3c8000000 ---p 00000000 00:00 0 
7fc3c8000000-7fc3c82dc000 rw-p 00000000 00:00 0 
7fc3c82dc000-7fc3cc000000 ---p 00000000 00:00 0 
7fc3cc000000-7fc3cc256000 rw-p 00000000 00:00 0 
7fc3cc256000-7fc3d0000000 ---p 00000000 00:00 0 
7fc3d0000000-7fc3d09f4000 rw-p 00000000 00:00 0 
7fc3d09f4000-7fc3d4000000 ---p 00000000 00:00 0 
7fc3d4000000-7fc3d519c000 rw-p 00000000 00:00 0 
7fc3d519c000-7fc3d8000000 ---p 00000000 00:00 0 
7fc3d8000000-7fc3d866c000 rw-p 00000000 00:00 0 
7fc3d866c000-7fc3dc000000 ---p 00000000 00:00 0 
7fc3dc000000-7fc3ddb30000 rw-p 00000000 00:00 0 
7fc3ddb30000-7fc3e0000000 ---p 00000000 00:00 0 
7fc3e0000000-7fc3e0021000 rw-p 00000000 00:00 0 
7fc3e0021000-7fc3e4000000 ---p 00000000 00:00 0 
7fc3e4000000-7fc3e4021000 rw-p 00000000 00:00 0 
7fc3e4021000-7fc3e8000000 ---p 00000000 00:00 0 
7fc3e8000000-7fc3e8022000 rw-p 00000000 00:00 0 
7fc3e8022000-7fc3ec000000 ---p 00000000 00:00 0 
7fc3ec000000-7fc3ec021000 rw-p 00000000 00:00 0 
7fc3ec021000-7fc3f0000000 ---p 00000000 00:00 0 
7fc3f0000000-7fc3f0021000 rw-p 00000000 00:00 0 
7fc3f0021000-7fc3f4000000 ---p 00000000 00:00 0 
7fc3f62cb000-7fc3f63cb000 rw-p 00000000 00:00 0 
7fc3f63cb000-7fc3f64cb000 ---p 00000000 00:00 0 
7fc3f64cb000-7fc3f66cb000 rw-p 00000000 00:00 0 
7fc3f66cb000-7fc3f68cb000 rw-p 00000000 00:00 0 
7fc3f68cb000-7fc3f68ce000 ---p 00000000 00:00 0 
7fc3f68ce000-7fc3f69cc000 rw-p 00000000 00:00 0 
7fc3f69cc000-7fc3f69d3000 r-xp 00000000 fd:00 23594597                   /tmp/libnetty-transport-native-epoll1497005642555782347.so
7fc3f69d3000-7fc3f6bd2000 ---p 00007000 fd:00 23594597                   /tmp/libnetty-transport-native-epoll1497005642555782347.so
7fc3f6bd2000-7fc3f6bd3000 rw-p 00006000 fd:00 23594597                   /tmp/libnetty-transport-native-epoll1497005642555782347.so
7fc3f6bd3000-7fc3f6bea000 r-xp 00000000 fd:00 28054768                   /lib/x86_64-linux-gnu/libresolv-2.27.so
7fc3f6bea000-7fc3f6dea000 ---p 00017000 fd:00 28054768                   /lib/x86_64-linux-gnu/libresolv-2.27.so
7fc3f6dea000-7fc3f6deb000 r--p 00017000 fd:00 28054768                   /lib/x86_64-linux-gnu/libresolv-2.27.so
7fc3f6deb000-7fc3f6dec000 rw-p 00018000 fd:00 28054768                   /lib/x86_64-linux-gnu/libresolv-2.27.so
7fc3f6dec000-7fc3f6dee000 rw-p 00000000 00:00 0 
7fc3f6dee000-7fc3f6df3000 r-xp 00000000 fd:00 28054717                   /lib/x86_64-linux-gnu/libnss_dns-2.27.so
7fc3f6df3000-7fc3f6ff3000 ---p 00005000 fd:00 28054717                   /lib/x86_64-linux-gnu/libnss_dns-2.27.so
7fc3f6ff3000-7fc3f6ff4000 r--p 00005000 fd:00 28054717                   /lib/x86_64-linux-gnu/libnss_dns-2.27.so
7fc3f6ff4000-7fc3f6ff5000 rw-p 00006000 fd:00 28054717                   /lib/x86_64-linux-gnu/libnss_dns-2.27.so
7fc3f6ff5000-7fc3f6ff7000 r-xp 00000000 fd:00 28054725                   /lib/x86_64-linux-gnu/libnss_mdns4_minimal.so.2
7fc3f6ff7000-7fc3f71f6000 ---p 00002000 fd:00 28054725                   /lib/x86_64-linux-gnu/libnss_mdns4_minimal.so.2
7fc3f71f6000-7fc3f71f7000 r--p 00001000 fd:00 28054725                   /lib/x86_64-linux-gnu/libnss_mdns4_minimal.so.2
7fc3f71f7000-7fc3f71f8000 rw-p 00002000 fd:00 28054725                   /lib/x86_64-linux-gnu/libnss_mdns4_minimal.so.2
7fc3f71f8000-7fc3f71fb000 ---p 00000000 00:00 0 
7fc3f71fb000-7fc3f74f9000 rw-p 00000000 00:00 0 
7fc3f74f9000-7fc3f74fc000 ---p 00000000 00:00 0 
7fc3f74fc000-7fc3f75fa000 rw-p 00000000 00:00 0 
7fc3f75fa000-7fc3f75fd000 ---p 00000000 00:00 0 
7fc3f75fd000-7fc3f76fb000 rw-p 00000000 00:00 0 
7fc3f76fb000-7fc3f76fe000 ---p 00000000 00:00 0 
7fc3f76fe000-7fc3f77fc000 rw-p 00000000 00:00 0 
7fc3f77fc000-7fc3f77ff000 ---p 00000000 00:00 0 
7fc3f77ff000-7fc3f78fd000 rw-p 00000000 00:00 0 
7fc3f78fd000-7fc3f7900000 ---p 00000000 00:00 0 
7fc3f7900000-7fc3f79fe000 rw-p 00000000 00:00 0 
7fc3f79fe000-7fc3f7a01000 ---p 00000000 00:00 0 
7fc3f7a01000-7fc3f7cff000 rw-p 00000000 00:00 0 
7fc3f7cff000-7fc3f7d02000 ---p 00000000 00:00 0 
7fc3f7d02000-7fc3f8000000 rw-p 00000000 00:00 0 
7fc3f8000000-7fc3f8021000 rw-p 00000000 00:00 0 
7fc3f8021000-7fc3fc000000 ---p 00000000 00:00 0 
7fc3fc000000-7fc3fc021000 rw-p 00000000 00:00 0 
7fc3fc021000-7fc400000000 ---p 00000000 00:00 0 
7fc400000000-7fc400021000 rw-p 00000000 00:00 0 
7fc400021000-7fc404000000 ---p 00000000 00:00 0 
7fc4040ab000-7fc4042ab000 rw-p 00000000 00:00 0 
7fc4042ab000-7fc4044ab000 rw-p 00000000 00:00 0 
7fc4044ab000-7fc4046ab000 rw-p 00000000 00:00 0 
7fc4046ab000-7fc4046b4000 r-xp 00000000 fd:00 44961437                   /usr/lib/jvm/java-8-openjdk-amd64/jre/lib/amd64/libmanagement.so
7fc4046b4000-7fc4048b3000 ---p 00009000 fd:00 44961437                   /usr/lib/jvm/java-8-openjdk-amd64/jre/lib/amd64/libmanagement.so
7fc4048b3000-7fc4048b4000 r--p 00008000 fd:00 44961437                   /usr/lib/jvm/java-8-openjdk-amd64/jre/lib/amd64/libmanagement.so
7fc4048b4000-7fc4048b5000 rw-p 00009000 fd:00 44961437                   /usr/lib/jvm/java-8-openjdk-amd64/jre/lib/amd64/libmanagement.so
7fc4048b5000-7fc4048b6000 r-xp 00000000 fd:00 23594596                   /tmp/libjansi-64-git-PaperSpigot-"4c7641d"-3055816701271808309.so
7fc4048b6000-7fc404ab5000 ---p 00001000 fd:00 23594596                   /tmp/libjansi-64-git-PaperSpigot-"4c7641d"-3055816701271808309.so
7fc404ab5000-7fc404ab6000 rw-p 00000000 fd:00 23594596                   /tmp/libjansi-64-git-PaperSpigot-"4c7641d"-3055816701271808309.so
7fc404ab6000-7fc404acd000 r-xp 00000000 fd:00 44961439                   /usr/lib/jvm/java-8-openjdk-amd64/jre/lib/amd64/libnet.so
7fc404acd000-7fc404ccc000 ---p 00017000 fd:00 44961439                   /usr/lib/jvm/java-8-openjdk-amd64/jre/lib/amd64/libnet.so
7fc404ccc000-7fc404ccd000 r--p 00016000 fd:00 44961439                   /usr/lib/jvm/java-8-openjdk-amd64/jre/lib/amd64/libnet.so
7fc404ccd000-7fc404cce000 rw-p 00017000 fd:00 44961439                   /usr/lib/jvm/java-8-openjdk-amd64/jre/lib/amd64/libnet.so
7fc404cce000-7fc404ce0000 r-xp 00000000 fd:00 44961440                   /usr/lib/jvm/java-8-openjdk-amd64/jre/lib/amd64/libnio.so
7fc404ce0000-7fc404edf000 ---p 00012000 fd:00 44961440                   /usr/lib/jvm/java-8-openjdk-amd64/jre/lib/amd64/libnio.so
7fc404edf000-7fc404ee0000 r--p 00011000 fd:00 44961440                   /usr/lib/jvm/java-8-openjdk-amd64/jre/lib/amd64/libnio.so
7fc404ee0000-7fc404ee1000 rw-p 00012000 fd:00 44961440                   /usr/lib/jvm/java-8-openjdk-amd64/jre/lib/amd64/libnio.so
7fc404ee1000-7fc40500b000 r--s 011cf000 fd:00 23856039                   /home/minecraft/Documents/BungeeServer/Hub/server.jar
7fc40500b000-7fc40500c000 ---p 00000000 00:00 0 
7fc40500c000-7fc40510c000 rw-p 00000000 00:00 0 
7fc40510c000-7fc40510f000 ---p 00000000 00:00 0 
7fc40510f000-7fc40520d000 rw-p 00000000 00:00 0 
7fc40520d000-7fc40520e000 ---p 00000000 00:00 0 
7fc40520e000-7fc405211000 ---p 00000000 00:00 0 
7fc405211000-7fc40530e000 rw-p 00000000 00:00 0 
7fc40530e000-7fc40530f000 ---p 00000000 00:00 0 
7fc40530f000-7fc405312000 ---p 00000000 00:00 0 
7fc405312000-7fc40540f000 rw-p 00000000 00:00 0 
7fc40540f000-7fc405410000 ---p 00000000 00:00 0 
7fc405410000-7fc405413000 ---p 00000000 00:00 0 
7fc405413000-7fc405510000 rw-p 00000000 00:00 0 
7fc405510000-7fc405511000 ---p 00000000 00:00 0 
7fc405511000-7fc405514000 ---p 00000000 00:00 0 
7fc405514000-7fc405611000 rw-p 00000000 00:00 0 
7fc405611000-7fc405612000 ---p 00000000 00:00 0 
7fc405612000-7fc405615000 ---p 00000000 00:00 0 
7fc405615000-7fc405712000 rw-p 00000000 00:00 0 
7fc405712000-7fc405713000 ---p 00000000 00:00 0 
7fc405713000-7fc405716000 ---p 00000000 00:00 0 
7fc405716000-7fc405813000 rw-p 00000000 00:00 0 
7fc405813000-7fc405814000 ---p 00000000 00:00 0 
7fc405814000-7fc405817000 ---p 00000000 00:00 0 
7fc405817000-7fc405914000 rw-p 00000000 00:00 0 
7fc405914000-7fc405915000 ---p 00000000 00:00 0 
7fc405915000-7fc405918000 ---p 00000000 00:00 0 
7fc405918000-7fc405a15000 rw-p 00000000 00:00 0 
7fc405a15000-7fc405a16000 ---p 00000000 00:00 0 
7fc405a16000-7fc405a19000 ---p 00000000 00:00 0 
7fc405a19000-7fc405b16000 rw-p 00000000 00:00 0 
7fc405b16000-7fc405b17000 ---p 00000000 00:00 0 
7fc405b17000-7fc405b1a000 ---p 00000000 00:00 0 
7fc405b1a000-7fc405c17000 rw-p 00000000 00:00 0 
7fc405c17000-7fc405c18000 ---p 00000000 00:00 0 
7fc405c18000-7fc405c1b000 ---p 00000000 00:00 0 
7fc405c1b000-7fc405d18000 rw-p 00000000 00:00 0 
7fc405d18000-7fc405d19000 ---p 00000000 00:00 0 
7fc405d19000-7fc405d1c000 ---p 00000000 00:00 0 
7fc405d1c000-7fc405e19000 rw-p 00000000 00:00 0 
7fc405e19000-7fc405e1a000 ---p 00000000 00:00 0 
7fc405e1a000-7fc405e1d000 ---p 00000000 00:00 0 
7fc405e1d000-7fc405f1a000 rw-p 00000000 00:00 0 
7fc405f1a000-7fc405f1b000 ---p 00000000 00:00 0 
7fc405f1b000-7fc405f1e000 ---p 00000000 00:00 0 
7fc405f1e000-7fc40601b000 rw-p 00000000 00:00 0 
7fc40601b000-7fc40601c000 ---p 00000000 00:00 0 
7fc40601c000-7fc40601f000 ---p 00000000 00:00 0 
7fc40601f000-7fc40611c000 rw-p 00000000 00:00 0 
7fc40611c000-7fc40611f000 ---p 00000000 00:00 0 
7fc40611f000-7fc40621d000 rw-p 00000000 00:00 0 
7fc40621d000-7fc406bec000 r--p 00000000 fd:00 42736142                   /usr/lib/locale/locale-archive
7fc406bec000-7fc406bef000 ---p 00000000 00:00 0 
7fc406bef000-7fc406ced000 rw-p 00000000 00:00 0 
7fc406ced000-7fc406cf0000 ---p 00000000 00:00 0 
7fc406cf0000-7fc406dee000 rw-p 00000000 00:00 0 
7fc406dee000-7fc406def000 ---p 00000000 00:00 0 
7fc406def000-7fc408000000 rw-p 00000000 00:00 0 
7fc408000000-7fc408021000 rw-p 00000000 00:00 0 
7fc408021000-7fc40c000000 ---p 00000000 00:00 0 
7fc40c089000-7fc40c0c9000 r--s 00319000 fd:00 23856038                   /home/minecraft/Documents/BungeeServer/Hub/plugins/ViaVersion-2.2.3.jar
7fc40c0c9000-7fc410000000 rw-p 00000000 00:00 0 
7fc410000000-7fc410021000 rw-p 00000000 00:00 0 
7fc410021000-7fc414000000 ---p 00000000 00:00 0 
7fc414000000-7fc414021000 rw-p 00000000 00:00 0 
7fc414021000-7fc418000000 ---p 00000000 00:00 0 
7fc418000000-7fc418021000 rw-p 00000000 00:00 0 
7fc418021000-7fc41c000000 ---p 00000000 00:00 0 
7fc41c000000-7fc41c021000 rw-p 00000000 00:00 0 
7fc41c021000-7fc420000000 ---p 00000000 00:00 0 
7fc420000000-7fc420021000 rw-p 00000000 00:00 0 
7fc420021000-7fc424000000 ---p 00000000 00:00 0 
7fc424000000-7fc424021000 rw-p 00000000 00:00 0 
7fc424021000-7fc428000000 ---p 00000000 00:00 0 
7fc428000000-7fc428021000 rw-p 00000000 00:00 0 
7fc428021000-7fc42c000000 ---p 00000000 00:00 0 
7fc42c000000-7fc42c021000 rw-p 00000000 00:00 0 
7fc42c021000-7fc430000000 ---p 00000000 00:00 0 
7fc430000000-7fc430021000 rw-p 00000000 00:00 0 
7fc430021000-7fc434000000 ---p 00000000 00:00 0 
7fc434000000-7fc434021000 rw-p 00000000 00:00 0 
7fc434021000-7fc438000000 ---p 00000000 00:00 0 
7fc438000000-7fc438021000 rw-p 00000000 00:00 0 
7fc438021000-7fc43c000000 ---p 00000000 00:00 0 
7fc43c000000-7fc43c021000 rw-p 00000000 00:00 0 
7fc43c021000-7fc440000000 ---p 00000000 00:00 0 
7fc440000000-7fc440021000 rw-p 00000000 00:00 0 
7fc440021000-7fc444000000 ---p 00000000 00:00 0 
7fc444000000-7fc444021000 rw-p 00000000 00:00 0 
7fc444021000-7fc448000000 ---p 00000000 00:00 0 
7fc448000000-7fc448021000 rw-p 00000000 00:00 0 
7fc448021000-7fc44c000000 ---p 00000000 00:00 0 
7fc44c000000-7fc44c021000 rw-p 00000000 00:00 0 
7fc44c021000-7fc450000000 ---p 00000000 00:00 0 
7fc450000000-7fc450021000 rw-p 00000000 00:00 0 
7fc450021000-7fc454000000 ---p 00000000 00:00 0 
7fc454000000-7fc454021000 rw-p 00000000 00:00 0 
7fc454021000-7fc458000000 ---p 00000000 00:00 0 
7fc45801d000-7fc458038000 r--s 00127000 fd:00 23856650                   /home/minecraft/Documents/BungeeServer/Hub/plugins/worldguard-6.1.jar
7fc458038000-7fc458057000 r--s 00164000 fd:00 23856640                   /home/minecraft/Documents/BungeeServer/Hub/plugins/worldedit-bukkit-6.1.jar
7fc458057000-7fc458229000 r--s 03ca5000 fd:00 44830859                   /usr/lib/jvm/java-8-openjdk-amd64/jre/lib/rt.jar
7fc458229000-7fc45a35d000 rw-p 00000000 00:00 0 
7fc45a35d000-7fc45a35e000 ---p 00000000 00:00 0 
7fc45a35e000-7fc45a45e000 rw-p 00000000 00:00 0 
7fc45a45e000-7fc45a45f000 ---p 00000000 00:00 0 
7fc45a45f000-7fc45a55f000 rw-p 00000000 00:00 0 
7fc45a55f000-7fc45a560000 ---p 00000000 00:00 0 
7fc45a560000-7fc45a660000 rw-p 00000000 00:00 0 
7fc45a660000-7fc45a661000 ---p 00000000 00:00 0 
7fc45a661000-7fc45a761000 rw-p 00000000 00:00 0 
7fc45a761000-7fc45a762000 ---p 00000000 00:00 0 
7fc45a762000-7fc45a862000 rw-p 00000000 00:00 0 
7fc45a862000-7fc45a863000 ---p 00000000 00:00 0 
7fc45a863000-7fc45a963000 rw-p 00000000 00:00 0 
7fc45a963000-7fc45a964000 ---p 00000000 00:00 0 
7fc45a964000-7fc45aa64000 rw-p 00000000 00:00 0 
7fc45aa64000-7fc45aa65000 ---p 00000000 00:00 0 
7fc45aa65000-7fc45ab65000 rw-p 00000000 00:00 0 
7fc45ab65000-7fc45ab66000 ---p 00000000 00:00 0 
7fc45ab66000-7fc45ac66000 rw-p 00000000 00:00 0 
7fc45ac66000-7fc45ac67000 ---p 00000000 00:00 0 
7fc45ac67000-7fc45ad67000 rw-p 00000000 00:00 0 
7fc45ad67000-7fc45ad68000 ---p 00000000 00:00 0 
7fc45ad68000-7fc45ae68000 rw-p 00000000 00:00 0 
7fc45ae68000-7fc45ae69000 ---p 00000000 00:00 0 
7fc45ae69000-7fc45af69000 rw-p 00000000 00:00 0 
7fc45af69000-7fc45af6a000 ---p 00000000 00:00 0 
7fc45af6a000-7fc45b06a000 rw-p 00000000 00:00 0 
7fc45b06a000-7fc45b06b000 ---p 00000000 00:00 0 
7fc45b06b000-7fc45b16b000 rw-p 00000000 00:00 0 
7fc45b16b000-7fc45b16c000 ---p 00000000 00:00 0 
7fc45b16c000-7fc45b26c000 rw-p 00000000 00:00 0 
7fc45b26c000-7fc45b26d000 ---p 00000000 00:00 0 
7fc45b26d000-7fc45b36d000 rw-p 00000000 00:00 0 
7fc45b36d000-7fc45b36e000 ---p 00000000 00:00 0 
7fc45b36e000-7fc45b46e000 rw-p 00000000 00:00 0 
7fc45b46e000-7fc45b46f000 ---p 00000000 00:00 0 
7fc45b46f000-7fc45b56f000 rw-p 00000000 00:00 0 
7fc45b56f000-7fc45b570000 ---p 00000000 00:00 0 
7fc45b570000-7fc45b670000 rw-p 00000000 00:00 0 
7fc45b670000-7fc45b671000 ---p 00000000 00:00 0 
7fc45b671000-7fc45b771000 rw-p 00000000 00:00 0 
7fc45b771000-7fc45b772000 ---p 00000000 00:00 0 
7fc45b772000-7fc45b872000 rw-p 00000000 00:00 0 
7fc45b872000-7fc45b873000 ---p 00000000 00:00 0 
7fc45b873000-7fc45b973000 rw-p 00000000 00:00 0 
7fc45b973000-7fc45b974000 ---p 00000000 00:00 0 
7fc45b974000-7fc45bdea000 rw-p 00000000 00:00 0 
7fc45bdea000-7fc45c177000 ---p 00000000 00:00 0 
7fc45c177000-7fc45ce07000 rwxp 00000000 00:00 0 
7fc45ce07000-7fc46b177000 ---p 00000000 00:00 0 
7fc46b177000-7fc46b17f000 r-xp 00000000 fd:00 44961447                   /usr/lib/jvm/java-8-openjdk-amd64/jre/lib/amd64/libzip.so
7fc46b17f000-7fc46b37e000 ---p 00008000 fd:00 44961447                   /usr/lib/jvm/java-8-openjdk-amd64/jre/lib/amd64/libzip.so
7fc46b37e000-7fc46b37f000 r--p 00007000 fd:00 44961447                   /usr/lib/jvm/java-8-openjdk-amd64/jre/lib/amd64/libzip.so
7fc46b37f000-7fc46b380000 rw-p 00008000 fd:00 44961447                   /usr/lib/jvm/java-8-openjdk-amd64/jre/lib/amd64/libzip.so
7fc46b380000-7fc46b38b000 r-xp 00000000 fd:00 28054719                   /lib/x86_64-linux-gnu/libnss_files-2.27.so
7fc46b38b000-7fc46b58a000 ---p 0000b000 fd:00 28054719                   /lib/x86_64-linux-gnu/libnss_files-2.27.so
7fc46b58a000-7fc46b58b000 r--p 0000a000 fd:00 28054719                   /lib/x86_64-linux-gnu/libnss_files-2.27.so
7fc46b58b000-7fc46b58c000 rw-p 0000b000 fd:00 28054719                   /lib/x86_64-linux-gnu/libnss_files-2.27.so
7fc46b58c000-7fc46b592000 rw-p 00000000 00:00 0 
7fc46b592000-7fc46b5a9000 r-xp 00000000 fd:00 28054713                   /lib/x86_64-linux-gnu/libnsl-2.27.so
7fc46b5a9000-7fc46b7a8000 ---p 00017000 fd:00 28054713                   /lib/x86_64-linux-gnu/libnsl-2.27.so
7fc46b7a8000-7fc46b7a9000 r--p 00016000 fd:00 28054713                   /lib/x86_64-linux-gnu/libnsl-2.27.so
7fc46b7a9000-7fc46b7aa000 rw-p 00017000 fd:00 28054713                   /lib/x86_64-linux-gnu/libnsl-2.27.so
7fc46b7aa000-7fc46b7ac000 rw-p 00000000 00:00 0 
7fc46b7ac000-7fc46b7b7000 r-xp 00000000 fd:00 28054730                   /lib/x86_64-linux-gnu/libnss_nis-2.27.so
7fc46b7b7000-7fc46b9b6000 ---p 0000b000 fd:00 28054730                   /lib/x86_64-linux-gnu/libnss_nis-2.27.so
7fc46b9b6000-7fc46b9b7000 r--p 0000a000 fd:00 28054730                   /lib/x86_64-linux-gnu/libnss_nis-2.27.so
7fc46b9b7000-7fc46b9b8000 rw-p 0000b000 fd:00 28054730                   /lib/x86_64-linux-gnu/libnss_nis-2.27.so
7fc46b9b8000-7fc46b9c0000 r-xp 00000000 fd:00 28054715                   /lib/x86_64-linux-gnu/libnss_compat-2.27.so
7fc46b9c0000-7fc46bbc0000 ---p 00008000 fd:00 28054715                   /lib/x86_64-linux-gnu/libnss_compat-2.27.so
7fc46bbc0000-7fc46bbc1000 r--p 00008000 fd:00 28054715                   /lib/x86_64-linux-gnu/libnss_compat-2.27.so
7fc46bbc1000-7fc46bbc2000 rw-p 00009000 fd:00 28054715                   /lib/x86_64-linux-gnu/libnss_compat-2.27.so
7fc46bbc2000-7fc46bbec000 r-xp 00000000 fd:00 44961428                   /usr/lib/jvm/java-8-openjdk-amd64/jre/lib/amd64/libjava.so
7fc46bbec000-7fc46bdeb000 ---p 0002a000 fd:00 44961428                   /usr/lib/jvm/java-8-openjdk-amd64/jre/lib/amd64/libjava.so
7fc46bdeb000-7fc46bdec000 r--p 00029000 fd:00 44961428                   /usr/lib/jvm/java-8-openjdk-amd64/jre/lib/amd64/libjava.so
7fc46bdec000-7fc46bdee000 rw-p 0002a000 fd:00 44961428                   /usr/lib/jvm/java-8-openjdk-amd64/jre/lib/amd64/libjava.so
7fc46bdee000-7fc46bdfe000 r-xp 00000000 fd:00 44961446                   /usr/lib/jvm/java-8-openjdk-amd64/jre/lib/amd64/libverify.so
7fc46bdfe000-7fc46bffd000 ---p 00010000 fd:00 44961446                   /usr/lib/jvm/java-8-openjdk-amd64/jre/lib/amd64/libverify.so
7fc46bffd000-7fc46bfff000 r--p 0000f000 fd:00 44961446                   /usr/lib/jvm/java-8-openjdk-amd64/jre/lib/amd64/libverify.so
7fc46bfff000-7fc46c000000 rw-p 00011000 fd:00 44961446                   /usr/lib/jvm/java-8-openjdk-amd64/jre/lib/amd64/libverify.so
7fc46c000000-7fc46c95d000 rw-p 00000000 00:00 0 
7fc46c95d000-7fc470000000 ---p 00000000 00:00 0 
7fc470001000-7fc470002000 r--s 00004000 fd:00 23856630                   /home/minecraft/Documents/BungeeServer/Hub/plugins/BungeePortals.jar
7fc470002000-7fc470006000 r--s 0001b000 fd:00 23856631                   /home/minecraft/Documents/BungeeServer/Hub/plugins/BungeeTabListPlus_BukkitBridge-3.2.0.jar
7fc470006000-7fc470007000 r--s 00001000 fd:00 23856034                   /home/minecraft/Documents/BungeeServer/Hub/plugins/HubBasic.jar
7fc470007000-7fc470008000 r--s 00000000 fd:00 23856632                   /home/minecraft/Documents/BungeeServer/Hub/plugins/DisableJoinMessage.jar
7fc470008000-7fc47000a000 r--s 00016000 fd:00 44830848                   /usr/lib/jvm/java-8-openjdk-amd64/jre/lib/jce.jar
7fc47000a000-7fc47000d000 ---p 00000000 00:00 0 
7fc47000d000-7fc470043000 rw-p 00000000 00:00 0 
7fc470043000-7fc470048000 r--s 000a7000 fd:00 44830852                   /usr/lib/jvm/java-8-openjdk-amd64/jre/lib/jsse.jar
7fc470048000-7fc470049000 r--s 0000a000 fd:00 45485125                   /usr/lib/jvm/java-8-openjdk-amd64/jre/lib/ext/jaccess.jar
7fc470049000-7fc47004d000 r--s 0003a000 fd:00 45485130                   /usr/lib/jvm/java-8-openjdk-amd64/jre/lib/ext/sunpkcs11.jar
7fc47004d000-7fc470068000 r--s 001d6000 fd:00 45485127                   /usr/lib/jvm/java-8-openjdk-amd64/jre/lib/ext/nashorn.jar
7fc470068000-7fc4700de000 rw-p 00000000 00:00 0 
7fc4700de000-7fc4700e5000 r-xp 00000000 fd:00 28054770                   /lib/x86_64-linux-gnu/librt-2.27.so
7fc4700e5000-7fc4702e4000 ---p 00007000 fd:00 28054770                   /lib/x86_64-linux-gnu/librt-2.27.so
7fc4702e4000-7fc4702e5000 r--p 00006000 fd:00 28054770                   /lib/x86_64-linux-gnu/librt-2.27.so
7fc4702e5000-7fc4702e6000 rw-p 00007000 fd:00 28054770                   /lib/x86_64-linux-gnu/librt-2.27.so
7fc4702e6000-7fc4702fd000 r-xp 00000000 fd:00 28054524                   /lib/x86_64-linux-gnu/libgcc_s.so.1
7fc4702fd000-7fc4704fc000 ---p 00017000 fd:00 28054524                   /lib/x86_64-linux-gnu/libgcc_s.so.1
7fc4704fc000-7fc4704fd000 r--p 00016000 fd:00 28054524                   /lib/x86_64-linux-gnu/libgcc_s.so.1
7fc4704fd000-7fc4704fe000 rw-p 00017000 fd:00 28054524                   /lib/x86_64-linux-gnu/libgcc_s.so.1
7fc4704fe000-7fc47069b000 r-xp 00000000 fd:00 28054692                   /lib/x86_64-linux-gnu/libm-2.27.so
7fc47069b000-7fc47089a000 ---p 0019d000 fd:00 28054692                   /lib/x86_64-linux-gnu/libm-2.27.so
7fc47089a000-7fc47089b000 r--p 0019c000 fd:00 28054692                   /lib/x86_64-linux-gnu/libm-2.27.so
7fc47089b000-7fc47089c000 rw-p 0019d000 fd:00 28054692                   /lib/x86_64-linux-gnu/libm-2.27.so
7fc47089c000-7fc470a15000 r-xp 00000000 fd:00 42730683                   /usr/lib/x86_64-linux-gnu/libstdc++.so.6.0.25
7fc470a15000-7fc470c15000 ---p 00179000 fd:00 42730683                   /usr/lib/x86_64-linux-gnu/libstdc++.so.6.0.25
7fc470c15000-7fc470c1f000 r--p 00179000 fd:00 42730683                   /usr/lib/x86_64-linux-gnu/libstdc++.so.6.0.25
7fc470c1f000-7fc470c21000 rw-p 00183000 fd:00 42730683                   /usr/lib/x86_64-linux-gnu/libstdc++.so.6.0.25
7fc470c21000-7fc470c25000 rw-p 00000000 00:00 0 
7fc470c25000-7fc4718c9000 r-xp 00000000 fd:00 45221396                   /usr/lib/jvm/java-8-openjdk-amd64/jre/lib/amd64/server/libjvm.so
7fc4718c9000-7fc471ac9000 ---p 00ca4000 fd:00 45221396                   /usr/lib/jvm/java-8-openjdk-amd64/jre/lib/amd64/server/libjvm.so
7fc471ac9000-7fc471b5d000 r--p 00ca4000 fd:00 45221396                   /usr/lib/jvm/java-8-openjdk-amd64/jre/lib/amd64/server/libjvm.so
7fc471b5d000-7fc471b86000 rw-p 00d38000 fd:00 45221396                   /usr/lib/jvm/java-8-openjdk-amd64/jre/lib/amd64/server/libjvm.so
7fc471b86000-7fc471bb6000 rw-p 00000000 00:00 0 
7fc471bb6000-7fc471bd0000 r-xp 00000000 fd:00 28054762                   /lib/x86_64-linux-gnu/libpthread-2.27.so
7fc471bd0000-7fc471dcf000 ---p 0001a000 fd:00 28054762                   /lib/x86_64-linux-gnu/libpthread-2.27.so
7fc471dcf000-7fc471dd0000 r--p 00019000 fd:00 28054762                   /lib/x86_64-linux-gnu/libpthread-2.27.so
7fc471dd0000-7fc471dd1000 rw-p 0001a000 fd:00 28054762                   /lib/x86_64-linux-gnu/libpthread-2.27.so
7fc471dd1000-7fc471dd5000 rw-p 00000000 00:00 0 
7fc471dd5000-7fc471dd8000 r-xp 00000000 fd:00 28054652                   /lib/x86_64-linux-gnu/libdl-2.27.so
7fc471dd8000-7fc471fd7000 ---p 00003000 fd:00 28054652                   /lib/x86_64-linux-gnu/libdl-2.27.so
7fc471fd7000-7fc471fd8000 r--p 00002000 fd:00 28054652                   /lib/x86_64-linux-gnu/libdl-2.27.so
7fc471fd8000-7fc471fd9000 rw-p 00003000 fd:00 28054652                   /lib/x86_64-linux-gnu/libdl-2.27.so
7fc471fd9000-7fc471ff5000 r-xp 00000000 fd:00 28054801                   /lib/x86_64-linux-gnu/libz.so.1.2.11
7fc471ff5000-7fc4721f4000 ---p 0001c000 fd:00 28054801                   /lib/x86_64-linux-gnu/libz.so.1.2.11
7fc4721f4000-7fc4721f5000 r--p 0001b000 fd:00 28054801                   /lib/x86_64-linux-gnu/libz.so.1.2.11
7fc4721f5000-7fc4721f6000 rw-p 0001c000 fd:00 28054801                   /lib/x86_64-linux-gnu/libz.so.1.2.11
7fc4721f6000-7fc4723dd000 r-xp 00000000 fd:00 28054629                   /lib/x86_64-linux-gnu/libc-2.27.so
7fc4723dd000-7fc4725dd000 ---p 001e7000 fd:00 28054629                   /lib/x86_64-linux-gnu/libc-2.27.so
7fc4725dd000-7fc4725e1000 r--p 001e7000 fd:00 28054629                   /lib/x86_64-linux-gnu/libc-2.27.so
7fc4725e1000-7fc4725e3000 rw-p 001eb000 fd:00 28054629                   /lib/x86_64-linux-gnu/libc-2.27.so
7fc4725e3000-7fc4725e7000 rw-p 00000000 00:00 0 
7fc4725e7000-7fc4725f5000 r-xp 00000000 fd:00 45090262                   /usr/lib/jvm/java-8-openjdk-amd64/jre/lib/amd64/jli/libjli.so
7fc4725f5000-7fc4727f4000 ---p 0000e000 fd:00 45090262                   /usr/lib/jvm/java-8-openjdk-amd64/jre/lib/amd64/jli/libjli.so
7fc4727f4000-7fc4727f5000 r--p 0000d000 fd:00 45090262                   /usr/lib/jvm/java-8-openjdk-amd64/jre/lib/amd64/jli/libjli.so
7fc4727f5000-7fc4727f6000 rw-p 0000e000 fd:00 45090262                   /usr/lib/jvm/java-8-openjdk-amd64/jre/lib/amd64/jli/libjli.so
7fc4727f6000-7fc47281d000 r-xp 00000000 fd:00 28054601                   /lib/x86_64-linux-gnu/ld-2.27.so
7fc47281d000-7fc472827000 r--s 00116000 fd:00 45485126                   /usr/lib/jvm/java-8-openjdk-amd64/jre/lib/ext/localedata.jar
7fc472827000-7fc472842000 r--s 00394000 fd:00 45485063                   /usr/lib/jvm/java-8-openjdk-amd64/jre/lib/ext/cldrdata.jar
7fc472842000-7fc4728ff000 rw-p 00000000 00:00 0 
7fc4728ff000-7fc472900000 ---p 00000000 00:00 0 
7fc472900000-7fc472903000 ---p 00000000 00:00 0 
7fc472903000-7fc472a02000 rw-p 00000000 00:00 0 
7fc472a02000-7fc472a03000 r--s 00010000 fd:00 45485131                   /usr/lib/jvm/java-8-openjdk-amd64/jre/lib/ext/zipfs.jar
7fc472a03000-7fc472a09000 r--s 0003d000 fd:00 45485129                   /usr/lib/jvm/java-8-openjdk-amd64/jre/lib/ext/sunjce_provider.jar
7fc472a09000-7fc472a0b000 r--s 00001000 fd:00 45485078                   /usr/lib/jvm/java-8-openjdk-amd64/jre/lib/ext/dnsns.jar
7fc472a0b000-7fc472a0d000 r--s 00007000 fd:00 43127215                   /usr/share/java/java-atk-wrapper.jar
7fc472a0d000-7fc472a10000 r--s 0000f000 fd:00 45485079                   /usr/lib/jvm/java-8-openjdk-amd64/jre/lib/ext/icedtea-sound.jar
7fc472a10000-7fc472a11000 r--s 0000d000 fd:00 45485128                   /usr/lib/jvm/java-8-openjdk-amd64/jre/lib/ext/sunec.jar
7fc472a11000-7fc472a19000 rw-s 00000000 fd:00 23855930                   /tmp/hsperfdata_minecraft/12037
7fc472a19000-7fc472a1a000 rw-p 00000000 00:00 0 
7fc472a1a000-7fc472a1b000 r--p 00000000 00:00 0 
7fc472a1b000-7fc472a1d000 rw-p 00000000 00:00 0 
7fc472a1d000-7fc472a1e000 r--p 00027000 fd:00 28054601                   /lib/x86_64-linux-gnu/ld-2.27.so
7fc472a1e000-7fc472a1f000 rw-p 00028000 fd:00 28054601                   /lib/x86_64-linux-gnu/ld-2.27.so
7fc472a1f000-7fc472a20000 rw-p 00000000 00:00 0 
7ffeeee43000-7ffeeee64000 rw-p 00000000 00:00 0                          [stack]
7ffeeee76000-7ffeeee79000 r--p 00000000 00:00 0                          [vvar]
7ffeeee79000-7ffeeee7a000 r-xp 00000000 00:00 0                          [vdso]
ffffffffff600000-ffffffffff601000 --xp 00000000 00:00 0                  [vsyscall]

VM Arguments:
jvm_args: -Xms1000M -Xmx1000M 
java_command: server.jar
java_class_path (initial): server.jar
Launcher Type: SUN_STANDARD

Environment Variables:
PATH=/usr/local/sbin:/usr/local/bin:/usr/sbin:/usr/bin:/sbin:/bin:/usr/games:/usr/local/games:/snap/bin
SHELL=/bin/bash

Signal Handlers:
SIGSEGV: [libjvm.so+0xabd470], sa_mask[0]=11111111011111111101111111111110, sa_flags=SA_RESTART|SA_SIGINFO
SIGBUS: [libjvm.so+0xabd470], sa_mask[0]=11111111011111111101111111111110, sa_flags=SA_RESTART|SA_SIGINFO
SIGFPE: [libjvm.so+0x8f1c90], sa_mask[0]=11111111011111111101111111111110, sa_flags=SA_RESTART|SA_SIGINFO
SIGPIPE: [libjvm.so+0x8f1c90], sa_mask[0]=11111111011111111101111111111110, sa_flags=SA_RESTART|SA_SIGINFO
SIGXFSZ: [libjvm.so+0x8f1c90], sa_mask[0]=11111111011111111101111111111110, sa_flags=SA_RESTART|SA_SIGINFO
SIGILL: [libjvm.so+0x8f1c90], sa_mask[0]=11111111011111111101111111111110, sa_flags=SA_RESTART|SA_SIGINFO
SIGUSR1: SIG_DFL, sa_mask[0]=00000000000000000000000000000000, sa_flags=none
SIGUSR2: [libjvm.so+0x8f1b40], sa_mask[0]=00000000000000000000000000000000, sa_flags=SA_RESTART|SA_SIGINFO
SIGHUP: [libjvm.so+0x8f21b0], sa_mask[0]=11111111011111111101111111111110, sa_flags=SA_RESTART|SA_SIGINFO
SIGINT: [libjvm.so+0x8f21b0], sa_mask[0]=11111111011111111101111111111110, sa_flags=SA_RESTART|SA_SIGINFO
SIGTERM: [libjvm.so+0x8f21b0], sa_mask[0]=11111111011111111101111111111110, sa_flags=SA_RESTART|SA_SIGINFO
SIGQUIT: [libjvm.so+0x8f21b0], sa_mask[0]=11111111011111111101111111111110, sa_flags=SA_RESTART|SA_SIGINFO


---------------  S Y S T E M  ---------------

OS:DISTRIB_ID=Ubuntu
DISTRIB_RELEASE=18.04
DISTRIB_CODENAME=bionic
DISTRIB_DESCRIPTION="Ubuntu 18.04.4 LTS"

uname:Linux 5.3.0-46-generic #38~18.04.1-Ubuntu SMP Tue Mar 31 04:17:56 UTC 2020 x86_64
libc:glibc 2.27 NPTL 2.27 
rlimit: STACK 8192k, CORE 0k, NPROC 515343, NOFILE 1048576, AS infinity
load average:0.40 0.59 0.50

/proc/meminfo:
MemTotal:       131978852 kB
MemFree:        114603376 kB
MemAvailable:   119751952 kB
Buffers:          650840 kB
Cached:          5409676 kB
SwapCached:            0 kB
Active:         12850972 kB
Inactive:        2729836 kB
Active(anon):    9522176 kB
Inactive(anon):   242572 kB
Active(file):    3328796 kB
Inactive(file):  2487264 kB
Unevictable:          64 kB
Mlocked:              64 kB
SwapTotal:        999420 kB
SwapFree:         999420 kB
Dirty:               796 kB
Writeback:             0 kB
AnonPages:       9521060 kB
Mapped:          1006292 kB
Shmem:            245384 kB
KReclaimable:     346188 kB
Slab:             538428 kB
SReclaimable:     346188 kB
SUnreclaim:       192240 kB
KernelStack:       32672 kB
PageTables:       120780 kB
NFS_Unstable:          0 kB
Bounce:                0 kB
WritebackTmp:          0 kB
CommitLimit:    66988844 kB
Committed_AS:   22237016 kB
VmallocTotal:   34359738367 kB
VmallocUsed:      172940 kB
VmallocChunk:          0 kB
Percpu:            13056 kB
HardwareCorrupted:     0 kB
AnonHugePages:         0 kB
ShmemHugePages:        0 kB
ShmemPmdMapped:        0 kB
CmaTotal:              0 kB
CmaFree:               0 kB
HugePages_Total:       0
HugePages_Free:        0
HugePages_Rsvd:        0
HugePages_Surp:        0
Hugepagesize:       2048 kB
Hugetlb:               0 kB
DirectMap4k:     1413268 kB
DirectMap2M:    21612544 kB
DirectMap1G:    111149056 kB

container (cgroup) information:
container_type: cgroupv1
cpu_cpuset_cpus: 0-31
cpu_memory_nodes: 0-1
active_processor_count: 32
cpu_quota: -1
cpu_period: 100000
cpu_shares: -1
memory_limit_in_bytes: -1
memory_and_swap_limit_in_bytes: -2
memory_soft_limit_in_bytes: -1
memory_usage_in_bytes: 15952584704
memory_max_usage_in_bytes: 78290038784


CPU:total 32 (initial active 32) (8 cores per cpu, 2 threads per core) family 6 model 45 stepping 7, cmov, cx8, fxsr, mmx, sse, sse2, sse3, ssse3, sse4.1, sse4.2, popcnt, avx, aes, clmul, ht, tsc, tscinvbit, tscinv

/proc/cpuinfo:
processor	: 0
vendor_id	: GenuineIntel
cpu family	: 6
model		: 45
model name	: Intel(R) Xeon(R) CPU E5-2687W 0 @ 3.10GHz
stepping	: 7
microcode	: 0x718
cpu MHz		: 1463.800
cache size	: 20480 KB
physical id	: 0
siblings	: 16
core id		: 0
cpu cores	: 8
apicid		: 0
initial apicid	: 0
fpu		: yes
fpu_exception	: yes
cpuid level	: 13
wp		: yes
flags		: fpu vme de pse tsc msr pae mce cx8 apic sep mtrr pge mca cmov pat pse36 clflush dts acpi mmx fxsr sse sse2 ss ht tm pbe syscall nx pdpe1gb rdtscp lm constant_tsc arch_perfmon pebs bts rep_good nopl xtopology nonstop_tsc cpuid aperfmperf pni pclmulqdq dtes64 monitor ds_cpl vmx smx est tm2 ssse3 cx16 xtpr pdcm pcid dca sse4_1 sse4_2 x2apic popcnt tsc_deadline_timer aes xsave avx lahf_lm epb pti ssbd ibrs ibpb stibp tpr_shadow vnmi flexpriority ept vpid xsaveopt dtherm ida arat pln pts md_clear flush_l1d
bugs		: cpu_meltdown spectre_v1 spectre_v2 spec_store_bypass l1tf mds swapgs itlb_multihit
bogomips	: 6185.35
clflush size	: 64
cache_alignment	: 64
address sizes	: 46 bits physical, 48 bits virtual
power management:

processor	: 1
vendor_id	: GenuineIntel
cpu family	: 6
model		: 45
model name	: Intel(R) Xeon(R) CPU E5-2687W 0 @ 3.10GHz
stepping	: 7
microcode	: 0x718
cpu MHz		: 1462.027
cache size	: 20480 KB
physical id	: 0
siblings	: 16
core id		: 1
cpu cores	: 8
apicid		: 2
initial apicid	: 2
fpu		: yes
fpu_exception	: yes
cpuid level	: 13
wp		: yes
flags		: fpu vme de pse tsc msr pae mce cx8 apic sep mtrr pge mca cmov pat pse36 clflush dts acpi mmx fxsr sse sse2 ss ht tm pbe syscall nx pdpe1gb rdtscp lm constant_tsc arch_perfmon pebs bts rep_good nopl xtopology nonstop_tsc cpuid aperfmperf pni pclmulqdq dtes64 monitor ds_cpl vmx smx est tm2 ssse3 cx16 xtpr pdcm pcid dca sse4_1 sse4_2 x2apic popcnt tsc_deadline_timer aes xsave avx lahf_lm epb pti ssbd ibrs ibpb stibp tpr_shadow vnmi flexpriority ept vpid xsaveopt dtherm ida arat pln pts md_clear flush_l1d
bugs		: cpu_meltdown spectre_v1 spectre_v2 spec_store_bypass l1tf mds swapgs itlb_multihit
bogomips	: 6185.35
clflush size	: 64
cache_alignment	: 64
address sizes	: 46 bits physical, 48 bits virtual
power management:

processor	: 2
vendor_id	: GenuineIntel
cpu family	: 6
model		: 45
model name	: Intel(R) Xeon(R) CPU E5-2687W 0 @ 3.10GHz
stepping	: 7
microcode	: 0x718
cpu MHz		: 1431.826
cache size	: 20480 KB
physical id	: 0
siblings	: 16
core id		: 2
cpu cores	: 8
apicid		: 4
initial apicid	: 4
fpu		: yes
fpu_exception	: yes
cpuid level	: 13
wp		: yes
flags		: fpu vme de pse tsc msr pae mce cx8 apic sep mtrr pge mca cmov pat pse36 clflush dts acpi mmx fxsr sse sse2 ss ht tm pbe syscall nx pdpe1gb rdtscp lm constant_tsc arch_perfmon pebs bts rep_good nopl xtopology nonstop_tsc cpuid aperfmperf pni pclmulqdq dtes64 monitor ds_cpl vmx smx est tm2 ssse3 cx16 xtpr pdcm pcid dca sse4_1 sse4_2 x2apic popcnt tsc_deadline_timer aes xsave avx lahf_lm epb pti ssbd ibrs ibpb stibp tpr_shadow vnmi flexpriority ept vpid xsaveopt dtherm ida arat pln pts md_clear flush_l1d
bugs		: cpu_meltdown spectre_v1 spectre_v2 spec_store_bypass l1tf mds swapgs itlb_multihit
bogomips	: 6185.35
clflush size	: 64
cache_alignment	: 64
address sizes	: 46 bits physical, 48 bits virtual
power management:

processor	: 3
vendor_id	: GenuineIntel
cpu family	: 6
model		: 45
model name	: Intel(R) Xeon(R) CPU E5-2687W 0 @ 3.10GHz
stepping	: 7
microcode	: 0x718
cpu MHz		: 1465.419
cache size	: 20480 KB
physical id	: 0
siblings	: 16
core id		: 3
cpu cores	: 8
apicid		: 6
initial apicid	: 6
fpu		: yes
fpu_exception	: yes
cpuid level	: 13
wp		: yes
flags		: fpu vme de pse tsc msr pae mce cx8 apic sep mtrr pge mca cmov pat pse36 clflush dts acpi mmx fxsr sse sse2 ss ht tm pbe syscall nx pdpe1gb rdtscp lm constant_tsc arch_perfmon pebs bts rep_good nopl xtopology nonstop_tsc cpuid aperfmperf pni pclmulqdq dtes64 monitor ds_cpl vmx smx est tm2 ssse3 cx16 xtpr pdcm pcid dca sse4_1 sse4_2 x2apic popcnt tsc_deadline_timer aes xsave avx lahf_lm epb pti ssbd ibrs ibpb stibp tpr_shadow vnmi flexpriority ept vpid xsaveopt dtherm ida arat pln pts md_clear flush_l1d
bugs		: cpu_meltdown spectre_v1 spectre_v2 spec_store_bypass l1tf mds swapgs itlb_multihit
bogomips	: 6185.35
clflush size	: 64
cache_alignment	: 64
address sizes	: 46 bits physical, 48 bits virtual
power management:

processor	: 4
vendor_id	: GenuineIntel
cpu family	: 6
model		: 45
model name	: Intel(R) Xeon(R) CPU E5-2687W 0 @ 3.10GHz
stepping	: 7
microcode	: 0x718
cpu MHz		: 1451.481
cache size	: 20480 KB
physical id	: 0
siblings	: 16
core id		: 4
cpu cores	: 8
apicid		: 8
initial apicid	: 8
fpu		: yes
fpu_exception	: yes
cpuid level	: 13
wp		: yes
flags		: fpu vme de pse tsc msr pae mce cx8 apic sep mtrr pge mca cmov pat pse36 clflush dts acpi mmx fxsr sse sse2 ss ht tm pbe syscall nx pdpe1gb rdtscp lm constant_tsc arch_perfmon pebs bts rep_good nopl xtopology nonstop_tsc cpuid aperfmperf pni pclmulqdq dtes64 monitor ds_cpl vmx smx est tm2 ssse3 cx16 xtpr pdcm pcid dca sse4_1 sse4_2 x2apic popcnt tsc_deadline_timer aes xsave avx lahf_lm epb pti ssbd ibrs ibpb stibp tpr_shadow vnmi flexpriority ept vpid xsaveopt dtherm ida arat pln pts md_clear flush_l1d
bugs		: cpu_meltdown spectre_v1 spectre_v2 spec_store_bypass l1tf mds swapgs itlb_multihit
bogomips	: 6185.35
clflush size	: 64
cache_alignment	: 64
address sizes	: 46 bits physical, 48 bits virtual
power management:

processor	: 5
vendor_id	: GenuineIntel
cpu family	: 6
model		: 45
model name	: Intel(R) Xeon(R) CPU E5-2687W 0 @ 3.10GHz
stepping	: 7
microcode	: 0x718
cpu MHz		: 2786.311
cache size	: 20480 KB
physical id	: 0
siblings	: 16
core id		: 5
cpu cores	: 8
apicid		: 10
initial apicid	: 10
fpu		: yes
fpu_exception	: yes
cpuid level	: 13
wp		: yes
flags		: fpu vme de pse tsc msr pae mce cx8 apic sep mtrr pge mca cmov pat pse36 clflush dts acpi mmx fxsr sse sse2 ss ht tm pbe syscall nx pdpe1gb rdtscp lm constant_tsc arch_perfmon pebs bts rep_good nopl xtopology nonstop_tsc cpuid aperfmperf pni pclmulqdq dtes64 monitor ds_cpl vmx smx est tm2 ssse3 cx16 xtpr pdcm pcid dca sse4_1 sse4_2 x2apic popcnt tsc_deadline_timer aes xsave avx lahf_lm epb pti ssbd ibrs ibpb stibp tpr_shadow vnmi flexpriority ept vpid xsaveopt dtherm ida arat pln pts md_clear flush_l1d
bugs		: cpu_meltdown spectre_v1 spectre_v2 spec_store_bypass l1tf mds swapgs itlb_multihit
bogomips	: 6185.35
clflush size	: 64
cache_alignment	: 64
address sizes	: 46 bits physical, 48 bits virtual
power management:

processor	: 6
vendor_id	: GenuineIntel
cpu family	: 6
model		: 45
model name	: Intel(R) Xeon(R) CPU E5-2687W 0 @ 3.10GHz
stepping	: 7
microcode	: 0x718
cpu MHz		: 1465.235
cache size	: 20480 KB
physical id	: 0
siblings	: 16
core id		: 6
cpu cores	: 8
apicid		: 12
initial apicid	: 12
fpu		: yes
fpu_exception	: yes
cpuid level	: 13
wp		: yes
flags		: fpu vme de pse tsc msr pae mce cx8 apic sep mtrr pge mca cmov pat pse36 clflush dts acpi mmx fxsr sse sse2 ss ht tm pbe syscall nx pdpe1gb rdtscp lm constant_tsc arch_perfmon pebs bts rep_good nopl xtopology nonstop_tsc cpuid aperfmperf pni pclmulqdq dtes64 monitor ds_cpl vmx smx est tm2 ssse3 cx16 xtpr pdcm pcid dca sse4_1 sse4_2 x2apic popcnt tsc_deadline_timer aes xsave avx lahf_lm epb pti ssbd ibrs ibpb stibp tpr_shadow vnmi flexpriority ept vpid xsaveopt dtherm ida arat pln pts md_clear flush_l1d
bugs		: cpu_meltdown spectre_v1 spectre_v2 spec_store_bypass l1tf mds swapgs itlb_multihit
bogomips	: 6185.35
clflush size	: 64
cache_alignment	: 64
address sizes	: 46 bits physical, 48 bits virtual
power management:

processor	: 7
vendor_id	: GenuineIntel
cpu family	: 6
model		: 45
model name	: Intel(R) Xeon(R) CPU E5-2687W 0 @ 3.10GHz
stepping	: 7
microcode	: 0x718
cpu MHz		: 2357.785
cache size	: 20480 KB
physical id	: 0
siblings	: 16
core id		: 7
cpu cores	: 8
apicid		: 14
initial apicid	: 14
fpu		: yes
fpu_exception	: yes
cpuid level	: 13
wp		: yes
flags		: fpu vme de pse tsc msr pae mce cx8 apic sep mtrr pge mca cmov pat pse36 clflush dts acpi mmx fxsr sse sse2 ss ht tm pbe syscall nx pdpe1gb rdtscp lm constant_tsc arch_perfmon pebs bts rep_good nopl xtopology nonstop_tsc cpuid aperfmperf pni pclmulqdq dtes64 monitor ds_cpl vmx smx est tm2 ssse3 cx16 xtpr pdcm pcid dca sse4_1 sse4_2 x2apic popcnt tsc_deadline_timer aes xsave avx lahf_lm epb pti ssbd ibrs ibpb stibp tpr_shadow vnmi flexpriority ept vpid xsaveopt dtherm ida arat pln pts md_clear flush_l1d
bugs		: cpu_meltdown spectre_v1 spectre_v2 spec_store_bypass l1tf mds swapgs itlb_multihit
bogomips	: 6185.35
clflush size	: 64
cache_alignment	: 64
address sizes	: 46 bits physical, 48 bits virtual
power management:

processor	: 8
vendor_id	: GenuineIntel
cpu family	: 6
model		: 45
model name	: Intel(R) Xeon(R) CPU E5-2687W 0 @ 3.10GHz
stepping	: 7
microcode	: 0x718
cpu MHz		: 1723.653
cache size	: 20480 KB
physical id	: 1
siblings	: 16
core id		: 0
cpu cores	: 8
apicid		: 32
initial apicid	: 32
fpu		: yes
fpu_exception	: yes
cpuid level	: 13
wp		: yes
flags		: fpu vme de pse tsc msr pae mce cx8 apic sep mtrr pge mca cmov pat pse36 clflush dts acpi mmx fxsr sse sse2 ss ht tm pbe syscall nx pdpe1gb rdtscp lm constant_tsc arch_perfmon pebs bts rep_good nopl xtopology nonstop_tsc cpuid aperfmperf pni pclmulqdq dtes64 monitor ds_cpl vmx smx est tm2 ssse3 cx16 xtpr pdcm pcid dca sse4_1 sse4_2 x2apic popcnt tsc_deadline_timer aes xsave avx lahf_lm epb pti ssbd ibrs ibpb stibp tpr_shadow vnmi flexpriority ept vpid xsaveopt dtherm ida arat pln pts md_clear flush_l1d
bugs		: cpu_meltdown spectre_v1 spectre_v2 spec_store_bypass l1tf mds swapgs itlb_multihit
bogomips	: 6187.13
clflush size	: 64
cache_alignment	: 64
address sizes	: 46 bits physical, 48 bits virtual
power management:

processor	: 9
vendor_id	: GenuineIntel
cpu family	: 6
model		: 45
model name	: Intel(R) Xeon(R) CPU E5-2687W 0 @ 3.10GHz
stepping	: 7
microcode	: 0x718
cpu MHz		: 2510.068
cache size	: 20480 KB
physical id	: 1
siblings	: 16
core id		: 1
cpu cores	: 8
apicid		: 34
initial apicid	: 34
fpu		: yes
fpu_exception	: yes
cpuid level	: 13
wp		: yes
flags		: fpu vme de pse tsc msr pae mce cx8 apic sep mtrr pge mca cmov pat pse36 clflush dts acpi mmx fxsr sse sse2 ss ht tm pbe syscall nx pdpe1gb rdtscp lm constant_tsc arch_perfmon pebs bts rep_good nopl xtopology nonstop_tsc cpuid aperfmperf pni pclmulqdq dtes64 monitor ds_cpl vmx smx est tm2 ssse3 cx16 xtpr pdcm pcid dca sse4_1 sse4_2 x2apic popcnt tsc_deadline_timer aes xsave avx lahf_lm epb pti ssbd ibrs ibpb stibp tpr_shadow vnmi flexpriority ept vpid xsaveopt dtherm ida arat pln pts md_clear flush_l1d
bugs		: cpu_meltdown spectre_v1 spectre_v2 spec_store_bypass l1tf mds swapgs itlb_multihit
bogomips	: 6187.13
clflush size	: 64
cache_alignment	: 64
address sizes	: 46 bits physical, 48 bits virtual
power management:

processor	: 10
vendor_id	: GenuineIntel
cpu family	: 6
model		: 45
model name	: Intel(R) Xeon(R) CPU E5-2687W 0 @ 3.10GHz
stepping	: 7
microcode	: 0x718
cpu MHz		: 2013.099
cache size	: 20480 KB
physical id	: 1
siblings	: 16
core id		: 2
cpu cores	: 8
apicid		: 36
initial apicid	: 36
fpu		: yes
fpu_exception	: yes
cpuid level	: 13
wp		: yes
flags		: fpu vme de pse tsc msr pae mce cx8 apic sep mtrr pge mca cmov pat pse36 clflush dts acpi mmx fxsr sse sse2 ss ht tm pbe syscall nx pdpe1gb rdtscp lm constant_tsc arch_perfmon pebs bts rep_good nopl xtopology nonstop_tsc cpuid aperfmperf pni pclmulqdq dtes64 monitor ds_cpl vmx smx est tm2 ssse3 cx16 xtpr pdcm pcid dca sse4_1 sse4_2 x2apic popcnt tsc_deadline_timer aes xsave avx lahf_lm epb pti ssbd ibrs ibpb stibp tpr_shadow vnmi flexpriority ept vpid xsaveopt dtherm ida arat pln pts md_clear flush_l1d
bugs		: cpu_meltdown spectre_v1 spectre_v2 spec_store_bypass l1tf mds swapgs itlb_multihit
bogomips	: 6187.13
clflush size	: 64
cache_alignment	: 64
address sizes	: 46 bits physical, 48 bits virtual
power management:

processor	: 11
vendor_id	: GenuineIntel
cpu family	: 6
model		: 45
model name	: Intel(R) Xeon(R) CPU E5-2687W 0 @ 3.10GHz
stepping	: 7
microcode	: 0x718
cpu MHz		: 2337.382
cache size	: 20480 KB
physical id	: 1
siblings	: 16
core id		: 3
cpu cores	: 8
apicid		: 38
initial apicid	: 38
fpu		: yes
fpu_exception	: yes
cpuid level	: 13
wp		: yes
flags		: fpu vme de pse tsc msr pae mce cx8 apic sep mtrr pge mca cmov pat pse36 clflush dts acpi mmx fxsr sse sse2 ss ht tm pbe syscall nx pdpe1gb rdtscp lm constant_tsc arch_perfmon pebs bts rep_good nopl xtopology nonstop_tsc cpuid aperfmperf pni pclmulqdq dtes64 monitor ds_cpl vmx smx est tm2 ssse3 cx16 xtpr pdcm pcid dca sse4_1 sse4_2 x2apic popcnt tsc_deadline_timer aes xsave avx lahf_lm epb pti ssbd ibrs ibpb stibp tpr_shadow vnmi flexpriority ept vpid xsaveopt dtherm ida arat pln pts md_clear flush_l1d
bugs		: cpu_meltdown spectre_v1 spectre_v2 spec_store_bypass l1tf mds swapgs itlb_multihit
bogomips	: 6187.13
clflush size	: 64
cache_alignment	: 64
address sizes	: 46 bits physical, 48 bits virtual
power management:

processor	: 12
vendor_id	: GenuineIntel
cpu family	: 6
model		: 45
model name	: Intel(R) Xeon(R) CPU E5-2687W 0 @ 3.10GHz
stepping	: 7
microcode	: 0x718
cpu MHz		: 1356.711
cache size	: 20480 KB
physical id	: 1
siblings	: 16
core id		: 4
cpu cores	: 8
apicid		: 40
initial apicid	: 40
fpu		: yes
fpu_exception	: yes
cpuid level	: 13
wp		: yes
flags		: fpu vme de pse tsc msr pae mce cx8 apic sep mtrr pge mca cmov pat pse36 clflush dts acpi mmx fxsr sse sse2 ss ht tm pbe syscall nx pdpe1gb rdtscp lm constant_tsc arch_perfmon pebs bts rep_good nopl xtopology nonstop_tsc cpuid aperfmperf pni pclmulqdq dtes64 monitor ds_cpl vmx smx est tm2 ssse3 cx16 xtpr pdcm pcid dca sse4_1 sse4_2 x2apic popcnt tsc_deadline_timer aes xsave avx lahf_lm epb pti ssbd ibrs ibpb stibp tpr_shadow vnmi flexpriority ept vpid xsaveopt dtherm ida arat pln pts md_clear flush_l1d
bugs		: cpu_meltdown spectre_v1 spectre_v2 spec_store_bypass l1tf mds swapgs itlb_multihit
bogomips	: 6187.13
clflush size	: 64
cache_alignment	: 64
address sizes	: 46 bits physical, 48 bits virtual
power management:

processor	: 13
vendor_id	: GenuineIntel
cpu family	: 6
model		: 45
model name	: Intel(R) Xeon(R) CPU E5-2687W 0 @ 3.10GHz
stepping	: 7
microcode	: 0x718
cpu MHz		: 2118.315
cache size	: 20480 KB
physical id	: 1
siblings	: 16
core id		: 5
cpu cores	: 8
apicid		: 42
initial apicid	: 42
fpu		: yes
fpu_exception	: yes
cpuid level	: 13
wp		: yes
flags		: fpu vme de pse tsc msr pae mce cx8 apic sep mtrr pge mca cmov pat pse36 clflush dts acpi mmx fxsr sse sse2 ss ht tm pbe syscall nx pdpe1gb rdtscp lm constant_tsc arch_perfmon pebs bts rep_good nopl xtopology nonstop_tsc cpuid aperfmperf pni pclmulqdq dtes64 monitor ds_cpl vmx smx est tm2 ssse3 cx16 xtpr pdcm pcid dca sse4_1 sse4_2 x2apic popcnt tsc_deadline_timer aes xsave avx lahf_lm epb pti ssbd ibrs ibpb stibp tpr_shadow vnmi flexpriority ept vpid xsaveopt dtherm ida arat pln pts md_clear flush_l1d
bugs		: cpu_meltdown spectre_v1 spectre_v2 spec_store_bypass l1tf mds swapgs itlb_multihit
bogomips	: 6187.13
clflush size	: 64
cache_alignment	: 64
address sizes	: 46 bits physical, 48 bits virtual
power management:

processor	: 14
vendor_id	: GenuineIntel
cpu family	: 6
model		: 45
model name	: Intel(R) Xeon(R) CPU E5-2687W 0 @ 3.10GHz
stepping	: 7
microcode	: 0x718
cpu MHz		: 1771.424
cache size	: 20480 KB
physical id	: 1
siblings	: 16
core id		: 6
cpu cores	: 8
apicid		: 44
initial apicid	: 44
fpu		: yes
fpu_exception	: yes
cpuid level	: 13
wp		: yes
flags		: fpu vme de pse tsc msr pae mce cx8 apic sep mtrr pge mca cmov pat pse36 clflush dts acpi mmx fxsr sse sse2 ss ht tm pbe syscall nx pdpe1gb rdtscp lm constant_tsc arch_perfmon pebs bts rep_good nopl xtopology nonstop_tsc cpuid aperfmperf pni pclmulqdq dtes64 monitor ds_cpl vmx smx est tm2 ssse3 cx16 xtpr pdcm pcid dca sse4_1 sse4_2 x2apic popcnt tsc_deadline_timer aes xsave avx lahf_lm epb pti ssbd ibrs ibpb stibp tpr_shadow vnmi flexpriority ept vpid xsaveopt dtherm ida arat pln pts md_clear flush_l1d
bugs		: cpu_meltdown spectre_v1 spectre_v2 spec_store_bypass l1tf mds swapgs itlb_multihit
bogomips	: 6187.13
clflush size	: 64
cache_alignment	: 64
address sizes	: 46 bits physical, 48 bits virtual
power management:

processor	: 15
vendor_id	: GenuineIntel
cpu family	: 6
model		: 45
model name	: Intel(R) Xeon(R) CPU E5-2687W 0 @ 3.10GHz
stepping	: 7
microcode	: 0x718
cpu MHz		: 2328.379
cache size	: 20480 KB
physical id	: 1
siblings	: 16
core id		: 7
cpu cores	: 8
apicid		: 46
initial apicid	: 46
fpu		: yes
fpu_exception	: yes
cpuid level	: 13
wp		: yes
flags		: fpu vme de pse tsc msr pae mce cx8 apic sep mtrr pge mca cmov pat pse36 clflush dts acpi mmx fxsr sse sse2 ss ht tm pbe syscall nx pdpe1gb rdtscp lm constant_tsc arch_perfmon pebs bts rep_good nopl xtopology nonstop_tsc cpuid aperfmperf pni pclmulqdq dtes64 monitor ds_cpl vmx smx est tm2 ssse3 cx16 xtpr pdcm pcid dca sse4_1 sse4_2 x2apic popcnt tsc_deadline_timer aes xsave avx lahf_lm epb pti ssbd ibrs ibpb stibp tpr_shadow vnmi flexpriority ept vpid xsaveopt dtherm ida arat pln pts md_clear flush_l1d
bugs		: cpu_meltdown spectre_v1 spectre_v2 spec_store_bypass l1tf mds swapgs itlb_multihit
bogomips	: 6187.13
clflush size	: 64
cache_alignment	: 64
address sizes	: 46 bits physical, 48 bits virtual
power management:

processor	: 16
vendor_id	: GenuineIntel
cpu family	: 6
model		: 45
model name	: Intel(R) Xeon(R) CPU E5-2687W 0 @ 3.10GHz
stepping	: 7
microcode	: 0x718
cpu MHz		: 3067.711
cache size	: 20480 KB
physical id	: 0
siblings	: 16
core id		: 0
cpu cores	: 8
apicid		: 1
initial apicid	: 1
fpu		: yes
fpu_exception	: yes
cpuid level	: 13
wp		: yes
flags		: fpu vme de pse tsc msr pae mce cx8 apic sep mtrr pge mca cmov pat pse36 clflush dts acpi mmx fxsr sse sse2 ss ht tm pbe syscall nx pdpe1gb rdtscp lm constant_tsc arch_perfmon pebs bts rep_good nopl xtopology nonstop_tsc cpuid aperfmperf pni pclmulqdq dtes64 monitor ds_cpl vmx smx est tm2 ssse3 cx16 xtpr pdcm pcid dca sse4_1 sse4_2 x2apic popcnt tsc_deadline_timer aes xsave avx lahf_lm epb pti ssbd ibrs ibpb stibp tpr_shadow vnmi flexpriority ept vpid xsaveopt dtherm ida arat pln pts md_clear flush_l1d
bugs		: cpu_meltdown spectre_v1 spectre_v2 spec_store_bypass l1tf mds swapgs itlb_multihit
bogomips	: 6185.35
clflush size	: 64
cache_alignment	: 64
address sizes	: 46 bits physical, 48 bits virtual
power management:

processor	: 17
vendor_id	: GenuineIntel
cpu family	: 6
model		: 45
model name	: Intel(R) Xeon(R) CPU E5-2687W 0 @ 3.10GHz
stepping	: 7
microcode	: 0x718
cpu MHz		: 2712.283
cache size	: 20480 KB
physical id	: 0
siblings	: 16
core id		: 1
cpu cores	: 8
apicid		: 3
initial apicid	: 3
fpu		: yes
fpu_exception	: yes
cpuid level	: 13
wp		: yes
flags		: fpu vme de pse tsc msr pae mce cx8 apic sep mtrr pge mca cmov pat pse36 clflush dts acpi mmx fxsr sse sse2 ss ht tm pbe syscall nx pdpe1gb rdtscp lm constant_tsc arch_perfmon pebs bts rep_good nopl xtopology nonstop_tsc cpuid aperfmperf pni pclmulqdq dtes64 monitor ds_cpl vmx smx est tm2 ssse3 cx16 xtpr pdcm pcid dca sse4_1 sse4_2 x2apic popcnt tsc_deadline_timer aes xsave avx lahf_lm epb pti ssbd ibrs ibpb stibp tpr_shadow vnmi flexpriority ept vpid xsaveopt dtherm ida arat pln pts md_clear flush_l1d
bugs		: cpu_meltdown spectre_v1 spectre_v2 spec_store_bypass l1tf mds swapgs itlb_multihit
bogomips	: 6185.35
clflush size	: 64
cache_alignment	: 64
address sizes	: 46 bits physical, 48 bits virtual
power management:

processor	: 18
vendor_id	: GenuineIntel
cpu family	: 6
model		: 45
model name	: Intel(R) Xeon(R) CPU E5-2687W 0 @ 3.10GHz
stepping	: 7
microcode	: 0x718
cpu MHz		: 2526.929
cache size	: 20480 KB
physical id	: 0
siblings	: 16
core id		: 2
cpu cores	: 8
apicid		: 5
initial apicid	: 5
fpu		: yes
fpu_exception	: yes
cpuid level	: 13
wp		: yes
flags		: fpu vme de pse tsc msr pae mce cx8 apic sep mtrr pge mca cmov pat pse36 clflush dts acpi mmx fxsr sse sse2 ss ht tm pbe syscall nx pdpe1gb rdtscp lm constant_tsc arch_perfmon pebs bts rep_good nopl xtopology nonstop_tsc cpuid aperfmperf pni pclmulqdq dtes64 monitor ds_cpl vmx smx est tm2 ssse3 cx16 xtpr pdcm pcid dca sse4_1 sse4_2 x2apic popcnt tsc_deadline_timer aes xsave avx lahf_lm epb pti ssbd ibrs ibpb stibp tpr_shadow vnmi flexpriority ept vpid xsaveopt dtherm ida arat pln pts md_clear flush_l1d
bugs		: cpu_meltdown spectre_v1 spectre_v2 spec_store_bypass l1tf mds swapgs itlb_multihit
bogomips	: 6185.35
clflush size	: 64
cache_alignment	: 64
address sizes	: 46 bits physical, 48 bits virtual
power management:

processor	: 19
vendor_id	: GenuineIntel
cpu family	: 6
model		: 45
model name	: Intel(R) Xeon(R) CPU E5-2687W 0 @ 3.10GHz
stepping	: 7
microcode	: 0x718
cpu MHz		: 2683.000
cache size	: 20480 KB
physical id	: 0
siblings	: 16
core id		: 3
cpu cores	: 8
apicid		: 7
initial apicid	: 7
fpu		: yes
fpu_exception	: yes
cpuid level	: 13
wp		: yes
flags		: fpu vme de pse tsc msr pae mce cx8 apic sep mtrr pge mca cmov pat pse36 clflush dts acpi mmx fxsr sse sse2 ss ht tm pbe syscall nx pdpe1gb rdtscp lm constant_tsc arch_perfmon pebs bts rep_good nopl xtopology nonstop_tsc cpuid aperfmperf pni pclmulqdq dtes64 monitor ds_cpl vmx smx est tm2 ssse3 cx16 xtpr pdcm pcid dca sse4_1 sse4_2 x2apic popcnt tsc_deadline_timer aes xsave avx lahf_lm epb pti ssbd ibrs ibpb stibp tpr_shadow vnmi flexpriority ept vpid xsaveopt dtherm ida arat pln pts md_clear flush_l1d
bugs		: cpu_meltdown spectre_v1 spectre_v2 spec_store_bypass l1tf mds swapgs itlb_multihit
bogomips	: 6185.35
clflush size	: 64
cache_alignment	: 64
address sizes	: 46 bits physical, 48 bits virtual
power management:

processor	: 20
vendor_id	: GenuineIntel
cpu family	: 6
model		: 45
model name	: Intel(R) Xeon(R) CPU E5-2687W 0 @ 3.10GHz
stepping	: 7
microcode	: 0x718
cpu MHz		: 1473.999
cache size	: 20480 KB
physical id	: 0
siblings	: 16
core id		: 4
cpu cores	: 8
apicid		: 9
initial apicid	: 9
fpu		: yes
fpu_exception	: yes
cpuid level	: 13
wp		: yes
flags		: fpu vme de pse tsc msr pae mce cx8 apic sep mtrr pge mca cmov pat pse36 clflush dts acpi mmx fxsr sse sse2 ss ht tm pbe syscall nx pdpe1gb rdtscp lm constant_tsc arch_perfmon pebs bts rep_good nopl xtopology nonstop_tsc cpuid aperfmperf pni pclmulqdq dtes64 monitor ds_cpl vmx smx est tm2 ssse3 cx16 xtpr pdcm pcid dca sse4_1 sse4_2 x2apic popcnt tsc_deadline_timer aes xsave avx lahf_lm epb pti ssbd ibrs ibpb stibp tpr_shadow vnmi flexpriority ept vpid xsaveopt dtherm ida arat pln pts md_clear flush_l1d
bugs		: cpu_meltdown spectre_v1 spectre_v2 spec_store_bypass l1tf mds swapgs itlb_multihit
bogomips	: 6185.35
clflush size	: 64
cache_alignment	: 64
address sizes	: 46 bits physical, 48 bits virtual
power management:

processor	: 21
vendor_id	: GenuineIntel
cpu family	: 6
model		: 45
model name	: Intel(R) Xeon(R) CPU E5-2687W 0 @ 3.10GHz
stepping	: 7
microcode	: 0x718
cpu MHz		: 2541.627
cache size	: 20480 KB
physical id	: 0
siblings	: 16
core id		: 5
cpu cores	: 8
apicid		: 11
initial apicid	: 11
fpu		: yes
fpu_exception	: yes
cpuid level	: 13
wp		: yes
flags		: fpu vme de pse tsc msr pae mce cx8 apic sep mtrr pge mca cmov pat pse36 clflush dts acpi mmx fxsr sse sse2 ss ht tm pbe syscall nx pdpe1gb rdtscp lm constant_tsc arch_perfmon pebs bts rep_good nopl xtopology nonstop_tsc cpuid aperfmperf pni pclmulqdq dtes64 monitor ds_cpl vmx smx est tm2 ssse3 cx16 xtpr pdcm pcid dca sse4_1 sse4_2 x2apic popcnt tsc_deadline_timer aes xsave avx lahf_lm epb pti ssbd ibrs ibpb stibp tpr_shadow vnmi flexpriority ept vpid xsaveopt dtherm ida arat pln pts md_clear flush_l1d
bugs		: cpu_meltdown spectre_v1 spectre_v2 spec_store_bypass l1tf mds swapgs itlb_multihit
bogomips	: 6185.35
clflush size	: 64
cache_alignment	: 64
address sizes	: 46 bits physical, 48 bits virtual
power management:

processor	: 22
vendor_id	: GenuineIntel
cpu family	: 6
model		: 45
model name	: Intel(R) Xeon(R) CPU E5-2687W 0 @ 3.10GHz
stepping	: 7
microcode	: 0x718
cpu MHz		: 1772.628
cache size	: 20480 KB
physical id	: 0
siblings	: 16
core id		: 6
cpu cores	: 8
apicid		: 13
initial apicid	: 13
fpu		: yes
fpu_exception	: yes
cpuid level	: 13
wp		: yes
flags		: fpu vme de pse tsc msr pae mce cx8 apic sep mtrr pge mca cmov pat pse36 clflush dts acpi mmx fxsr sse sse2 ss ht tm pbe syscall nx pdpe1gb rdtscp lm constant_tsc arch_perfmon pebs bts rep_good nopl xtopology nonstop_tsc cpuid aperfmperf pni pclmulqdq dtes64 monitor ds_cpl vmx smx est tm2 ssse3 cx16 xtpr pdcm pcid dca sse4_1 sse4_2 x2apic popcnt tsc_deadline_timer aes xsave avx lahf_lm epb pti ssbd ibrs ibpb stibp tpr_shadow vnmi flexpriority ept vpid xsaveopt dtherm ida arat pln pts md_clear flush_l1d
bugs		: cpu_meltdown spectre_v1 spectre_v2 spec_store_bypass l1tf mds swapgs itlb_multihit
bogomips	: 6185.35
clflush size	: 64
cache_alignment	: 64
address sizes	: 46 bits physical, 48 bits virtual
power management:

processor	: 23
vendor_id	: GenuineIntel
cpu family	: 6
model		: 45
model name	: Intel(R) Xeon(R) CPU E5-2687W 0 @ 3.10GHz
stepping	: 7
microcode	: 0x718
cpu MHz		: 1398.480
cache size	: 20480 KB
physical id	: 0
siblings	: 16
core id		: 7
cpu cores	: 8
apicid		: 15
initial apicid	: 15
fpu		: yes
fpu_exception	: yes
cpuid level	: 13
wp		: yes
flags		: fpu vme de pse tsc msr pae mce cx8 apic sep mtrr pge mca cmov pat pse36 clflush dts acpi mmx fxsr sse sse2 ss ht tm pbe syscall nx pdpe1gb rdtscp lm constant_tsc arch_perfmon pebs bts rep_good nopl xtopology nonstop_tsc cpuid aperfmperf pni pclmulqdq dtes64 monitor ds_cpl vmx smx est tm2 ssse3 cx16 xtpr pdcm pcid dca sse4_1 sse4_2 x2apic popcnt tsc_deadline_timer aes xsave avx lahf_lm epb pti ssbd ibrs ibpb stibp tpr_shadow vnmi flexpriority ept vpid xsaveopt dtherm ida arat pln pts md_clear flush_l1d
bugs		: cpu_meltdown spectre_v1 spectre_v2 spec_store_bypass l1tf mds swapgs itlb_multihit
bogomips	: 6185.35
clflush size	: 64
cache_alignment	: 64
address sizes	: 46 bits physical, 48 bits virtual
power management:

processor	: 24
vendor_id	: GenuineIntel
cpu family	: 6
model		: 45
model name	: Intel(R) Xeon(R) CPU E5-2687W 0 @ 3.10GHz
stepping	: 7
microcode	: 0x718
cpu MHz		: 1278.900
cache size	: 20480 KB
physical id	: 1
siblings	: 16
core id		: 0
cpu cores	: 8
apicid		: 33
initial apicid	: 33
fpu		: yes
fpu_exception	: yes
cpuid level	: 13
wp		: yes
flags		: fpu vme de pse tsc msr pae mce cx8 apic sep mtrr pge mca cmov pat pse36 clflush dts acpi mmx fxsr sse sse2 ss ht tm pbe syscall nx pdpe1gb rdtscp lm constant_tsc arch_perfmon pebs bts rep_good nopl xtopology nonstop_tsc cpuid aperfmperf pni pclmulqdq dtes64 monitor ds_cpl vmx smx est tm2 ssse3 cx16 xtpr pdcm pcid dca sse4_1 sse4_2 x2apic popcnt tsc_deadline_timer aes xsave avx lahf_lm epb pti ssbd ibrs ibpb stibp tpr_shadow vnmi flexpriority ept vpid xsaveopt dtherm ida arat pln pts md_clear flush_l1d
bugs		: cpu_meltdown spectre_v1 spectre_v2 spec_store_bypass l1tf mds swapgs itlb_multihit
bogomips	: 6187.13
clflush size	: 64
cache_alignment	: 64
address sizes	: 46 bits physical, 48 bits virtual
power management:

processor	: 25
vendor_id	: GenuineIntel
cpu family	: 6
model		: 45
model name	: Intel(R) Xeon(R) CPU E5-2687W 0 @ 3.10GHz
stepping	: 7
microcode	: 0x718
cpu MHz		: 1401.241
cache size	: 20480 KB
physical id	: 1
siblings	: 16
core id		: 1
cpu cores	: 8
apicid		: 35
initial apicid	: 35
fpu		: yes
fpu_exception	: yes
cpuid level	: 13
wp		: yes
flags		: fpu vme de pse tsc msr pae mce cx8 apic sep mtrr pge mca cmov pat pse36 clflush dts acpi mmx fxsr sse sse2 ss ht tm pbe syscall nx pdpe1gb rdtscp lm constant_tsc arch_perfmon pebs bts rep_good nopl xtopology nonstop_tsc cpuid aperfmperf pni pclmulqdq dtes64 monitor ds_cpl vmx smx est tm2 ssse3 cx16 xtpr pdcm pcid dca sse4_1 sse4_2 x2apic popcnt tsc_deadline_timer aes xsave avx lahf_lm epb pti ssbd ibrs ibpb stibp tpr_shadow vnmi flexpriority ept vpid xsaveopt dtherm ida arat pln pts md_clear flush_l1d
bugs		: cpu_meltdown spectre_v1 spectre_v2 spec_store_bypass l1tf mds swapgs itlb_multihit
bogomips	: 6187.13
clflush size	: 64
cache_alignment	: 64
address sizes	: 46 bits physical, 48 bits virtual
power management:

processor	: 26
vendor_id	: GenuineIntel
cpu family	: 6
model		: 45
model name	: Intel(R) Xeon(R) CPU E5-2687W 0 @ 3.10GHz
stepping	: 7
microcode	: 0x718
cpu MHz		: 1811.606
cache size	: 20480 KB
physical id	: 1
siblings	: 16
core id		: 2
cpu cores	: 8
apicid		: 37
initial apicid	: 37
fpu		: yes
fpu_exception	: yes
cpuid level	: 13
wp		: yes
flags		: fpu vme de pse tsc msr pae mce cx8 apic sep mtrr pge mca cmov pat pse36 clflush dts acpi mmx fxsr sse sse2 ss ht tm pbe syscall nx pdpe1gb rdtscp lm constant_tsc arch_perfmon pebs bts rep_good nopl xtopology nonstop_tsc cpuid aperfmperf pni pclmulqdq dtes64 monitor ds_cpl vmx smx est tm2 ssse3 cx16 xtpr pdcm pcid dca sse4_1 sse4_2 x2apic popcnt tsc_deadline_timer aes xsave avx lahf_lm epb pti ssbd ibrs ibpb stibp tpr_shadow vnmi flexpriority ept vpid xsaveopt dtherm ida arat pln pts md_clear flush_l1d
bugs		: cpu_meltdown spectre_v1 spectre_v2 spec_store_bypass l1tf mds swapgs itlb_multihit
bogomips	: 6187.13
clflush size	: 64
cache_alignment	: 64
address sizes	: 46 bits physical, 48 bits virtual
power management:

processor	: 27
vendor_id	: GenuineIntel
cpu family	: 6
model		: 45
model name	: Intel(R) Xeon(R) CPU E5-2687W 0 @ 3.10GHz
stepping	: 7
microcode	: 0x718
cpu MHz		: 2082.240
cache size	: 20480 KB
physical id	: 1
siblings	: 16
core id		: 3
cpu cores	: 8
apicid		: 39
initial apicid	: 39
fpu		: yes
fpu_exception	: yes
cpuid level	: 13
wp		: yes
flags		: fpu vme de pse tsc msr pae mce cx8 apic sep mtrr pge mca cmov pat pse36 clflush dts acpi mmx fxsr sse sse2 ss ht tm pbe syscall nx pdpe1gb rdtscp lm constant_tsc arch_perfmon pebs bts rep_good nopl xtopology nonstop_tsc cpuid aperfmperf pni pclmulqdq dtes64 monitor ds_cpl vmx smx est tm2 ssse3 cx16 xtpr pdcm pcid dca sse4_1 sse4_2 x2apic popcnt tsc_deadline_timer aes xsave avx lahf_lm epb pti ssbd ibrs ibpb stibp tpr_shadow vnmi flexpriority ept vpid xsaveopt dtherm ida arat pln pts md_clear flush_l1d
bugs		: cpu_meltdown spectre_v1 spectre_v2 spec_store_bypass l1tf mds swapgs itlb_multihit
bogomips	: 6187.13
clflush size	: 64
cache_alignment	: 64
address sizes	: 46 bits physical, 48 bits virtual
power management:

processor	: 28
vendor_id	: GenuineIntel
cpu family	: 6
model		: 45
model name	: Intel(R) Xeon(R) CPU E5-2687W 0 @ 3.10GHz
stepping	: 7
microcode	: 0x718
cpu MHz		: 2225.106
cache size	: 20480 KB
physical id	: 1
siblings	: 16
core id		: 4
cpu cores	: 8
apicid		: 41
initial apicid	: 41
fpu		: yes
fpu_exception	: yes
cpuid level	: 13
wp		: yes
flags		: fpu vme de pse tsc msr pae mce cx8 apic sep mtrr pge mca cmov pat pse36 clflush dts acpi mmx fxsr sse sse2 ss ht tm pbe syscall nx pdpe1gb rdtscp lm constant_tsc arch_perfmon pebs bts rep_good nopl xtopology nonstop_tsc cpuid aperfmperf pni pclmulqdq dtes64 monitor ds_cpl vmx smx est tm2 ssse3 cx16 xtpr pdcm pcid dca sse4_1 sse4_2 x2apic popcnt tsc_deadline_timer aes xsave avx lahf_lm epb pti ssbd ibrs ibpb stibp tpr_shadow vnmi flexpriority ept vpid xsaveopt dtherm ida arat pln pts md_clear flush_l1d
bugs		: cpu_meltdown spectre_v1 spectre_v2 spec_store_bypass l1tf mds swapgs itlb_multihit
bogomips	: 6187.13
clflush size	: 64
cache_alignment	: 64
address sizes	: 46 bits physical, 48 bits virtual
power management:

processor	: 29
vendor_id	: GenuineIntel
cpu family	: 6
model		: 45
model name	: Intel(R) Xeon(R) CPU E5-2687W 0 @ 3.10GHz
stepping	: 7
microcode	: 0x718
cpu MHz		: 2121.225
cache size	: 20480 KB
physical id	: 1
siblings	: 16
core id		: 5
cpu cores	: 8
apicid		: 43
initial apicid	: 43
fpu		: yes
fpu_exception	: yes
cpuid level	: 13
wp		: yes
flags		: fpu vme de pse tsc msr pae mce cx8 apic sep mtrr pge mca cmov pat pse36 clflush dts acpi mmx fxsr sse sse2 ss ht tm pbe syscall nx pdpe1gb rdtscp lm constant_tsc arch_perfmon pebs bts rep_good nopl xtopology nonstop_tsc cpuid aperfmperf pni pclmulqdq dtes64 monitor ds_cpl vmx smx est tm2 ssse3 cx16 xtpr pdcm pcid dca sse4_1 sse4_2 x2apic popcnt tsc_deadline_timer aes xsave avx lahf_lm epb pti ssbd ibrs ibpb stibp tpr_shadow vnmi flexpriority ept vpid xsaveopt dtherm ida arat pln pts md_clear flush_l1d
bugs		: cpu_meltdown spectre_v1 spectre_v2 spec_store_bypass l1tf mds swapgs itlb_multihit
bogomips	: 6187.13
clflush size	: 64
cache_alignment	: 64
address sizes	: 46 bits physical, 48 bits virtual
power management:

processor	: 30
vendor_id	: GenuineIntel
cpu family	: 6
model		: 45
model name	: Intel(R) Xeon(R) CPU E5-2687W 0 @ 3.10GHz
stepping	: 7
microcode	: 0x718
cpu MHz		: 2095.417
cache size	: 20480 KB
physical id	: 1
siblings	: 16
core id		: 6
cpu cores	: 8
apicid		: 45
initial apicid	: 45
fpu		: yes
fpu_exception	: yes
cpuid level	: 13
wp		: yes
flags		: fpu vme de pse tsc msr pae mce cx8 apic sep mtrr pge mca cmov pat pse36 clflush dts acpi mmx fxsr sse sse2 ss ht tm pbe syscall nx pdpe1gb rdtscp lm constant_tsc arch_perfmon pebs bts rep_good nopl xtopology nonstop_tsc cpuid aperfmperf pni pclmulqdq dtes64 monitor ds_cpl vmx smx est tm2 ssse3 cx16 xtpr pdcm pcid dca sse4_1 sse4_2 x2apic popcnt tsc_deadline_timer aes xsave avx lahf_lm epb pti ssbd ibrs ibpb stibp tpr_shadow vnmi flexpriority ept vpid xsaveopt dtherm ida arat pln pts md_clear flush_l1d
bugs		: cpu_meltdown spectre_v1 spectre_v2 spec_store_bypass l1tf mds swapgs itlb_multihit
bogomips	: 6187.13
clflush size	: 64
cache_alignment	: 64
address sizes	: 46 bits physical, 48 bits virtual
power management:

processor	: 31
vendor_id	: GenuineIntel
cpu family	: 6
model		: 45
model name	: Intel(R) Xeon(R) CPU E5-2687W 0 @ 3.10GHz
stepping	: 7
microcode	: 0x718
cpu MHz		: 1487.854
cache size	: 20480 KB
physical id	: 1
siblings	: 16
core id		: 7
cpu cores	: 8
apicid		: 47
initial apicid	: 47
fpu		: yes
fpu_exception	: yes
cpuid level	: 13
wp		: yes
flags		: fpu vme de pse tsc msr pae mce cx8 apic sep mtrr pge mca cmov pat pse36 clflush dts acpi mmx fxsr sse sse2 ss ht tm pbe syscall nx pdpe1gb rdtscp lm constant_tsc arch_perfmon pebs bts rep_good nopl xtopology nonstop_tsc cpuid aperfmperf pni pclmulqdq dtes64 monitor ds_cpl vmx smx est tm2 ssse3 cx16 xtpr pdcm pcid dca sse4_1 sse4_2 x2apic popcnt tsc_deadline_timer aes xsave avx lahf_lm epb pti ssbd ibrs ibpb stibp tpr_shadow vnmi flexpriority ept vpid xsaveopt dtherm ida arat pln pts md_clear flush_l1d
bugs		: cpu_meltdown spectre_v1 spectre_v2 spec_store_bypass l1tf mds swapgs itlb_multihit
bogomips	: 6187.13
clflush size	: 64
cache_alignment	: 64
address sizes	: 46 bits physical, 48 bits virtual
power management:



Memory: 4k page, physical 131978852k(114603376k free), swap 999420k(999420k free)

vm_info: OpenJDK 64-Bit Server VM (25.252-b09) for linux-amd64 JRE (1.8.0_252-8u252-b09-1~18.04-b09), built on Apr 15 2020 18:48:05 by "buildd" with gcc 7.5.0

time: Fri Apr 24 14:07:04 2020
timezone: CDT
elapsed time: 7 seconds (0d 0h 0m 7s)

