[20:38:07] [Server thread/INFO]: Starting minecraft server version 1.15.2
[20:38:07] [Server thread/INFO]: Loading properties
[20:38:07] [Server thread/INFO]: This server is running Paper version git-Paper-211 (MC: 1.15.2) (Implementing API version 1.15.2-R0.1-SNAPSHOT)
[20:38:07] [Server thread/INFO]: Server Ping Player Sample Count: 12
[20:38:07] [Server thread/INFO]: Using 4 threads for Netty based IO
[20:38:07] [Server thread/INFO]: Debug logging is disabled
[20:38:08] [Server thread/INFO]: Default game type: SURVIVAL
[20:38:08] [Server thread/INFO]: Generating keypair
[20:38:08] [Server thread/INFO]: Starting Minecraft server on *:25556
[20:38:08] [Server thread/INFO]: Using epoll channel type
[20:38:09] [Server thread/WARN]: Initializing Legacy Material Support. Unless you have legacy plugins and/or data this is a bug!
[20:38:19] [Server thread/WARN]: Legacy plugin FirstJoinPlus v2.4.1 does not specify an api-version.
[20:38:19] [Server thread/WARN]: Legacy plugin AdvancedBan v2.1.8 does not specify an api-version.
[20:38:19] [Server thread/WARN]: Legacy plugin PvPToggle v3.0.0 does not specify an api-version.
[20:38:20] [Server thread/INFO]: [LuckPerms] Loading LuckPerms v5.0.72
[20:38:23] [Server thread/INFO]: [WorldEdit] Loading WorldEdit v7.1.0;8e55131
[20:38:24] [Server thread/INFO]: Got request to register class com.sk89q.worldedit.bukkit.BukkitServerInterface with WorldEdit [com.sk89q.worldedit.extension.platform.PlatformManager@18d394f8]
[20:38:24] [Server thread/INFO]: [Harbor] Loading Harbor v1.6.1
[20:38:24] [Server thread/INFO]: [FirstJoinPlus] Loading FirstJoinPlus v2.4.1
[20:38:24] [Server thread/INFO]: [OpenInv] Loading OpenInv v4.1.0
[20:38:24] [Server thread/INFO]: [AdvancedBan] Loading AdvancedBan v2.1.8
[20:38:24] [Server thread/INFO]: [BetterGiants] Loading BetterGiants v1.3
[20:38:24] [Server thread/INFO]: [AntiAFK] Loading AntiAFK v1.0.0
[20:38:24] [Server thread/INFO]: [PvPToggle] Loading PvPToggle v3.0.0
[20:38:24] [Server thread/INFO]: [ProtocolLib] Loading ProtocolLib v4.5.0
[20:38:25] [Server thread/WARN]: [ProtocolLib] Version (MC: 1.15.2) has not yet been tested! Proceed with caution.
[20:38:25] [Server thread/INFO]: [WorldGuard] Loading WorldGuard v7.0.2-SNAPSHOT;bf2593e
[20:38:25] [Server thread/INFO]: [CoreProtect] Loading CoreProtect v2.18.2
[20:38:25] [Server thread/INFO]: [Shopkeepers] Loading Shopkeepers v2.9.3
[20:38:25] [Server thread/INFO]: [Shopkeepers] Loading config.
[20:38:25] [Server thread/INFO]: [Shopkeepers] Registering WorldGuard flag 'allow-shop'.
[20:38:25] [Server thread/INFO]: [Shopkeepers] Registering defaults.
[20:38:25] [Server thread/INFO]: [SuperVanish] Loading SuperVanish v6.1.4
[20:38:25] [Server thread/INFO]: [GriefPrevention] Loading GriefPrevention v16.13.0
[20:38:25] [Server thread/INFO]: [Plan] Loading Plan v5.1 build 505
[20:38:25] [Server thread/INFO]: Server permissions file permissions.yml is empty, ignoring it
[20:38:25] [Server thread/INFO]: [LuckPerms] Enabling LuckPerms v5.0.72
[20:38:25] [Server thread/INFO]:         __    
[20:38:25] [Server thread/INFO]:   |    |__)   LuckPerms v5.0.72
[20:38:25] [Server thread/INFO]:   |___ |      Running on Bukkit - Paper
[20:38:25] [Server thread/INFO]: 
[20:38:25] [Server thread/INFO]: [LuckPerms] Loading configuration...
[20:38:26] [Server thread/INFO]: [LuckPerms] Loading storage provider... [MYSQL]
[20:38:26] [Server thread/INFO]: [me.lucko.luckperms.lib.hikari.HikariDataSource] luckperms-hikari - Starting...
[20:38:26] [Server thread/INFO]: [me.lucko.luckperms.lib.hikari.HikariDataSource] luckperms-hikari - Start completed.
[20:38:27] [Server thread/INFO]: [LuckPerms] Loading messaging service... [SQL]
[20:38:27] [Server thread/INFO]: [LuckPerms] Loading internal permission managers...
[20:38:27] [Server thread/INFO]: [LuckPerms] Performing initial data load...
[20:38:27] [Server thread/INFO]: [LuckPerms] Successfully enabled. (took 2167ms)
[20:38:27] [Server thread/INFO]: [WorldEdit] Enabling WorldEdit v7.1.0;8e55131
[20:38:27] [Server thread/INFO]: WEPIF: Using the Bukkit Permissions API.
[20:38:28] [Server thread/INFO]: Using com.sk89q.worldedit.bukkit.adapter.impl.Spigot_v1_15_R2 as the Bukkit adapter
[20:38:29] [Server thread/INFO]: [ProtocolLib] Enabling ProtocolLib v4.5.0
[20:38:29] [Server thread/INFO]: [ProtocolLib] Started structure compiler thread.
[20:38:29] [Server thread/WARN]: **** SERVER IS RUNNING IN OFFLINE/INSECURE MODE!
[20:38:29] [Server thread/WARN]: The server will make no attempt to authenticate usernames. Beware.
[20:38:29] [Server thread/WARN]: Whilst this makes it possible to use BungeeCord, unless access to your server is properly restricted, it also opens up the ability for hackers to connect with any username they choose.
[20:38:29] [Server thread/WARN]: Please see http://www.spigotmc.org/wiki/firewall-guide/ for further information.
[20:38:29] [Server thread/WARN]: To change this, set "online-mode" to "true" in the server.properties file.
[20:38:29] [Server thread/INFO]: Preparing level "world"
[20:38:29] [Server thread/INFO]: Reloading ResourceManager: Default, bukkit
[20:38:29] [Server thread/INFO]: Loaded 6 recipes
[20:38:30] [Server thread/INFO]: -------- World Settings For [world] --------
[20:38:30] [Server thread/INFO]: Mob Spawn Range: 8
[20:38:30] [Server thread/INFO]: Experience Merge Radius: 3.0
[20:38:30] [Server thread/INFO]: Cactus Growth Modifier: 100%
[20:38:30] [Server thread/INFO]: Cane Growth Modifier: 100%
[20:38:30] [Server thread/INFO]: Melon Growth Modifier: 100%
[20:38:30] [Server thread/INFO]: Mushroom Growth Modifier: 100%
[20:38:30] [Server thread/INFO]: Pumpkin Growth Modifier: 100%
[20:38:30] [Server thread/INFO]: Sapling Growth Modifier: 100%
[20:38:30] [Server thread/INFO]: Beetroot Growth Modifier: 100%
[20:38:30] [Server thread/INFO]: Carrot Growth Modifier: 100%
[20:38:30] [Server thread/INFO]: Potato Growth Modifier: 100%
[20:38:30] [Server thread/INFO]: Wheat Growth Modifier: 100%
[20:38:30] [Server thread/INFO]: NetherWart Growth Modifier: 100%
[20:38:30] [Server thread/INFO]: Vine Growth Modifier: 100%
[20:38:30] [Server thread/INFO]: Cocoa Growth Modifier: 100%
[20:38:30] [Server thread/INFO]: Bamboo Growth Modifier: 100%
[20:38:30] [Server thread/INFO]: SweetBerry Growth Modifier: 100%
[20:38:30] [Server thread/INFO]: Kelp Growth Modifier: 100%
[20:38:30] [Server thread/INFO]: Entity Activation Range: An 32 / Mo 32 / Ra 48 / Mi 16 / Tiv true
[20:38:30] [Server thread/INFO]: Entity Tracking Range: Pl 48 / An 48 / Mo 48 / Mi 32 / Other 64
[20:38:30] [Server thread/INFO]: Hopper Transfer: 8 Hopper Check: 1 Hopper Amount: 1
[20:38:30] [Server thread/INFO]: Custom Map Seeds:  Village: 103873112 Desert: 14357617 Igloo: 143576154 Jungle: 14357619 Swamp: 14357620 Monument: 10387311 Ocean: 14357621 Shipwreck: 165745292 End City: 10387314 Slime: 987234910
[20:38:30] [Server thread/INFO]: Max TNT Explosions: 100
[20:38:30] [Server thread/INFO]: Tile Max Tick Time: 50ms Entity max Tick Time: 50ms
[20:38:30] [Server thread/INFO]: View Distance: 10
[20:38:30] [Server thread/INFO]: Allow Zombie Pigmen to spawn from portal blocks: true
[20:38:30] [Server thread/INFO]: Item Despawn Rate: 6000
[20:38:30] [Server thread/INFO]: Item Merge Radius: 3.0
[20:38:30] [Server thread/INFO]: Arrow Despawn Rate: 1200 Trident Respawn Rate:1200
[20:38:30] [Server thread/INFO]: Zombie Aggressive Towards Villager: true
[20:38:30] [Server thread/INFO]: Nerfing mobs spawned from spawners: false
[20:38:30] [Server thread/INFO]: Registering commands with com.sk89q.worldedit.bukkit.BukkitServerInterface
[20:38:30] [Server thread/INFO]: -------- World Settings For [world_nether] --------
[20:38:30] [Server thread/INFO]: Mob Spawn Range: 8
[20:38:30] [Server thread/INFO]: Experience Merge Radius: 3.0
[20:38:30] [Server thread/INFO]: Cactus Growth Modifier: 100%
[20:38:30] [Server thread/INFO]: Cane Growth Modifier: 100%
[20:38:30] [Server thread/INFO]: Melon Growth Modifier: 100%
[20:38:30] [Server thread/INFO]: Mushroom Growth Modifier: 100%
[20:38:30] [Server thread/INFO]: Pumpkin Growth Modifier: 100%
[20:38:30] [Server thread/INFO]: Sapling Growth Modifier: 100%
[20:38:30] [Server thread/INFO]: Beetroot Growth Modifier: 100%
[20:38:30] [Server thread/INFO]: Carrot Growth Modifier: 100%
[20:38:30] [Server thread/INFO]: Potato Growth Modifier: 100%
[20:38:30] [Server thread/INFO]: Wheat Growth Modifier: 100%
[20:38:30] [Server thread/INFO]: NetherWart Growth Modifier: 100%
[20:38:30] [Server thread/INFO]: Vine Growth Modifier: 100%
[20:38:30] [Server thread/INFO]: Cocoa Growth Modifier: 100%
[20:38:30] [Server thread/INFO]: Bamboo Growth Modifier: 100%
[20:38:30] [Server thread/INFO]: SweetBerry Growth Modifier: 100%
[20:38:30] [Server thread/INFO]: Kelp Growth Modifier: 100%
[20:38:30] [Server thread/INFO]: Entity Activation Range: An 32 / Mo 32 / Ra 48 / Mi 16 / Tiv true
[20:38:30] [Server thread/INFO]: Entity Tracking Range: Pl 48 / An 48 / Mo 48 / Mi 32 / Other 64
[20:38:30] [Server thread/INFO]: Hopper Transfer: 8 Hopper Check: 1 Hopper Amount: 1
[20:38:30] [Server thread/INFO]: Custom Map Seeds:  Village: 103873112 Desert: 14357617 Igloo: 143576154 Jungle: 14357619 Swamp: 14357620 Monument: 10387311 Ocean: 14357621 Shipwreck: 165745292 End City: 10387314 Slime: 987234910
[20:38:30] [Server thread/INFO]: Max TNT Explosions: 100
[20:38:30] [Server thread/INFO]: Tile Max Tick Time: 50ms Entity max Tick Time: 50ms
[20:38:30] [Server thread/INFO]: View Distance: 10
[20:38:30] [Server thread/INFO]: Allow Zombie Pigmen to spawn from portal blocks: true
[20:38:30] [Server thread/INFO]: Item Despawn Rate: 6000
[20:38:30] [Server thread/INFO]: Item Merge Radius: 3.0
[20:38:30] [Server thread/INFO]: Arrow Despawn Rate: 1200 Trident Respawn Rate:1200
[20:38:30] [Server thread/INFO]: Zombie Aggressive Towards Villager: true
[20:38:30] [Server thread/INFO]: Nerfing mobs spawned from spawners: false
[20:38:30] [Server thread/INFO]: -------- World Settings For [world_the_end] --------
[20:38:30] [Server thread/INFO]: Mob Spawn Range: 8
[20:38:30] [Server thread/INFO]: Experience Merge Radius: 3.0
[20:38:30] [Server thread/INFO]: Cactus Growth Modifier: 100%
[20:38:30] [Server thread/INFO]: Cane Growth Modifier: 100%
[20:38:30] [Server thread/INFO]: Melon Growth Modifier: 100%
[20:38:30] [Server thread/INFO]: Mushroom Growth Modifier: 100%
[20:38:30] [Server thread/INFO]: Pumpkin Growth Modifier: 100%
[20:38:30] [Server thread/INFO]: Sapling Growth Modifier: 100%
[20:38:30] [Server thread/INFO]: Beetroot Growth Modifier: 100%
[20:38:30] [Server thread/INFO]: Carrot Growth Modifier: 100%
[20:38:30] [Server thread/INFO]: Potato Growth Modifier: 100%
[20:38:30] [Server thread/INFO]: Wheat Growth Modifier: 100%
[20:38:30] [Server thread/INFO]: NetherWart Growth Modifier: 100%
[20:38:30] [Server thread/INFO]: Vine Growth Modifier: 100%
[20:38:30] [Server thread/INFO]: Cocoa Growth Modifier: 100%
[20:38:30] [Server thread/INFO]: Bamboo Growth Modifier: 100%
[20:38:30] [Server thread/INFO]: SweetBerry Growth Modifier: 100%
[20:38:30] [Server thread/INFO]: Kelp Growth Modifier: 100%
[20:38:30] [Server thread/INFO]: Entity Activation Range: An 32 / Mo 32 / Ra 48 / Mi 16 / Tiv true
[20:38:30] [Server thread/INFO]: Entity Tracking Range: Pl 48 / An 48 / Mo 48 / Mi 32 / Other 64
[20:38:30] [Server thread/INFO]: Hopper Transfer: 8 Hopper Check: 1 Hopper Amount: 1
[20:38:30] [Server thread/INFO]: Custom Map Seeds:  Village: 103873112 Desert: 14357617 Igloo: 143576154 Jungle: 14357619 Swamp: 14357620 Monument: 10387311 Ocean: 14357621 Shipwreck: 165745292 End City: 10387314 Slime: 987234910
[20:38:30] [Server thread/INFO]: Max TNT Explosions: 100
[20:38:30] [Server thread/INFO]: Tile Max Tick Time: 50ms Entity max Tick Time: 50ms
[20:38:30] [Server thread/INFO]: View Distance: 10
[20:38:30] [Server thread/INFO]: Allow Zombie Pigmen to spawn from portal blocks: true
[20:38:30] [Server thread/INFO]: Item Despawn Rate: 6000
[20:38:30] [Server thread/INFO]: Item Merge Radius: 3.0
[20:38:30] [Server thread/INFO]: Arrow Despawn Rate: 1200 Trident Respawn Rate:1200
[20:38:30] [Server thread/INFO]: Zombie Aggressive Towards Villager: true
[20:38:30] [Server thread/INFO]: Nerfing mobs spawned from spawners: false
[20:38:30] [Server thread/INFO]: Preparing start region for dimension 'world'/minecraft:overworld
[20:38:30] [Server thread/INFO]: Loaded 0 spawn chunks for world world
[20:38:30] [Server thread/INFO]: Preparing spawn area: 0%
[20:38:31] [Server thread/INFO]: Preparing spawn area: 0%
[20:38:31] [Server thread/INFO]: Time elapsed: 782 ms
[20:38:31] [Server thread/INFO]: Preparing start region for dimension 'world_nether'/minecraft:the_nether
[20:38:31] [Server thread/INFO]: Loaded 0 spawn chunks for world world_nether
[20:38:31] [Server thread/INFO]: Preparing spawn area: 0%
[20:38:31] [Server thread/INFO]: Preparing spawn area: 0%
[20:38:32] [Server thread/INFO]: Time elapsed: 948 ms
[20:38:32] [Server thread/INFO]: Preparing start region for dimension 'world_the_end'/minecraft:the_end
[20:38:32] [Server thread/INFO]: Loaded 0 spawn chunks for world world_the_end
[20:38:32] [Server thread/INFO]: Preparing spawn area: 0%
[20:38:32] [Server thread/INFO]: Time elapsed: 111 ms
[20:38:32] [Server thread/INFO]: [Harbor] Enabling Harbor v1.6.1
[20:38:32] [Server thread/INFO]: [FirstJoinPlus] Enabling FirstJoinPlus v2.4.1*
[20:38:32] [Server thread/INFO]: [OpenInv] Enabling OpenInv v4.1.0
[20:38:32] [Server thread/INFO]: [AdvancedBan] Enabling AdvancedBan v2.1.8*
[20:38:33] [Server thread/INFO]: 
 
[]=====[Enabling AdvancedBan]=====[]
| Information:
|   Name: AdvancedBan
|   Developer: Leoko
|   Version: 2.1.8
|   Storage: MySQL (external)
| Support:
|   Github: https://github.com/DevLeoko/AdvancedBan/issues
|   Discord: https://discord.gg/ycDG6rS
| Twitter: @LeokoGar
| Update:
|   You have the newest version
[]================================[]
 
[20:38:33] [Server thread/INFO]: [BetterGiants] Enabling BetterGiants v1.3
[20:38:33] [Server thread/INFO]: [AntiAFK] Enabling AntiAFK v1.0.0
[20:38:33] [Server thread/INFO]: [PvPToggle] Enabling PvPToggle v3.0.0*
[20:38:33] [Server thread/INFO]: [PvPToggle] Loading...
[20:38:33] [Server thread/ERROR]: Error occurred while enabling PvPToggle v3.0.0 (Is it up to date?)
java.lang.NoSuchMethodError: org.bukkit.Server.getOnlinePlayers()[Lorg/bukkit/entity/Player;
	at com.sleelin.pvptoggle.PvPToggle.loadWorld(PvPToggle.java:225) ~[?:?]
	at com.sleelin.pvptoggle.PvPToggle.loadProcedure(PvPToggle.java:161) ~[?:?]
	at com.sleelin.pvptoggle.PvPToggle.onEnable(PvPToggle.java:87) ~[?:?]
	at org.bukkit.plugin.java.JavaPlugin.setEnabled(JavaPlugin.java:263) ~[patched_1.15.2.jar:git-Paper-211]
	at org.bukkit.plugin.java.JavaPluginLoader.enablePlugin(JavaPluginLoader.java:364) ~[patched_1.15.2.jar:git-Paper-211]
	at org.bukkit.plugin.SimplePluginManager.enablePlugin(SimplePluginManager.java:483) ~[patched_1.15.2.jar:git-Paper-211]
	at org.bukkit.craftbukkit.v1_15_R1.CraftServer.enablePlugin(CraftServer.java:470) ~[patched_1.15.2.jar:git-Paper-211]
	at org.bukkit.craftbukkit.v1_15_R1.CraftServer.enablePlugins(CraftServer.java:384) ~[patched_1.15.2.jar:git-Paper-211]
	at net.minecraft.server.v1_15_R1.MinecraftServer.a(MinecraftServer.java:488) ~[patched_1.15.2.jar:git-Paper-211]
	at net.minecraft.server.v1_15_R1.DedicatedServer.init(DedicatedServer.java:298) ~[patched_1.15.2.jar:git-Paper-211]
	at net.minecraft.server.v1_15_R1.MinecraftServer.run(MinecraftServer.java:895) ~[patched_1.15.2.jar:git-Paper-211]
	at java.lang.Thread.run(Thread.java:748) [?:1.8.0_252]
[20:38:33] [Server thread/INFO]: [PvPToggle] Disabling PvPToggle v3.0.0
[20:38:33] [Server thread/INFO]: [PvPToggle] Disabled
[20:38:33] [Server thread/INFO]: [WorldGuard] Enabling WorldGuard v7.0.2-SNAPSHOT;bf2593e
[20:38:33] [Server thread/INFO]: [WorldGuard] (world) TNT ignition is PERMITTED.
[20:38:33] [Server thread/INFO]: [WorldGuard] (world) Lighters are PERMITTED.
[20:38:33] [Server thread/INFO]: [WorldGuard] (world) Lava fire is PERMITTED.
[20:38:33] [Server thread/INFO]: [WorldGuard] (world) Fire spread is UNRESTRICTED.
[20:38:33] [Server thread/INFO]: [WorldGuard] Loaded configuration for world 'world'
[20:38:33] [Server thread/INFO]: [WorldGuard] (world_nether) TNT ignition is PERMITTED.
[20:38:33] [Server thread/INFO]: [WorldGuard] (world_nether) Lighters are PERMITTED.
[20:38:33] [Server thread/INFO]: [WorldGuard] (world_nether) Lava fire is PERMITTED.
[20:38:33] [Server thread/INFO]: [WorldGuard] (world_nether) Fire spread is UNRESTRICTED.
[20:38:33] [Server thread/INFO]: [WorldGuard] Loaded configuration for world 'world_nether'
[20:38:33] [Server thread/INFO]: [WorldGuard] (world_the_end) TNT ignition is PERMITTED.
[20:38:33] [Server thread/INFO]: [WorldGuard] (world_the_end) Lighters are PERMITTED.
[20:38:33] [Server thread/INFO]: [WorldGuard] (world_the_end) Lava fire is PERMITTED.
[20:38:33] [Server thread/INFO]: [WorldGuard] (world_the_end) Fire spread is UNRESTRICTED.
[20:38:33] [Server thread/INFO]: [WorldGuard] Loaded configuration for world 'world_the_end'
[20:38:33] [Server thread/INFO]: [WorldGuard] Loading region data...
[20:38:33] [Server thread/INFO]: [CoreProtect] Enabling CoreProtect v2.18.2
[20:38:34] [Server thread/INFO]: [CoreProtect] CoreProtect has been successfully enabled!
[20:38:34] [Server thread/INFO]: [CoreProtect] Using SQLite for data storage.
[20:38:34] [Server thread/INFO]: --------------------
[20:38:34] [Server thread/INFO]: [CoreProtect] Enjoy CoreProtect? Check out CoreEdit!
[20:38:34] [Server thread/INFO]: [CoreProtect] Download: www.coreedit.net/download/
[20:38:34] [Server thread/INFO]: --------------------
[20:38:34] [Server thread/INFO]: [Shopkeepers] Enabling Shopkeepers v2.9.3
[20:38:34] [Server thread/INFO]: [Shopkeepers] Loading data of 4 shopkeepers..
[20:38:35] [Server thread/INFO]: [SuperVanish] Enabling SuperVanish v6.1.4
[20:38:35] [Server thread/INFO]: [GriefPrevention] Enabling GriefPrevention v16.13.0
[20:38:35] [Server thread/INFO]: [GriefPrevention] Finished loading configuration.
[20:38:35] [Server thread/INFO]: [GriefPrevention] 4 total claims loaded.
[20:38:36] [Server thread/INFO]: [GriefPrevention] Customizable messages loaded.
[20:38:36] [Server thread/INFO]: [GriefPrevention] Successfully hooked into WorldGuard.
[20:38:36] [Server thread/INFO]: [GriefPrevention] Finished loading data (File Mode).
[20:38:36] [Server thread/INFO]: [GriefPrevention] Boot finished.
[20:38:36] [Server thread/INFO]: [Plan] Enabling Plan v5.1 build 505
[20:38:36] [Server thread/INFO]: 
[20:38:36] [Server thread/INFO]:            ██▌
[20:38:36] [Server thread/INFO]:      ██▌   ██▌
[20:38:36] [Server thread/INFO]:   ██▌██▌██▌██▌  Player Analytics
[20:38:36] [Server thread/INFO]:   ██▌██▌██▌██▌  v5.1 build 505
[20:38:36] [Server thread/INFO]: 
[20:38:36] [Server thread/INFO]: [Plan] Locale: 'English' by Rsl1122
[20:38:36] [Server thread/INFO]: [Plan] You're using the latest version.
[20:38:37] [Server thread/INFO]: [Plan] MySQL-database connection established.
[20:38:37] [Server thread/WARN]: [Plan] WebServer was not initialized. (WebServer.DisableWebServer: true)
[20:38:37] [Plan Non critical-pool-2/INFO]: [Plan] Proxy server detected in the database - Proxy Webserver address is 'http://73.208.230.243:8804'.
[20:38:37] [Server thread/INFO]: [Plan] Registered extension: AdvancedBan
[20:38:37] [Server thread/INFO]: [Plan] Registered extension: GriefPrevention
[20:38:37] [Server thread/INFO]: [Plan] Registered extension: LuckPerms
[20:38:37] [Server thread/INFO]: [Plan] Player Analytics Enabled. (866 ms)
[20:38:37] [Server thread/INFO]: Done (8.491s)! For help, type "help"
[20:38:37] [Server thread/INFO]: Timings Reset
[20:38:37] [Server thread/INFO]: [CoreProtect] WorldEdit logging successfully initialized.
[20:38:37] [User Authenticator #1/INFO]: UUID of player cutepink2505 is c2506f69-3768-4c2d-b1c1-305b1685fe5f
[20:38:38] [User Authenticator #2/INFO]: UUID of player iamthecaleb is 7e42c253-a8cf-4539-9ca7-bd254194a923
[20:38:38] [User Authenticator #3/INFO]: UUID of player Ghastslayer is 0faf0ba9-7677-4b96-8ff4-1ce27858e250
[20:38:39] [Server thread/INFO]: cutepink2505 joined the game
[20:38:39] [Server thread/INFO]: cutepink2505[/10.0.1.86:44071] logged in with entity id 344 at ([world]746.5594183356252, 67.0, 620.8512664286249)
[20:38:39] [Server thread/INFO]: Ghastslayer joined the game
[20:38:39] [Server thread/INFO]: Ghastslayer[/76.16.163.92:42803] logged in with entity id 345 at ([world]781.7195986912639, 33.0, 623.4184726220392)
[20:38:39] [Server thread/INFO]: iamthecaleb joined the game
[20:38:39] [Server thread/INFO]: iamthecaleb[/24.14.242.238:57559] logged in with entity id 346 at ([world]478.55061544320574, 70.875, 739.9727579805644)
[20:38:50] [User Authenticator #3/INFO]: UUID of player Coco0422 is 60df2f25-9d0b-4b36-9ce1-af8c3ea9f0f1
[20:38:50] [Server thread/INFO]: Coco0422 joined the game
[20:38:50] [Server thread/INFO]: Coco0422[/98.32.158.72:41427] logged in with entity id 802 at ([world]747.0825317462939, 63.0, 615.8147794266894)
